[2026-01-27T20:37:44.083Z] Dev server process group stopped
[2026-01-27T20:37:44.099Z] ELIFECYCLE  Command failed.
[2026-01-27T20:37:44.106Z] Dev server exited with code -15
[2026-01-27T20:37:47.088Z] Starting dev server with command: pnpm run dev
[2026-01-27T20:37:47.381Z] ERR_PNPM_NO_SCRIPT  Missing script: dev
[2026-01-27T20:37:47.382Z] 
[2026-01-27T20:37:47.382Z] Command "dev" not found.
[2026-01-27T20:37:47.399Z] Dev server exited with code 1
[2026-01-27T20:38:58.362Z] Starting dev server with command: pnpm run dev
[2026-01-27T20:38:58.636Z] 
[2026-01-27T20:38:58.636Z] > senec-design@0.0.1 dev /home/ubuntu/senec-design
[2026-01-27T20:38:58.637Z] > astro dev --host
[2026-01-27T20:38:58.637Z] 
[2026-01-27T20:38:59.927Z] 15:38:59 [types] Generated 1ms
[2026-01-27T20:38:59.941Z] 15:38:59 [content] Syncing content
[2026-01-27T20:38:59.953Z] 15:38:59 [content] Synced content
[2026-01-27T20:38:59.962Z] 
[2026-01-27T20:38:59.962Z] astro  v5.16.15 ready in 399 ms
[2026-01-27T20:38:59.963Z] 
[2026-01-27T20:38:59.963Z] ┃ Local    http://localhost:3000/
[2026-01-27T20:38:59.963Z] ┃ Network  http://169.254.0.21:3000/
[2026-01-27T20:38:59.964Z] 
[2026-01-27T20:38:59.964Z] 15:38:59 watching for file changes...
[2026-01-27T20:39:01.357Z] 15:39:01 [ERROR] Cannot find module '@/components/ui/slider' imported from '/home/ubuntu/senec-design/src/components/SolarCalculator.tsx'
[2026-01-27T20:39:01.358Z] Stack trace:
[2026-01-27T20:39:01.358Z] at fetchModule (file:///home/ubuntu/senec-design/node_modules/.pnpm/vite@6.4.1_jiti@1.21.7_yaml@2.8.2/node_modules/vite/dist/node/chunks/dep-D4NMHUTW.js:46842:19)
[2026-01-27T20:39:01.358Z] at fetchModule (file:///home/ubuntu/senec-design/node_modules/.pnpm/vite@6.4.1_jiti@1.21.7_yaml@2.8.2/node_modules/vite/dist/node/chunks/dep-D4NMHUTW.js:47887:21)
[2026-01-27T20:39:01.365Z] at EventEmitter.listenerForInvokeHandler (file:///home/ubuntu/senec-design/node_modules/.pnpm/vite@6.4.1_jiti@1.21.7_yaml@2.8.2/node_modules/vite/dist/node/chunks/dep-D4NMHUTW.js:39075:25)
[2026-01-27T20:39:01.365Z] at Object.send (file:///home/ubuntu/senec-design/node_modules/.pnpm/vite@6.4.1_jiti@1.21.7_yaml@2.8.2/node_modules/vite/dist/node/chunks/dep-D4NMHUTW.js:25190:40)
[2026-01-27T20:39:01.366Z] at Object.invoke (file:///home/ubuntu/senec-design/node_modules/.pnpm/vite@6.4.1_jiti@1.21.7_yaml@2.8.2/node_modules/vite/dist/node/module-runner.js:682:34)
[2026-01-27T20:39:04.248Z] 15:39:04 [ERROR] Cannot find module '@/components/ui/slider' imported from '/home/ubuntu/senec-design/src/components/SolarCalculator.tsx'
[2026-01-27T20:39:04.249Z] Stack trace:
[2026-01-27T20:39:04.249Z] at fetchModule (file:///home/ubuntu/senec-design/node_modules/.pnpm/vite@6.4.1_jiti@1.21.7_yaml@2.8.2/node_modules/vite/dist/node/chunks/dep-D4NMHUTW.js:46842:19)
[2026-01-27T20:39:04.249Z] at fetchModule (file:///home/ubuntu/senec-design/node_modules/.pnpm/vite@6.4.1_jiti@1.21.7_yaml@2.8.2/node_modules/vite/dist/node/chunks/dep-D4NMHUTW.js:47887:21)
[2026-01-27T20:39:04.250Z] at EventEmitter.listenerForInvokeHandler (file:///home/ubuntu/senec-design/node_modules/.pnpm/vite@6.4.1_jiti@1.21.7_yaml@2.8.2/node_modules/vite/dist/node/chunks/dep-D4NMHUTW.js:39075:25)
[2026-01-27T20:39:04.250Z] at Object.send (file:///home/ubuntu/senec-design/node_modules/.pnpm/vite@6.4.1_jiti@1.21.7_yaml@2.8.2/node_modules/vite/dist/node/chunks/dep-D4NMHUTW.js:25190:40)
[2026-01-27T20:39:04.250Z] at Object.invoke (file:///home/ubuntu/senec-design/node_modules/.pnpm/vite@6.4.1_jiti@1.21.7_yaml@2.8.2/node_modules/vite/dist/node/module-runner.js:682:34)
[2026-01-27T20:39:05.475Z] 15:39:05 [ERROR] Cannot find module '@/components/ui/slider' imported from '/home/ubuntu/senec-design/src/components/SolarCalculator.tsx'
[2026-01-27T20:39:05.476Z] Stack trace:
[2026-01-27T20:39:05.476Z] at fetchModule (file:///home/ubuntu/senec-design/node_modules/.pnpm/vite@6.4.1_jiti@1.21.7_yaml@2.8.2/node_modules/vite/dist/node/chunks/dep-D4NMHUTW.js:46842:19)
[2026-01-27T20:39:05.477Z] [...] See full stack trace in the browser, or rerun with --verbose.
[2026-01-27T20:39:06.482Z] 15:39:06 [ERROR] Cannot find module '@/components/ui/slider' imported from '/home/ubuntu/senec-design/src/components/SolarCalculator.tsx'
[2026-01-27T20:39:06.483Z] Stack trace:
[2026-01-27T20:39:06.484Z] at fetchModule (file:///home/ubuntu/senec-design/node_modules/.pnpm/vite@6.4.1_jiti@1.21.7_yaml@2.8.2/node_modules/vite/dist/node/chunks/dep-D4NMHUTW.js:46842:19)
[2026-01-27T20:39:06.484Z] at fetchModule (file:///home/ubuntu/senec-design/node_modules/.pnpm/vite@6.4.1_jiti@1.21.7_yaml@2.8.2/node_modules/vite/dist/node/chunks/dep-D4NMHUTW.js:47887:21)
[2026-01-27T20:39:06.484Z] at EventEmitter.listenerForInvokeHandler (file:///home/ubuntu/senec-design/node_modules/.pnpm/vite@6.4.1_jiti@1.21.7_yaml@2.8.2/node_modules/vite/dist/node/chunks/dep-D4NMHUTW.js:39075:25)
[2026-01-27T20:39:06.484Z] at Object.send (file:///home/ubuntu/senec-design/node_modules/.pnpm/vite@6.4.1_jiti@1.21.7_yaml@2.8.2/node_modules/vite/dist/node/chunks/dep-D4NMHUTW.js:25190:40)
[2026-01-27T20:39:06.484Z] at Object.invoke (file:///home/ubuntu/senec-design/node_modules/.pnpm/vite@6.4.1_jiti@1.21.7_yaml@2.8.2/node_modules/vite/dist/node/module-runner.js:682:34)
[2026-01-27T20:39:07.466Z] 15:39:07 [ERROR] Cannot find module '@/components/ui/slider' imported from '/home/ubuntu/senec-design/src/components/SolarCalculator.tsx'
[2026-01-27T20:39:07.467Z] Stack trace:
[2026-01-27T20:39:07.467Z] at fetchModule (file:///home/ubuntu/senec-design/node_modules/.pnpm/vite@6.4.1_jiti@1.21.7_yaml@2.8.2/node_modules/vite/dist/node/chunks/dep-D4NMHUTW.js:46842:19)
[2026-01-27T20:39:07.468Z] [...] See full stack trace in the browser, or rerun with --verbose.
[2026-01-27T20:39:08.483Z] 15:39:08 [ERROR] Cannot find module '@/components/ui/slider' imported from '/home/ubuntu/senec-design/src/components/SolarCalculator.tsx'
[2026-01-27T20:39:08.484Z] Stack trace:
[2026-01-27T20:39:08.484Z] at fetchModule (file:///home/ubuntu/senec-design/node_modules/.pnpm/vite@6.4.1_jiti@1.21.7_yaml@2.8.2/node_modules/vite/dist/node/chunks/dep-D4NMHUTW.js:46842:19)
[2026-01-27T20:39:08.484Z] at fetchModule (file:///home/ubuntu/senec-design/node_modules/.pnpm/vite@6.4.1_jiti@1.21.7_yaml@2.8.2/node_modules/vite/dist/node/chunks/dep-D4NMHUTW.js:47887:21)
[2026-01-27T20:39:08.484Z] at EventEmitter.listenerForInvokeHandler (file:///home/ubuntu/senec-design/node_modules/.pnpm/vite@6.4.1_jiti@1.21.7_yaml@2.8.2/node_modules/vite/dist/node/chunks/dep-D4NMHUTW.js:39075:25)
[2026-01-27T20:39:08.484Z] at Object.send (file:///home/ubuntu/senec-design/node_modules/.pnpm/vite@6.4.1_jiti@1.21.7_yaml@2.8.2/node_modules/vite/dist/node/chunks/dep-D4NMHUTW.js:25190:40)
[2026-01-27T20:39:08.485Z] at Object.invoke (file:///home/ubuntu/senec-design/node_modules/.pnpm/vite@6.4.1_jiti@1.21.7_yaml@2.8.2/node_modules/vite/dist/node/module-runner.js:682:34)
[2026-01-27T20:39:09.473Z] 15:39:09 [ERROR] Cannot find module '@/components/ui/slider' imported from '/home/ubuntu/senec-design/src/components/SolarCalculator.tsx'
[2026-01-27T20:39:09.474Z] Stack trace:
[2026-01-27T20:39:09.474Z] at fetchModule (file:///home/ubuntu/senec-design/node_modules/.pnpm/vite@6.4.1_jiti@1.21.7_yaml@2.8.2/node_modules/vite/dist/node/chunks/dep-D4NMHUTW.js:46842:19)
[2026-01-27T20:39:09.474Z] [...] See full stack trace in the browser, or rerun with --verbose.
[2026-01-27T20:39:10.466Z] 15:39:10 [ERROR] Cannot find module '@/components/ui/slider' imported from '/home/ubuntu/senec-design/src/components/SolarCalculator.tsx'
[2026-01-27T20:39:10.467Z] Stack trace:
[2026-01-27T20:39:10.467Z] at fetchModule (file:///home/ubuntu/senec-design/node_modules/.pnpm/vite@6.4.1_jiti@1.21.7_yaml@2.8.2/node_modules/vite/dist/node/chunks/dep-D4NMHUTW.js:46842:19)
[2026-01-27T20:39:10.467Z] at fetchModule (file:///home/ubuntu/senec-design/node_modules/.pnpm/vite@6.4.1_jiti@1.21.7_yaml@2.8.2/node_modules/vite/dist/node/chunks/dep-D4NMHUTW.js:47887:21)
[2026-01-27T20:39:10.468Z] at EventEmitter.listenerForInvokeHandler (file:///home/ubuntu/senec-design/node_modules/.pnpm/vite@6.4.1_jiti@1.21.7_yaml@2.8.2/node_modules/vite/dist/node/chunks/dep-D4NMHUTW.js:39075:25)
[2026-01-27T20:39:10.468Z] at Object.send (file:///home/ubuntu/senec-design/node_modules/.pnpm/vite@6.4.1_jiti@1.21.7_yaml@2.8.2/node_modules/vite/dist/node/chunks/dep-D4NMHUTW.js:25190:40)
[2026-01-27T20:39:10.468Z] at Object.invoke (file:///home/ubuntu/senec-design/node_modules/.pnpm/vite@6.4.1_jiti@1.21.7_yaml@2.8.2/node_modules/vite/dist/node/module-runner.js:682:34)
[2026-01-27T20:39:11.465Z] 15:39:11 [ERROR] Cannot find module '@/components/ui/slider' imported from '/home/ubuntu/senec-design/src/components/SolarCalculator.tsx'
[2026-01-27T20:39:11.466Z] Stack trace:
[2026-01-27T20:39:11.466Z] at fetchModule (file:///home/ubuntu/senec-design/node_modules/.pnpm/vite@6.4.1_jiti@1.21.7_yaml@2.8.2/node_modules/vite/dist/node/chunks/dep-D4NMHUTW.js:46842:19)
[2026-01-27T20:39:11.467Z] [...] See full stack trace in the browser, or rerun with --verbose.
[2026-01-27T20:39:12.463Z] 15:39:12 [ERROR] Cannot find module '@/components/ui/slider' imported from '/home/ubuntu/senec-design/src/components/SolarCalculator.tsx'
[2026-01-27T20:39:12.464Z] Stack trace:
[2026-01-27T20:39:12.464Z] at fetchModule (file:///home/ubuntu/senec-design/node_modules/.pnpm/vite@6.4.1_jiti@1.21.7_yaml@2.8.2/node_modules/vite/dist/node/chunks/dep-D4NMHUTW.js:46842:19)
[2026-01-27T20:39:12.465Z] at fetchModule (file:///home/ubuntu/senec-design/node_modules/.pnpm/vite@6.4.1_jiti@1.21.7_yaml@2.8.2/node_modules/vite/dist/node/chunks/dep-D4NMHUTW.js:47887:21)
[2026-01-27T20:39:12.465Z] at EventEmitter.listenerForInvokeHandler (file:///home/ubuntu/senec-design/node_modules/.pnpm/vite@6.4.1_jiti@1.21.7_yaml@2.8.2/node_modules/vite/dist/node/chunks/dep-D4NMHUTW.js:39075:25)
[2026-01-27T20:39:12.465Z] at Object.send (file:///home/ubuntu/senec-design/node_modules/.pnpm/vite@6.4.1_jiti@1.21.7_yaml@2.8.2/node_modules/vite/dist/node/chunks/dep-D4NMHUTW.js:25190:40)
[2026-01-27T20:39:12.465Z] at Object.invoke (file:///home/ubuntu/senec-design/node_modules/.pnpm/vite@6.4.1_jiti@1.21.7_yaml@2.8.2/node_modules/vite/dist/node/module-runner.js:682:34)
[2026-01-27T20:39:13.466Z] 15:39:13 [ERROR] Cannot find module '@/components/ui/slider' imported from '/home/ubuntu/senec-design/src/components/SolarCalculator.tsx'
[2026-01-27T20:39:13.467Z] Stack trace:
[2026-01-27T20:39:13.467Z] at fetchModule (file:///home/ubuntu/senec-design/node_modules/.pnpm/vite@6.4.1_jiti@1.21.7_yaml@2.8.2/node_modules/vite/dist/node/chunks/dep-D4NMHUTW.js:46842:19)
[2026-01-27T20:39:13.467Z] [...] See full stack trace in the browser, or rerun with --verbose.
[2026-01-27T20:39:14.460Z] 15:39:14 [ERROR] Cannot find module '@/components/ui/slider' imported from '/home/ubuntu/senec-design/src/components/SolarCalculator.tsx'
[2026-01-27T20:39:14.461Z] Stack trace:
[2026-01-27T20:39:14.461Z] at fetchModule (file:///home/ubuntu/senec-design/node_modules/.pnpm/vite@6.4.1_jiti@1.21.7_yaml@2.8.2/node_modules/vite/dist/node/chunks/dep-D4NMHUTW.js:46842:19)
[2026-01-27T20:39:14.462Z] at fetchModule (file:///home/ubuntu/senec-design/node_modules/.pnpm/vite@6.4.1_jiti@1.21.7_yaml@2.8.2/node_modules/vite/dist/node/chunks/dep-D4NMHUTW.js:47887:21)
[2026-01-27T20:39:14.462Z] at EventEmitter.listenerForInvokeHandler (file:///home/ubuntu/senec-design/node_modules/.pnpm/vite@6.4.1_jiti@1.21.7_yaml@2.8.2/node_modules/vite/dist/node/chunks/dep-D4NMHUTW.js:39075:25)
[2026-01-27T20:39:14.462Z] at Object.send (file:///home/ubuntu/senec-design/node_modules/.pnpm/vite@6.4.1_jiti@1.21.7_yaml@2.8.2/node_modules/vite/dist/node/chunks/dep-D4NMHUTW.js:25190:40)
[2026-01-27T20:39:14.462Z] at Object.invoke (file:///home/ubuntu/senec-design/node_modules/.pnpm/vite@6.4.1_jiti@1.21.7_yaml@2.8.2/node_modules/vite/dist/node/module-runner.js:682:34)
[2026-01-27T20:39:14.685Z] 15:39:14 [vite] changed tsconfig file detected: /home/ubuntu/senec-design/tsconfig.json - Clearing cache and forcing full-reload to ensure TypeScript is compiled with updated config values.
[2026-01-27T20:39:15.356Z] 15:39:15 [ERROR] Cannot find module '@/components/ui/slider' imported from '/home/ubuntu/senec-design/src/components/SolarCalculator.tsx'
[2026-01-27T20:39:15.357Z] Stack trace:
[2026-01-27T20:39:15.357Z] at fetchModule (file:///home/ubuntu/senec-design/node_modules/.pnpm/vite@6.4.1_jiti@1.21.7_yaml@2.8.2/node_modules/vite/dist/node/chunks/dep-D4NMHUTW.js:46842:19)
[2026-01-27T20:39:15.358Z] [...] See full stack trace in the browser, or rerun with --verbose.
[2026-01-27T20:39:17.168Z] 15:39:17 [ERROR] Cannot find module '@/components/ui/slider' imported from '/home/ubuntu/senec-design/src/components/SolarCalculator.tsx'
[2026-01-27T20:39:17.168Z] Stack trace:
[2026-01-27T20:39:17.169Z] at fetchModule (file:///home/ubuntu/senec-design/node_modules/.pnpm/vite@6.4.1_jiti@1.21.7_yaml@2.8.2/node_modules/vite/dist/node/chunks/dep-D4NMHUTW.js:46842:19)
[2026-01-27T20:39:17.169Z] at fetchModule (file:///home/ubuntu/senec-design/node_modules/.pnpm/vite@6.4.1_jiti@1.21.7_yaml@2.8.2/node_modules/vite/dist/node/chunks/dep-D4NMHUTW.js:47887:21)
[2026-01-27T20:39:17.169Z] at EventEmitter.listenerForInvokeHandler (file:///home/ubuntu/senec-design/node_modules/.pnpm/vite@6.4.1_jiti@1.21.7_yaml@2.8.2/node_modules/vite/dist/node/chunks/dep-D4NMHUTW.js:39075:25)
[2026-01-27T20:39:17.170Z] at Object.send (file:///home/ubuntu/senec-design/node_modules/.pnpm/vite@6.4.1_jiti@1.21.7_yaml@2.8.2/node_modules/vite/dist/node/chunks/dep-D4NMHUTW.js:25190:40)
[2026-01-27T20:39:17.170Z] at Object.invoke (file:///home/ubuntu/senec-design/node_modules/.pnpm/vite@6.4.1_jiti@1.21.7_yaml@2.8.2/node_modules/vite/dist/node/module-runner.js:682:34)
[2026-01-27T20:39:17.707Z] 15:39:17 [ERROR] Cannot find module '@/components/ui/slider' imported from '/home/ubuntu/senec-design/src/components/SolarCalculator.tsx'
[2026-01-27T20:39:17.708Z] Stack trace:
[2026-01-27T20:39:17.709Z] at fetchModule (file:///home/ubuntu/senec-design/node_modules/.pnpm/vite@6.4.1_jiti@1.21.7_yaml@2.8.2/node_modules/vite/dist/node/chunks/dep-D4NMHUTW.js:46842:19)
[2026-01-27T20:39:17.709Z] [...] See full stack trace in the browser, or rerun with --verbose.
[2026-01-27T20:39:19.165Z] 15:39:19 [ERROR] Cannot find module '@/components/ui/slider' imported from '/home/ubuntu/senec-design/src/components/SolarCalculator.tsx'
[2026-01-27T20:39:19.166Z] Stack trace:
[2026-01-27T20:39:19.166Z] at fetchModule (file:///home/ubuntu/senec-design/node_modules/.pnpm/vite@6.4.1_jiti@1.21.7_yaml@2.8.2/node_modules/vite/dist/node/chunks/dep-D4NMHUTW.js:46842:19)
[2026-01-27T20:39:19.167Z] at fetchModule (file:///home/ubuntu/senec-design/node_modules/.pnpm/vite@6.4.1_jiti@1.21.7_yaml@2.8.2/node_modules/vite/dist/node/chunks/dep-D4NMHUTW.js:47887:21)
[2026-01-27T20:39:19.167Z] at EventEmitter.listenerForInvokeHandler (file:///home/ubuntu/senec-design/node_modules/.pnpm/vite@6.4.1_jiti@1.21.7_yaml@2.8.2/node_modules/vite/dist/node/chunks/dep-D4NMHUTW.js:39075:25)
[2026-01-27T20:39:19.167Z] at Object.send (file:///home/ubuntu/senec-design/node_modules/.pnpm/vite@6.4.1_jiti@1.21.7_yaml@2.8.2/node_modules/vite/dist/node/chunks/dep-D4NMHUTW.js:25190:40)
[2026-01-27T20:39:19.167Z] at Object.invoke (file:///home/ubuntu/senec-design/node_modules/.pnpm/vite@6.4.1_jiti@1.21.7_yaml@2.8.2/node_modules/vite/dist/node/module-runner.js:682:34)
[2026-01-27T20:39:20.031Z] 15:39:20 [ERROR] Cannot find module '@/components/ui/slider' imported from '/home/ubuntu/senec-design/src/components/SolarCalculator.tsx'
[2026-01-27T20:39:20.032Z] Stack trace:
[2026-01-27T20:39:20.032Z] at fetchModule (file:///home/ubuntu/senec-design/node_modules/.pnpm/vite@6.4.1_jiti@1.21.7_yaml@2.8.2/node_modules/vite/dist/node/chunks/dep-D4NMHUTW.js:46842:19)
[2026-01-27T20:39:20.033Z] [...] See full stack trace in the browser, or rerun with --verbose.
[2026-01-27T20:39:22.203Z] 15:39:22 [ERROR] Cannot find module '@/components/ui/slider' imported from '/home/ubuntu/senec-design/src/components/SolarCalculator.tsx'
[2026-01-27T20:39:22.204Z] Stack trace:
[2026-01-27T20:39:22.205Z] at fetchModule (file:///home/ubuntu/senec-design/node_modules/.pnpm/vite@6.4.1_jiti@1.21.7_yaml@2.8.2/node_modules/vite/dist/node/chunks/dep-D4NMHUTW.js:46842:19)
[2026-01-27T20:39:22.206Z] at fetchModule (file:///home/ubuntu/senec-design/node_modules/.pnpm/vite@6.4.1_jiti@1.21.7_yaml@2.8.2/node_modules/vite/dist/node/chunks/dep-D4NMHUTW.js:47887:21)
[2026-01-27T20:39:22.206Z] at EventEmitter.listenerForInvokeHandler (file:///home/ubuntu/senec-design/node_modules/.pnpm/vite@6.4.1_jiti@1.21.7_yaml@2.8.2/node_modules/vite/dist/node/chunks/dep-D4NMHUTW.js:39075:25)
[2026-01-27T20:39:22.207Z] at Object.send (file:///home/ubuntu/senec-design/node_modules/.pnpm/vite@6.4.1_jiti@1.21.7_yaml@2.8.2/node_modules/vite/dist/node/chunks/dep-D4NMHUTW.js:25190:40)
[2026-01-27T20:39:22.207Z] at Object.invoke (file:///home/ubuntu/senec-design/node_modules/.pnpm/vite@6.4.1_jiti@1.21.7_yaml@2.8.2/node_modules/vite/dist/node/module-runner.js:682:34)
[2026-01-27T20:39:23.200Z] 15:39:23 [ERROR] Cannot find module '@/components/ui/slider' imported from '/home/ubuntu/senec-design/src/components/SolarCalculator.tsx'
[2026-01-27T20:39:23.201Z] Stack trace:
[2026-01-27T20:39:23.202Z] at fetchModule (file:///home/ubuntu/senec-design/node_modules/.pnpm/vite@6.4.1_jiti@1.21.7_yaml@2.8.2/node_modules/vite/dist/node/chunks/dep-D4NMHUTW.js:46842:19)
[2026-01-27T20:39:23.202Z] [...] See full stack trace in the browser, or rerun with --verbose.
[2026-01-27T20:39:23.917Z] 15:39:23 [ERROR] Cannot find module '@/components/ui/slider' imported from '/home/ubuntu/senec-design/src/components/SolarCalculator.tsx'
[2026-01-27T20:39:23.918Z] Stack trace:
[2026-01-27T20:39:23.919Z] at fetchModule (file:///home/ubuntu/senec-design/node_modules/.pnpm/vite@6.4.1_jiti@1.21.7_yaml@2.8.2/node_modules/vite/dist/node/chunks/dep-D4NMHUTW.js:46842:19)
[2026-01-27T20:39:23.919Z] at fetchModule (file:///home/ubuntu/senec-design/node_modules/.pnpm/vite@6.4.1_jiti@1.21.7_yaml@2.8.2/node_modules/vite/dist/node/chunks/dep-D4NMHUTW.js:47887:21)
[2026-01-27T20:39:23.919Z] at EventEmitter.listenerForInvokeHandler (file:///home/ubuntu/senec-design/node_modules/.pnpm/vite@6.4.1_jiti@1.21.7_yaml@2.8.2/node_modules/vite/dist/node/chunks/dep-D4NMHUTW.js:39075:25)
[2026-01-27T20:39:23.920Z] at Object.send (file:///home/ubuntu/senec-design/node_modules/.pnpm/vite@6.4.1_jiti@1.21.7_yaml@2.8.2/node_modules/vite/dist/node/chunks/dep-D4NMHUTW.js:25190:40)
[2026-01-27T20:39:23.920Z] at Object.invoke (file:///home/ubuntu/senec-design/node_modules/.pnpm/vite@6.4.1_jiti@1.21.7_yaml@2.8.2/node_modules/vite/dist/node/module-runner.js:682:34)
[2026-01-27T20:39:25.166Z] 15:39:25 [ERROR] Cannot find module '@/components/ui/slider' imported from '/home/ubuntu/senec-design/src/components/SolarCalculator.tsx'
[2026-01-27T20:39:25.167Z] Stack trace:
[2026-01-27T20:39:25.167Z] at fetchModule (file:///home/ubuntu/senec-design/node_modules/.pnpm/vite@6.4.1_jiti@1.21.7_yaml@2.8.2/node_modules/vite/dist/node/chunks/dep-D4NMHUTW.js:46842:19)
[2026-01-27T20:39:25.170Z] [...] See full stack trace in the browser, or rerun with --verbose.
[2026-01-27T20:39:25.171Z] Dev server process group stopped
[2026-01-27T20:39:25.188Z] ELIFECYCLE  Command failed.
[2026-01-27T20:39:25.202Z] Dev server exited with code -15
[2026-01-27T20:39:28.176Z] Starting dev server with command: pnpm run dev
[2026-01-27T20:39:28.464Z] 
[2026-01-27T20:39:28.465Z] > senec-design@0.0.1 dev /home/ubuntu/senec-design
[2026-01-27T20:39:28.466Z] > astro dev --host
[2026-01-27T20:39:28.466Z] 
[2026-01-27T20:39:30.017Z] 15:39:30 [types] Generated 0ms
[2026-01-27T20:39:30.030Z] 15:39:30 [content] Syncing content
[2026-01-27T20:39:30.044Z] 15:39:30 [content] Synced content
[2026-01-27T20:39:30.051Z] 15:39:30 [vite] Re-optimizing dependencies because vite config has changed
[2026-01-27T20:39:30.068Z] 
[2026-01-27T20:39:30.068Z] astro  v5.16.15 ready in 541 ms
[2026-01-27T20:39:30.069Z] 
[2026-01-27T20:39:30.069Z] ┃ Local    http://localhost:3000/
[2026-01-27T20:39:30.069Z] ┃ Network  http://169.254.0.21:3000/
[2026-01-27T20:39:30.070Z] 
[2026-01-27T20:39:30.070Z] 15:39:30 watching for file changes...
[2026-01-27T20:39:31.881Z] 15:39:31 [200] HEAD / 212ms
[2026-01-27T20:39:31.883Z] 15:39:31 [200] / 214ms
[2026-01-27T20:39:31.884Z] 15:39:31 [200] / 215ms
[2026-01-27T20:39:32.181Z] 15:39:32 [404] /favicon.svg 2ms
[2026-01-27T20:39:34.746Z] 15:39:34 [200] / 18ms
[2026-01-27T20:39:37.456Z] 15:39:37 [200] / 15ms
[2026-01-27T20:39:40.060Z] 15:39:40 [200] / 15ms
[2026-01-27T20:39:43.995Z] 15:39:43 [200] / 14ms
[2026-01-27T20:39:46.582Z] 15:39:46 [200] / 18ms
[2026-01-27T20:39:46.604Z] 15:39:46 [200] /solarmanager 5ms
[2026-01-27T20:39:47.009Z] 15:39:47 [404] /favicon.svg 2ms
[2026-01-27T20:39:49.152Z] 15:39:49 [200] / 16ms
[2026-01-27T20:39:51.735Z] 15:39:51 [200] / 15ms
[2026-01-27T20:39:54.370Z] 15:39:54 [200] / 12ms
[2026-01-27T20:40:27.051Z] 15:40:27 [200] / 13ms
[2026-01-27T20:40:29.627Z] 15:40:29 [200] / 13ms
[2026-01-27T20:40:32.205Z] 15:40:32 [200] / 15ms
[2026-01-27T20:40:34.853Z] 15:40:34 [200] / 16ms
[2026-01-27T20:40:37.436Z] 15:40:37 [200] / 14ms
[2026-01-27T20:40:40.020Z] 15:40:40 [200] / 14ms
[2026-01-27T20:40:42.715Z] 15:40:42 [200] / 13ms
[2026-01-27T20:40:45.321Z] 15:40:45 [200] / 15ms
[2026-01-27T20:40:47.905Z] 15:40:47 [200] / 14ms
[2026-01-27T20:40:51.825Z] 15:40:51 [WARN] Missing pages directory: src/pages
[2026-01-27T20:40:51.826Z] 15:40:51 [WARN] Missing pages directory: src/pages
[2026-01-27T20:40:51.827Z] 15:40:51 [WARN] Missing pages directory: src/pages
[2026-01-27T20:40:51.827Z] 15:40:51 [WARN] Missing pages directory: src/pages
[2026-01-27T20:40:51.828Z] 15:40:51 [WARN] Missing pages directory: src/pages
[2026-01-27T20:40:51.828Z] 15:40:51 [WARN] Missing pages directory: src/pages
[2026-01-27T20:40:51.829Z] 15:40:51 [WARN] Missing pages directory: src/pages
[2026-01-27T20:40:51.906Z] 15:40:51 [WARN] Missing pages directory: src/pages
[2026-01-27T20:40:51.907Z] 15:40:51 [WARN] Missing pages directory: src/pages
[2026-01-27T20:40:51.907Z] 15:40:51 [WARN] Missing pages directory: src/pages
[2026-01-27T20:40:51.907Z] 15:40:51 [WARN] Missing pages directory: src/pages
[2026-01-27T20:40:51.907Z] 15:40:51 [WARN] Missing pages directory: src/pages
[2026-01-27T20:40:51.907Z] 15:40:51 [WARN] Missing pages directory: src/pages
[2026-01-27T20:40:51.907Z] 15:40:51 [WARN] Missing pages directory: src/pages
[2026-01-27T20:40:51.908Z] 15:40:51 [WARN] Missing pages directory: src/pages
[2026-01-27T20:40:51.908Z] 15:40:51 [WARN] Missing pages directory: src/pages
[2026-01-27T20:40:51.908Z] 15:40:51 [WARN] Missing pages directory: src/pages
[2026-01-27T20:40:51.908Z] 15:40:51 [WARN] Missing pages directory: src/pages
[2026-01-27T20:40:51.908Z] 15:40:51 [WARN] Missing pages directory: src/pages
[2026-01-27T20:40:51.908Z] 15:40:51 [WARN] Missing pages directory: src/pages
[2026-01-27T20:40:51.908Z] 15:40:51 [WARN] Missing pages directory: src/pages
[2026-01-27T20:40:51.908Z] 15:40:51 [WARN] Missing pages directory: src/pages
[2026-01-27T20:40:51.909Z] 15:40:51 [WARN] Missing pages directory: src/pages
[2026-01-27T20:40:51.909Z] 15:40:51 [WARN] Missing pages directory: src/pages
[2026-01-27T20:40:51.909Z] 15:40:51 [WARN] Missing pages directory: src/pages
[2026-01-27T20:40:51.909Z] 15:40:51 [WARN] Missing pages directory: src/pages
[2026-01-27T20:40:51.909Z] 15:40:51 [WARN] Missing pages directory: src/pages
[2026-01-27T20:40:51.909Z] 15:40:51 [WARN] Missing pages directory: src/pages
[2026-01-27T20:40:51.910Z] 15:40:51 [WARN] Missing pages directory: src/pages
[2026-01-27T20:40:51.910Z] 15:40:51 [WARN] Missing pages directory: src/pages
[2026-01-27T20:40:51.910Z] 15:40:51 [WARN] Missing pages directory: src/pages
[2026-01-27T20:40:51.910Z] 15:40:51 [WARN] Missing pages directory: src/pages
[2026-01-27T20:40:51.910Z] 15:40:51 [WARN] Missing pages directory: src/pages
[2026-01-27T20:40:51.910Z] 15:40:51 [WARN] Missing pages directory: src/pages
[2026-01-27T20:40:51.910Z] 15:40:51 [WARN] Missing pages directory: src/pages
[2026-01-27T20:40:51.910Z] 15:40:51 [WARN] Missing pages directory: src/pages
[2026-01-27T20:40:51.911Z] 15:40:51 [WARN] Missing pages directory: src/pages
[2026-01-27T20:40:51.911Z] 15:40:51 [WARN] Missing pages directory: src/pages
[2026-01-27T20:40:51.911Z] 15:40:51 [WARN] Missing pages directory: src/pages
[2026-01-27T20:40:51.911Z] 15:40:51 [WARN] Missing pages directory: src/pages
[2026-01-27T20:40:51.911Z] 15:40:51 [WARN] Missing pages directory: src/pages
[2026-01-27T20:40:51.911Z] 15:40:51 [WARN] Missing pages directory: src/pages
[2026-01-27T20:40:51.911Z] 15:40:51 [WARN] Missing pages directory: src/pages
[2026-01-27T20:40:51.912Z] 15:40:51 [WARN] Missing pages directory: src/pages
[2026-01-27T20:40:51.912Z] 15:40:51 [WARN] Missing pages directory: src/pages
[2026-01-27T20:40:51.912Z] 15:40:51 [WARN] Missing pages directory: src/pages
[2026-01-27T20:40:51.912Z] 15:40:51 [WARN] Missing pages directory: src/pages
[2026-01-27T20:40:51.912Z] 15:40:51 [WARN] Missing pages directory: src/pages
[2026-01-27T20:40:51.912Z] 15:40:51 [WARN] Missing pages directory: src/pages
[2026-01-27T20:40:51.912Z] 15:40:51 [WARN] Missing pages directory: src/pages
[2026-01-27T20:40:51.912Z] 15:40:51 [WARN] Missing pages directory: src/pages
[2026-01-27T20:40:51.912Z] 15:40:51 [WARN] Missing pages directory: src/pages
[2026-01-27T20:40:51.913Z] 15:40:51 [WARN] Missing pages directory: src/pages
[2026-01-27T20:40:51.913Z] 15:40:51 [WARN] Missing pages directory: src/pages
[2026-01-27T20:40:51.913Z] 15:40:51 [WARN] Missing pages directory: src/pages
[2026-01-27T20:40:51.913Z] 15:40:51 [WARN] Missing pages directory: src/pages
[2026-01-27T20:40:51.913Z] 15:40:51 [WARN] Missing pages directory: src/pages
[2026-01-27T20:40:51.913Z] 15:40:51 [WARN] Missing pages directory: src/pages
[2026-01-27T20:40:51.913Z] 15:40:51 [WARN] Missing pages directory: src/pages
[2026-01-27T20:40:51.913Z] 15:40:51 [WARN] Missing pages directory: src/pages
[2026-01-27T20:40:51.913Z] 15:40:51 [WARN] Missing pages directory: src/pages
[2026-01-27T20:40:51.914Z] 15:40:51 [WARN] Missing pages directory: src/pages
[2026-01-27T20:40:51.914Z] 15:40:51 [WARN] Missing pages directory: src/pages
[2026-01-27T20:40:51.914Z] 15:40:51 [WARN] Missing pages directory: src/pages
[2026-01-27T20:40:51.914Z] 15:40:51 [WARN] Missing pages directory: src/pages
[2026-01-27T20:40:51.914Z] 15:40:51 [WARN] Missing pages directory: src/pages
[2026-01-27T20:40:51.915Z] 15:40:51 [WARN] Missing pages directory: src/pages
[2026-01-27T20:40:51.916Z] 15:40:51 [WARN] Missing pages directory: src/pages
[2026-01-27T20:40:51.916Z] 15:40:51 [WARN] Missing pages directory: src/pages
[2026-01-27T20:40:51.917Z] 15:40:51 [WARN] Missing pages directory: src/pages
[2026-01-27T20:40:51.917Z] 15:40:51 [WARN] Missing pages directory: src/pages
[2026-01-27T20:40:51.917Z] 15:40:51 [WARN] Missing pages directory: src/pages
[2026-01-27T20:40:51.917Z] 15:40:51 [WARN] Missing pages directory: src/pages
[2026-01-27T20:40:51.917Z] 15:40:51 [WARN] Missing pages directory: src/pages
[2026-01-27T20:40:51.918Z] 15:40:51 [WARN] Missing pages directory: src/pages
[2026-01-27T20:40:51.918Z] 15:40:51 [WARN] Missing pages directory: src/pages
[2026-01-27T20:40:51.918Z] 15:40:51 [WARN] Missing pages directory: src/pages
[2026-01-27T20:40:51.918Z] 15:40:51 [WARN] Missing pages directory: src/pages
[2026-01-27T20:40:51.918Z] 15:40:51 [WARN] Missing pages directory: src/pages
[2026-01-27T20:40:51.919Z] 15:40:51 [WARN] Missing pages directory: src/pages
[2026-01-27T20:40:51.919Z] 15:40:51 [WARN] Missing pages directory: src/pages
[2026-01-27T20:40:51.919Z] 15:40:51 [WARN] Missing pages directory: src/pages
[2026-01-27T20:40:51.920Z] 15:40:51 [WARN] Missing pages directory: src/pages
[2026-01-27T20:40:51.920Z] 15:40:51 [WARN] Missing pages directory: src/pages
[2026-01-27T20:40:51.920Z] 15:40:51 [WARN] Missing pages directory: src/pages
[2026-01-27T20:40:51.920Z] 15:40:51 [WARN] Missing pages directory: src/pages
[2026-01-27T20:40:51.921Z] 15:40:51 [WARN] Missing pages directory: src/pages
[2026-01-27T20:40:51.921Z] 15:40:51 [WARN] Missing pages directory: src/pages
[2026-01-27T20:40:51.921Z] 15:40:51 [WARN] Missing pages directory: src/pages
[2026-01-27T20:40:51.921Z] 15:40:51 [WARN] Missing pages directory: src/pages
[2026-01-27T20:40:51.921Z] 15:40:51 [WARN] Missing pages directory: src/pages
[2026-01-27T20:40:51.921Z] 15:40:51 [WARN] Missing pages directory: src/pages
[2026-01-27T20:40:51.921Z] 15:40:51 [WARN] Missing pages directory: src/pages
[2026-01-27T20:40:51.921Z] 15:40:51 [WARN] Missing pages directory: src/pages
[2026-01-27T20:40:51.922Z] 15:40:51 [WARN] Missing pages directory: src/pages
[2026-01-27T20:40:51.922Z] 15:40:51 [WARN] Missing pages directory: src/pages
[2026-01-27T20:40:51.922Z] 15:40:51 [WARN] Missing pages directory: src/pages
[2026-01-27T20:40:51.922Z] 15:40:51 [WARN] Missing pages directory: src/pages
[2026-01-27T20:40:51.922Z] 15:40:51 [watch] client/index.html
[2026-01-27T20:40:53.337Z] 15:40:53 [vite] changed tsconfig file detected: /home/ubuntu/senec-design/tsconfig.json - Clearing cache and forcing full-reload to ensure TypeScript is compiled with updated config values.
[2026-01-27T21:02:16.576Z] Starting dev server with command: pnpm run dev
[2026-01-27T21:02:16.861Z] 
[2026-01-27T21:02:16.862Z] > senec-design@0.0.1 dev /home/ubuntu/senec-design
[2026-01-27T21:02:16.862Z] > astro dev --host
[2026-01-27T21:02:16.862Z] 
[2026-01-27T21:02:18.137Z] 16:02:18 [types] Generated 0ms
[2026-01-27T21:02:18.149Z] 16:02:18 [content] Syncing content
[2026-01-27T21:02:18.164Z] 16:02:18 [content] Synced content
[2026-01-27T21:02:18.173Z] 16:02:18 [vite] Re-optimizing dependencies because vite config has changed
[2026-01-27T21:02:18.199Z] 
[2026-01-27T21:02:18.200Z] astro  v5.16.15 ready in 375 ms
[2026-01-27T21:02:18.200Z] 
[2026-01-27T21:02:18.201Z] ┃ Local    http://localhost:3000/
[2026-01-27T21:02:18.201Z] ┃ Network  http://169.254.0.21:3000/
[2026-01-27T21:02:18.202Z] 
[2026-01-27T21:02:18.202Z] 16:02:18 watching for file changes...
[2026-01-27T21:02:20.762Z] 16:02:20 [200] / 225ms
[2026-01-27T21:02:25.041Z] 16:02:25 [200] /solarmanager 6ms
[2026-01-27T21:02:26.210Z] 16:02:26 [200] / 15ms
[2026-01-27T21:03:17.109Z] 16:03:17 [200] / 15ms
[2026-01-27T21:03:47.859Z] 16:03:47 [200] / 33ms
[2026-01-27T21:03:50.253Z] 16:03:50 [200] / 30ms
[2026-01-27T21:04:40.237Z] 16:04:40 [watch] src/components/Header.astro
[2026-01-27T21:04:40.237Z] 16:04:40 [watch] src/components/Header.astro
[2026-01-27T21:04:40.820Z] 16:04:40 [200] / 73ms
[2026-01-27T21:04:41.170Z] 16:04:41 [200] / 30ms
[2026-01-27T21:04:41.338Z] 16:04:41 [200] / 26ms
[2026-01-27T21:04:41.500Z] 16:04:41 [200] / 24ms
[2026-01-27T21:04:45.185Z] 16:04:45 [200] / 26ms
[2026-01-27T21:04:47.857Z] 16:04:47 [200] / 27ms
[2026-01-27T21:04:50.435Z] 16:04:50 [200] / 26ms
[2026-01-27T21:04:53.035Z] 16:04:53 [200] / 24ms
[2026-01-27T21:04:55.624Z] 16:04:55 [200] / 27ms
[2026-01-27T21:04:58.209Z] 16:04:58 [200] / 26ms
[2026-01-27T21:05:00.784Z] 16:05:00 [200] / 25ms
[2026-01-27T21:05:03.382Z] 16:05:03 [200] / 25ms
[2026-01-27T21:05:05.958Z] 16:05:05 [200] / 28ms
[2026-01-27T21:05:08.562Z] 16:05:08 [200] / 30ms
[2026-01-27T21:05:11.145Z] 16:05:11 [200] / 27ms
[2026-01-27T21:05:13.232Z] 16:05:13 [watch] src/components/Footer.astro
[2026-01-27T21:05:13.233Z] 16:05:13 [watch] src/components/Footer.astro
[2026-01-27T21:05:13.744Z] 16:05:13 [200] / 61ms
[2026-01-27T21:05:13.777Z] 16:05:13 [200] / 29ms
[2026-01-27T21:05:14.159Z] 16:05:14 [200] / 24ms
[2026-01-27T21:05:14.326Z] 16:05:14 [200] / 25ms
[2026-01-27T21:05:14.490Z] 16:05:14 [200] / 25ms
[2026-01-27T21:05:16.524Z] 16:05:16 [200] / 29ms
[2026-01-27T21:05:19.143Z] 16:05:19 [200] / 29ms
[2026-01-27T21:05:23.039Z] 16:05:23 [200] / 25ms
[2026-01-27T21:05:25.628Z] 16:05:25 [200] / 27ms
[2026-01-27T21:05:28.250Z] 16:05:28 [200] / 35ms
[2026-01-27T21:05:30.850Z] 16:05:30 [200] / 36ms
[2026-01-27T21:05:33.455Z] 16:05:33 [200] / 29ms
[2026-01-27T21:05:38.985Z] 16:05:38 [200] / 24ms
[2026-01-27T21:05:42.742Z] 16:05:42 [200] / 29ms
[2026-01-27T21:05:45.627Z] 16:05:45 [200] / 27ms
[2026-01-27T21:05:48.209Z] 16:05:48 [200] / 25ms
[2026-01-27T21:05:50.803Z] 16:05:50 [200] / 23ms
[2026-01-27T21:05:53.429Z] 16:05:53 [200] / 35ms
[2026-01-27T21:05:56.022Z] 16:05:56 [200] / 27ms
[2026-01-27T21:05:58.619Z] 16:05:58 [200] / 24ms
[2026-01-27T21:06:01.237Z] 16:06:01 [200] / 24ms
[2026-01-27T21:06:03.825Z] 16:06:03 [200] / 27ms
[2026-01-27T21:06:06.411Z] 16:06:06 [200] / 27ms
[2026-01-27T21:06:08.999Z] 16:06:08 [200] / 24ms
[2026-01-27T21:06:11.584Z] 16:06:11 [200] / 26ms
[2026-01-27T21:06:14.183Z] 16:06:14 [200] / 24ms
[2026-01-27T21:06:16.794Z] 16:06:16 [200] / 22ms
[2026-01-27T21:06:19.449Z] 16:06:19 [200] / 23ms
[2026-01-27T21:06:22.103Z] 16:06:22 [200] / 24ms
[2026-01-27T21:06:24.771Z] 16:06:24 [200] / 25ms
[2026-01-27T21:06:31.291Z] 16:06:31 [200] / 24ms
[2026-01-27T21:08:53.445Z] 16:08:53 [watch] /src/components/SolarCalculator.tsx, /src/styles/global.css
[2026-01-27T21:08:53.446Z] 16:08:53 [watch] src/components/SolarCalculator.tsx
[2026-01-27T21:08:54.052Z] 16:08:54 [200] / 54ms
[2026-01-27T21:08:56.880Z] 16:08:56 [200] / 22ms
[2026-01-27T21:08:59.505Z] 16:08:59 [200] / 24ms
[2026-01-27T21:09:02.106Z] 16:09:02 [200] / 25ms
[2026-01-27T21:09:04.723Z] 16:09:04 [200] / 27ms
[2026-01-27T21:09:07.318Z] 16:09:07 [200] / 27ms
[2026-01-27T21:09:09.923Z] 16:09:09 [200] / 24ms
[2026-01-27T21:09:12.537Z] 16:09:12 [200] / 25ms
[2026-01-27T21:09:15.136Z] 16:09:15 [200] / 23ms
[2026-01-27T21:09:17.772Z] 16:09:17 [200] / 25ms
[2026-01-27T21:09:18.772Z] 16:09:18 [200] / 24ms
[2026-01-27T21:09:20.371Z] 16:09:20 [200] / 24ms
[2026-01-27T21:09:22.959Z] 16:09:22 [200] / 26ms
[2026-01-27T21:09:25.630Z] 16:09:25 [200] / 27ms
[2026-01-27T21:09:28.225Z] 16:09:28 [200] / 26ms
[2026-01-27T21:09:30.827Z] 16:09:30 [200] / 26ms
[2026-01-27T21:09:33.467Z] 16:09:33 [200] / 23ms
[2026-01-27T21:09:36.073Z] 16:09:36 [200] / 37ms
[2026-01-27T21:10:35.202Z] Dev server process group stopped
[2026-01-27T21:10:35.217Z] ELIFECYCLE  Command failed.
[2026-01-27T21:10:35.225Z] Dev server exited with code -15
[2026-01-27T21:10:38.217Z] Starting dev server with command: pnpm run dev
[2026-01-27T21:10:38.489Z] 
[2026-01-27T21:10:38.490Z] > senec-design@0.0.1 dev /home/ubuntu/senec-design
[2026-01-27T21:10:38.490Z] > astro dev --host
[2026-01-27T21:10:38.490Z] 
[2026-01-27T21:10:39.747Z] 16:10:39 [types] Generated 0ms
[2026-01-27T21:10:39.760Z] 16:10:39 [content] Syncing content
[2026-01-27T21:10:39.774Z] 16:10:39 [content] Synced content
[2026-01-27T21:10:39.781Z] 16:10:39 [vite] Re-optimizing dependencies because vite config has changed
[2026-01-27T21:10:39.798Z] 
[2026-01-27T21:10:39.798Z] astro  v5.16.15 ready in 386 ms
[2026-01-27T21:10:39.799Z] 
[2026-01-27T21:10:39.799Z] ┃ Local    http://localhost:3000/
[2026-01-27T21:10:39.800Z] ┃ Network  http://169.254.0.21:3000/
[2026-01-27T21:10:39.800Z] 
[2026-01-27T21:10:39.800Z] 16:10:39 watching for file changes...
[2026-01-27T21:10:41.910Z] 16:10:41 [200] / 221ms
[2026-01-27T21:10:41.912Z] 16:10:41 [200] / 224ms
[2026-01-27T21:25:34.862Z] 16:25:34 [200] / 18ms
[2026-01-27T21:25:51.483Z] 16:25:51 [200] HEAD / 28ms
[2026-01-27T21:25:51.553Z] 16:25:51 [200] / 27ms
[2026-01-27T21:25:54.886Z] 16:25:54 [200] / 29ms
[2026-01-27T21:26:02.709Z] 16:26:02 [200] / 29ms
[2026-01-27T21:29:02.210Z] 16:29:02 [watch] src/pages/index.astro
[2026-01-27T21:29:02.211Z] 16:29:02 [watch] src/pages/index.astro
[2026-01-27T21:29:02.918Z] 16:29:02 [200] / 68ms
[2026-01-27T21:29:03.165Z] 16:29:03 [200] / 26ms
[2026-01-27T21:29:03.328Z] 16:29:03 [200] / 26ms
[2026-01-27T21:29:05.738Z] 16:29:05 [200] / 25ms
[2026-01-27T21:29:08.344Z] 16:29:08 [200] / 27ms
[2026-01-27T21:29:10.906Z] 16:29:10 [200] / 26ms
[2026-01-27T21:29:13.507Z] 16:29:13 [200] / 26ms
[2026-01-27T21:29:16.059Z] 16:29:16 [200] / 26ms
[2026-01-27T21:29:18.634Z] 16:29:18 [200] / 24ms
[2026-01-27T21:29:21.202Z] 16:29:21 [200] / 23ms
[2026-01-27T21:29:23.758Z] 16:29:23 [200] / 24ms
[2026-01-27T21:29:25.507Z] 16:29:25 [200] / 25ms
[2026-01-27T21:29:26.347Z] 16:29:26 [200] / 26ms
[2026-01-27T21:29:28.946Z] 16:29:28 [200] / 24ms
[2026-01-27T21:29:31.534Z] 16:29:31 [200] / 25ms
[2026-01-27T21:29:36.884Z] 16:29:36 [200] / 24ms
[2026-01-27T21:29:39.487Z] 16:29:39 [200] / 26ms
[2026-01-27T21:29:42.071Z] 16:29:42 [200] / 23ms
[2026-01-27T21:29:44.653Z] 16:29:44 [200] / 24ms
[2026-01-27T21:29:47.292Z] 16:29:47 [200] / 28ms
[2026-01-27T21:30:03.843Z] 16:30:03 [200] / 24ms
[2026-01-27T21:34:26.981Z] 16:34:26 Configuration file updated. Restarting...
[2026-01-27T21:34:27.061Z] 16:34:27 [vite] Re-optimizing dependencies because lockfile has changed
[2026-01-27T21:34:27.182Z] 16:34:27 [content] Syncing content
[2026-01-27T21:34:27.186Z] 16:34:27 [content] Synced content
[2026-01-27T21:34:27.186Z] 16:34:27 [types] Generated 151ms
[2026-01-27T21:34:27.190Z] 16:34:27 [vite] Re-optimizing dependencies because vite config has changed
[2026-01-27T21:34:27.893Z] 16:34:27 [200] / 75ms
[2026-01-27T21:34:27.894Z] 16:34:27 [200] / 76ms
[2026-01-27T21:34:28.070Z] 16:34:28 [200] / 22ms
[2026-01-27T21:34:28.238Z] 16:34:28 [200] / 23ms
[2026-01-27T21:35:10.037Z] 16:35:10 [watch] src/components/SolarCalculator.tsx
[2026-01-27T21:35:10.038Z] 16:35:10 [watch] src/components/SolarCalculator.tsx
[2026-01-27T21:35:10.495Z] 16:35:10 [200] / 96ms
[2026-01-27T21:35:10.736Z] 16:35:10 [200] / 26ms
[2026-01-27T21:35:11.151Z] 16:35:11 [200] / 28ms
[2026-01-27T21:35:11.320Z] 16:35:11 [200] / 28ms
[2026-01-27T21:35:11.489Z] 16:35:11 [200] / 27ms
[2026-01-27T21:35:13.672Z] 16:35:13 [200] / 31ms
[2026-01-27T21:35:16.261Z] 16:35:16 [200] / 29ms
[2026-01-27T21:35:18.865Z] 16:35:18 [200] / 28ms
[2026-01-27T21:35:21.460Z] 16:35:21 [200] / 30ms
[2026-01-27T21:35:24.028Z] 16:35:24 [200] / 28ms
[2026-01-27T21:35:26.627Z] 16:35:26 [200] / 30ms
[2026-01-27T21:35:29.225Z] 16:35:29 [200] / 30ms
[2026-01-27T21:35:31.817Z] 16:35:31 [200] / 26ms
[2026-01-27T21:35:34.429Z] 16:35:34 [200] / 27ms
[2026-01-27T21:35:37.104Z] 16:35:37 [200] / 28ms
[2026-01-27T21:35:39.705Z] 16:35:39 [200] / 25ms
[2026-01-27T21:35:42.309Z] 16:35:42 [200] / 27ms
[2026-01-27T21:35:42.662Z] 16:35:42 [200] / 26ms
[2026-01-27T21:35:44.911Z] 16:35:44 [200] / 27ms
[2026-01-27T21:35:47.485Z] 16:35:47 [200] / 26ms
[2026-01-27T21:35:50.083Z] 16:35:50 [200] / 27ms
[2026-01-27T21:35:52.683Z] 16:35:52 [200] / 25ms
[2026-01-27T21:48:54.633Z] 16:48:54 [200] / 26ms
[2026-01-27T21:48:56.961Z] 16:48:56 [vite] ✨ new dependencies optimized: jspdf
[2026-01-27T21:48:56.962Z] 16:48:56 [vite] ✨ optimized dependencies changed. reloading
[2026-01-27T21:48:57.045Z] 16:48:57 [WARN] [vite] The file does not exist at "/home/ubuntu/senec-design/node_modules/.vite/deps/chunk-CXSBDZNZ.js" which is in the optimize deps directory. The dependency might be incompatible with the dep optimizer. Try adding it to `optimizeDeps.exclude`.
[2026-01-27T21:48:57.046Z] 16:48:57 [WARN] [vite] The file does not exist at "/home/ubuntu/senec-design/node_modules/.vite/deps/chunk-5WRI5ZAA.js" which is in the optimize deps directory. The dependency might be incompatible with the dep optimizer. Try adding it to `optimizeDeps.exclude`.
[2026-01-27T21:48:57.192Z] 16:48:57 [200] / 31ms
[2026-01-27T21:48:58.146Z] 16:48:58 [200] / 27ms
[2026-01-27T21:48:58.179Z] 16:48:58 [200] / 27ms
[2026-01-27T21:48:58.582Z] 16:48:58 [200] / 27ms
[2026-01-27T21:48:58.753Z] 16:48:58 [200] / 26ms
[2026-01-27T21:49:31.805Z] 16:49:31 [200] / 37ms
[2026-01-27T21:49:32.778Z] 16:49:32 [404] /favicon.svg 2ms
[2026-01-27T21:49:36.337Z] 16:49:36 [200] / 32ms
[2026-01-27T21:49:37.123Z] 16:49:37 [404] /favicon.svg 1ms
[2026-01-27T21:49:39.587Z] 16:49:39 [200] / 30ms
[2026-01-27T21:49:40.349Z] 16:49:40 [404] /favicon.svg 1ms
[2026-01-27T21:52:46.094Z] 16:52:46 [200] / 29ms
[2026-01-27T21:52:48.402Z] 16:52:48 [200] / 34ms
[2026-01-27T21:52:50.258Z] 16:52:50 [200] / 30ms
[2026-01-27T21:52:52.425Z] 16:52:52 [200] / 31ms
[2026-01-27T21:56:19.133Z] 16:56:19 [watch] src/components/SolarCalculator.tsx
[2026-01-27T21:56:19.134Z] 16:56:19 [watch] src/components/SolarCalculator.tsx
[2026-01-27T21:56:20.536Z] 16:56:20 [ERROR] Cannot find module '@/components/ui/input' imported from '/home/ubuntu/senec-design/src/components/SolarCalculator.tsx'
[2026-01-27T21:56:20.537Z] Stack trace:
[2026-01-27T21:56:20.537Z] at fetchModule (file:///home/ubuntu/senec-design/node_modules/.pnpm/vite@6.4.1_jiti@1.21.7_yaml@2.8.2/node_modules/vite/dist/node/chunks/dep-D4NMHUTW.js:46842:19)
[2026-01-27T21:56:20.537Z] at fetchModule (file:///home/ubuntu/senec-design/node_modules/.pnpm/vite@6.4.1_jiti@1.21.7_yaml@2.8.2/node_modules/vite/dist/node/chunks/dep-D4NMHUTW.js:47887:21)
[2026-01-27T21:56:20.537Z] at EventEmitter.listenerForInvokeHandler (file:///home/ubuntu/senec-design/node_modules/.pnpm/vite@6.4.1_jiti@1.21.7_yaml@2.8.2/node_modules/vite/dist/node/chunks/dep-D4NMHUTW.js:39075:25)
[2026-01-27T21:56:20.537Z] at Object.send (file:///home/ubuntu/senec-design/node_modules/.pnpm/vite@6.4.1_jiti@1.21.7_yaml@2.8.2/node_modules/vite/dist/node/chunks/dep-D4NMHUTW.js:25190:40)
[2026-01-27T21:56:20.538Z] at Object.invoke (file:///home/ubuntu/senec-design/node_modules/.pnpm/vite@6.4.1_jiti@1.21.7_yaml@2.8.2/node_modules/vite/dist/node/module-runner.js:682:34)
[2026-01-27T21:56:20.538Z] at SSRCompatModuleRunner.cachedModule (file:///home/ubuntu/senec-design/node_modules/.pnpm/vite@6.4.1_jiti@1.21.7_yaml@2.8.2/node_modules/vite/dist/node/module-runner.js:1191:21)
[2026-01-27T21:56:20.538Z] at /home/ubuntu/senec-design/src/components/SolarCalculator.tsx:7:1
[2026-01-27T21:56:20.538Z] at async SSRCompatModuleRunner.directRequest (file:///home/ubuntu/senec-design/node_modules/.pnpm/vite@6.4.1_jiti@1.21.7_yaml@2.8.2/node_modules/vite/dist/node/module-runner.js:1284:61)
[2026-01-27T21:56:20.538Z] at async SSRCompatModuleRunner.cachedRequest (file:///home/ubuntu/senec-design/node_modules/.pnpm/vite@6.4.1_jiti@1.21.7_yaml@2.8.2/node_modules/vite/dist/node/module-runner.js:1180:76)
[2026-01-27T21:56:20.538Z] at async ESModulesEvaluator.runInlinedModule (file:///home/ubuntu/senec-design/node_modules/.pnpm/vite@6.4.1_jiti@1.21.7_yaml@2.8.2/node_modules/vite/dist/node/module-runner.js:1062:5)
[2026-01-27T21:56:20.539Z] at async SSRCompatModuleRunner.directRequest (file:///home/ubuntu/senec-design/node_modules/.pnpm/vite@6.4.1_jiti@1.21.7_yaml@2.8.2/node_modules/vite/dist/node/chunks/dep-D4NMHUTW.js:25274:23)
[2026-01-27T21:56:20.539Z] 16:56:20 [ERROR] Cannot find module '@/components/ui/input' imported from '/home/ubuntu/senec-design/src/components/SolarCalculator.tsx'
[2026-01-27T21:56:20.539Z] Stack trace:
[2026-01-27T21:56:20.539Z] at fetchModule (file:///home/ubuntu/senec-design/node_modules/.pnpm/vite@6.4.1_jiti@1.21.7_yaml@2.8.2/node_modules/vite/dist/node/chunks/dep-D4NMHUTW.js:46842:19)
[2026-01-27T21:56:20.539Z] at fetchModule (file:///home/ubuntu/senec-design/node_modules/.pnpm/vite@6.4.1_jiti@1.21.7_yaml@2.8.2/node_modules/vite/dist/node/chunks/dep-D4NMHUTW.js:47887:21)
[2026-01-27T21:56:20.540Z] at EventEmitter.listenerForInvokeHandler (file:///home/ubuntu/senec-design/node_modules/.pnpm/vite@6.4.1_jiti@1.21.7_yaml@2.8.2/node_modules/vite/dist/node/chunks/dep-D4NMHUTW.js:39075:25)
[2026-01-27T21:56:20.540Z] at Object.send (file:///home/ubuntu/senec-design/node_modules/.pnpm/vite@6.4.1_jiti@1.21.7_yaml@2.8.2/node_modules/vite/dist/node/chunks/dep-D4NMHUTW.js:25190:40)
[2026-01-27T21:56:20.540Z] at Object.invoke (file:///home/ubuntu/senec-design/node_modules/.pnpm/vite@6.4.1_jiti@1.21.7_yaml@2.8.2/node_modules/vite/dist/node/module-runner.js:682:34)
[2026-01-27T21:56:20.540Z] at SSRCompatModuleRunner.cachedModule (file:///home/ubuntu/senec-design/node_modules/.pnpm/vite@6.4.1_jiti@1.21.7_yaml@2.8.2/node_modules/vite/dist/node/module-runner.js:1191:21)
[2026-01-27T21:56:20.540Z] at /home/ubuntu/senec-design/src/components/SolarCalculator.tsx:7:1
[2026-01-27T21:56:20.540Z] at async SSRCompatModuleRunner.directRequest (file:///home/ubuntu/senec-design/node_modules/.pnpm/vite@6.4.1_jiti@1.21.7_yaml@2.8.2/node_modules/vite/dist/node/module-runner.js:1284:61)
[2026-01-27T21:56:20.540Z] at async SSRCompatModuleRunner.cachedRequest (file:///home/ubuntu/senec-design/node_modules/.pnpm/vite@6.4.1_jiti@1.21.7_yaml@2.8.2/node_modules/vite/dist/node/module-runner.js:1180:76)
[2026-01-27T21:56:20.541Z] at async ESModulesEvaluator.runInlinedModule (file:///home/ubuntu/senec-design/node_modules/.pnpm/vite@6.4.1_jiti@1.21.7_yaml@2.8.2/node_modules/vite/dist/node/module-runner.js:1062:5)
[2026-01-27T21:56:20.541Z] at async SSRCompatModuleRunner.directRequest (file:///home/ubuntu/senec-design/node_modules/.pnpm/vite@6.4.1_jiti@1.21.7_yaml@2.8.2/node_modules/vite/dist/node/chunks/dep-D4NMHUTW.js:25274:23)
[2026-01-27T21:56:20.746Z] 16:56:20 [ERROR] Cannot find module '@/components/ui/input' imported from '/home/ubuntu/senec-design/src/components/SolarCalculator.tsx'
[2026-01-27T21:56:20.747Z] Stack trace:
[2026-01-27T21:56:20.748Z] at fetchModule (file:///home/ubuntu/senec-design/node_modules/.pnpm/vite@6.4.1_jiti@1.21.7_yaml@2.8.2/node_modules/vite/dist/node/chunks/dep-D4NMHUTW.js:46842:19)
[2026-01-27T21:56:20.748Z] [...] See full stack trace in the browser, or rerun with --verbose.
[2026-01-27T21:56:20.942Z] 16:56:20 [ERROR] Cannot find module '@/components/ui/input' imported from '/home/ubuntu/senec-design/src/components/SolarCalculator.tsx'
[2026-01-27T21:56:20.943Z] Stack trace:
[2026-01-27T21:56:20.943Z] at fetchModule (file:///home/ubuntu/senec-design/node_modules/.pnpm/vite@6.4.1_jiti@1.21.7_yaml@2.8.2/node_modules/vite/dist/node/chunks/dep-D4NMHUTW.js:46842:19)
[2026-01-27T21:56:20.943Z] at fetchModule (file:///home/ubuntu/senec-design/node_modules/.pnpm/vite@6.4.1_jiti@1.21.7_yaml@2.8.2/node_modules/vite/dist/node/chunks/dep-D4NMHUTW.js:47887:21)
[2026-01-27T21:56:20.944Z] at EventEmitter.listenerForInvokeHandler (file:///home/ubuntu/senec-design/node_modules/.pnpm/vite@6.4.1_jiti@1.21.7_yaml@2.8.2/node_modules/vite/dist/node/chunks/dep-D4NMHUTW.js:39075:25)
[2026-01-27T21:56:20.944Z] at Object.send (file:///home/ubuntu/senec-design/node_modules/.pnpm/vite@6.4.1_jiti@1.21.7_yaml@2.8.2/node_modules/vite/dist/node/chunks/dep-D4NMHUTW.js:25190:40)
[2026-01-27T21:56:20.944Z] at Object.invoke (file:///home/ubuntu/senec-design/node_modules/.pnpm/vite@6.4.1_jiti@1.21.7_yaml@2.8.2/node_modules/vite/dist/node/module-runner.js:682:34)
[2026-01-27T21:56:20.944Z] at SSRCompatModuleRunner.cachedModule (file:///home/ubuntu/senec-design/node_modules/.pnpm/vite@6.4.1_jiti@1.21.7_yaml@2.8.2/node_modules/vite/dist/node/module-runner.js:1191:21)
[2026-01-27T21:56:20.944Z] at /home/ubuntu/senec-design/src/components/SolarCalculator.tsx:7:1
[2026-01-27T21:56:20.944Z] at async SSRCompatModuleRunner.directRequest (file:///home/ubuntu/senec-design/node_modules/.pnpm/vite@6.4.1_jiti@1.21.7_yaml@2.8.2/node_modules/vite/dist/node/module-runner.js:1284:61)
[2026-01-27T21:56:20.945Z] at async SSRCompatModuleRunner.cachedRequest (file:///home/ubuntu/senec-design/node_modules/.pnpm/vite@6.4.1_jiti@1.21.7_yaml@2.8.2/node_modules/vite/dist/node/module-runner.js:1180:76)
[2026-01-27T21:56:20.945Z] at async ESModulesEvaluator.runInlinedModule (file:///home/ubuntu/senec-design/node_modules/.pnpm/vite@6.4.1_jiti@1.21.7_yaml@2.8.2/node_modules/vite/dist/node/module-runner.js:1062:5)
[2026-01-27T21:56:20.945Z] at async SSRCompatModuleRunner.directRequest (file:///home/ubuntu/senec-design/node_modules/.pnpm/vite@6.4.1_jiti@1.21.7_yaml@2.8.2/node_modules/vite/dist/node/chunks/dep-D4NMHUTW.js:25274:23)
[2026-01-27T21:56:20.945Z] at async SSRCompatModuleRunner.import (file:///home/ubuntu/senec-design/node_modules/.pnpm/vite@6.4.1_jiti@1.21.7_yaml@2.8.2/node_modules/vite/dist/node/module-runner.js:1117:12)
[2026-01-27T21:56:20.945Z] at async DevPipeline.preload (file:///home/ubuntu/senec-design/node_modules/.pnpm/astro@5.16.15_jiti@1.21.7_rollup@4.57.0_typescript@5.9.3_yaml@2.8.2/node_modules/astro/dist/vite-plugin-astro-server/pipeline.js:121:33)
[2026-01-27T21:56:20.945Z] at async getSortedPreloadedMatches (file:///home/ubuntu/senec-design/node_modules/.pnpm/astro@5.16.15_jiti@1.21.7_rollup@4.57.0_typescript@5.9.3_yaml@2.8.2/node_modules/astro/dist/prerender/routing.js:9:11)
[2026-01-27T21:56:20.946Z] at async run (file:///home/ubuntu/senec-design/node_modules/.pnpm/astro@5.16.15_jiti@1.21.7_rollup@4.57.0_typescript@5.9.3_yaml@2.8.2/node_modules/astro/dist/vite-plugin-astro-server/request.js:54:28)
[2026-01-27T21:56:20.946Z] at async handleRequest (file:///home/ubuntu/senec-design/node_modules/.pnpm/astro@5.16.15_jiti@1.21.7_rollup@4.57.0_typescript@5.9.3_yaml@2.8.2/node_modules/astro/dist/vite-plugin-astro-server/request.js:50:3)
[2026-01-27T21:56:21.133Z] 16:56:21 [ERROR] Cannot find module '@/components/ui/input' imported from '/home/ubuntu/senec-design/src/components/SolarCalculator.tsx'
[2026-01-27T21:56:21.133Z] Stack trace:
[2026-01-27T21:56:21.133Z] at fetchModule (file:///home/ubuntu/senec-design/node_modules/.pnpm/vite@6.4.1_jiti@1.21.7_yaml@2.8.2/node_modules/vite/dist/node/chunks/dep-D4NMHUTW.js:46842:19)
[2026-01-27T21:56:21.134Z] [...] See full stack trace in the browser, or rerun with --verbose.
[2026-01-27T21:56:21.318Z] 16:56:21 [ERROR] Cannot find module '@/components/ui/input' imported from '/home/ubuntu/senec-design/src/components/SolarCalculator.tsx'
[2026-01-27T21:56:21.319Z] Stack trace:
[2026-01-27T21:56:21.319Z] at fetchModule (file:///home/ubuntu/senec-design/node_modules/.pnpm/vite@6.4.1_jiti@1.21.7_yaml@2.8.2/node_modules/vite/dist/node/chunks/dep-D4NMHUTW.js:46842:19)
[2026-01-27T21:56:21.320Z] at fetchModule (file:///home/ubuntu/senec-design/node_modules/.pnpm/vite@6.4.1_jiti@1.21.7_yaml@2.8.2/node_modules/vite/dist/node/chunks/dep-D4NMHUTW.js:47887:21)
[2026-01-27T21:56:21.320Z] at EventEmitter.listenerForInvokeHandler (file:///home/ubuntu/senec-design/node_modules/.pnpm/vite@6.4.1_jiti@1.21.7_yaml@2.8.2/node_modules/vite/dist/node/chunks/dep-D4NMHUTW.js:39075:25)
[2026-01-27T21:56:21.320Z] at Object.send (file:///home/ubuntu/senec-design/node_modules/.pnpm/vite@6.4.1_jiti@1.21.7_yaml@2.8.2/node_modules/vite/dist/node/chunks/dep-D4NMHUTW.js:25190:40)
[2026-01-27T21:56:21.320Z] at Object.invoke (file:///home/ubuntu/senec-design/node_modules/.pnpm/vite@6.4.1_jiti@1.21.7_yaml@2.8.2/node_modules/vite/dist/node/module-runner.js:682:34)
[2026-01-27T21:56:21.320Z] at SSRCompatModuleRunner.cachedModule (file:///home/ubuntu/senec-design/node_modules/.pnpm/vite@6.4.1_jiti@1.21.7_yaml@2.8.2/node_modules/vite/dist/node/module-runner.js:1191:21)
[2026-01-27T21:56:21.320Z] at /home/ubuntu/senec-design/src/components/SolarCalculator.tsx:7:1
[2026-01-27T21:56:21.321Z] at async SSRCompatModuleRunner.directRequest (file:///home/ubuntu/senec-design/node_modules/.pnpm/vite@6.4.1_jiti@1.21.7_yaml@2.8.2/node_modules/vite/dist/node/module-runner.js:1284:61)
[2026-01-27T21:56:21.321Z] at async SSRCompatModuleRunner.cachedRequest (file:///home/ubuntu/senec-design/node_modules/.pnpm/vite@6.4.1_jiti@1.21.7_yaml@2.8.2/node_modules/vite/dist/node/module-runner.js:1180:76)
[2026-01-27T21:56:21.321Z] at async ESModulesEvaluator.runInlinedModule (file:///home/ubuntu/senec-design/node_modules/.pnpm/vite@6.4.1_jiti@1.21.7_yaml@2.8.2/node_modules/vite/dist/node/module-runner.js:1062:5)
[2026-01-27T21:56:21.321Z] at async SSRCompatModuleRunner.directRequest (file:///home/ubuntu/senec-design/node_modules/.pnpm/vite@6.4.1_jiti@1.21.7_yaml@2.8.2/node_modules/vite/dist/node/chunks/dep-D4NMHUTW.js:25274:23)
[2026-01-27T21:56:21.321Z] at async SSRCompatModuleRunner.import (file:///home/ubuntu/senec-design/node_modules/.pnpm/vite@6.4.1_jiti@1.21.7_yaml@2.8.2/node_modules/vite/dist/node/module-runner.js:1117:12)
[2026-01-27T21:56:21.321Z] at async DevPipeline.preload (file:///home/ubuntu/senec-design/node_modules/.pnpm/astro@5.16.15_jiti@1.21.7_rollup@4.57.0_typescript@5.9.3_yaml@2.8.2/node_modules/astro/dist/vite-plugin-astro-server/pipeline.js:121:33)
[2026-01-27T21:56:21.322Z] at async getSortedPreloadedMatches (file:///home/ubuntu/senec-design/node_modules/.pnpm/astro@5.16.15_jiti@1.21.7_rollup@4.57.0_typescript@5.9.3_yaml@2.8.2/node_modules/astro/dist/prerender/routing.js:9:11)
[2026-01-27T21:56:21.322Z] at async run (file:///home/ubuntu/senec-design/node_modules/.pnpm/astro@5.16.15_jiti@1.21.7_rollup@4.57.0_typescript@5.9.3_yaml@2.8.2/node_modules/astro/dist/vite-plugin-astro-server/request.js:54:28)
[2026-01-27T21:56:21.322Z] at async handleRequest (file:///home/ubuntu/senec-design/node_modules/.pnpm/astro@5.16.15_jiti@1.21.7_rollup@4.57.0_typescript@5.9.3_yaml@2.8.2/node_modules/astro/dist/vite-plugin-astro-server/request.js:50:3)
[2026-01-27T21:56:21.499Z] 16:56:21 [ERROR] Cannot find module '@/components/ui/input' imported from '/home/ubuntu/senec-design/src/components/SolarCalculator.tsx'
[2026-01-27T21:56:21.500Z] Stack trace:
[2026-01-27T21:56:21.500Z] at fetchModule (file:///home/ubuntu/senec-design/node_modules/.pnpm/vite@6.4.1_jiti@1.21.7_yaml@2.8.2/node_modules/vite/dist/node/chunks/dep-D4NMHUTW.js:46842:19)
[2026-01-27T21:56:21.500Z] [...] See full stack trace in the browser, or rerun with --verbose.
[2026-01-27T21:56:21.683Z] 16:56:21 [ERROR] Cannot find module '@/components/ui/input' imported from '/home/ubuntu/senec-design/src/components/SolarCalculator.tsx'
[2026-01-27T21:56:21.684Z] Stack trace:
[2026-01-27T21:56:21.684Z] at fetchModule (file:///home/ubuntu/senec-design/node_modules/.pnpm/vite@6.4.1_jiti@1.21.7_yaml@2.8.2/node_modules/vite/dist/node/chunks/dep-D4NMHUTW.js:46842:19)
[2026-01-27T21:56:21.684Z] at fetchModule (file:///home/ubuntu/senec-design/node_modules/.pnpm/vite@6.4.1_jiti@1.21.7_yaml@2.8.2/node_modules/vite/dist/node/chunks/dep-D4NMHUTW.js:47887:21)
[2026-01-27T21:56:21.684Z] at EventEmitter.listenerForInvokeHandler (file:///home/ubuntu/senec-design/node_modules/.pnpm/vite@6.4.1_jiti@1.21.7_yaml@2.8.2/node_modules/vite/dist/node/chunks/dep-D4NMHUTW.js:39075:25)
[2026-01-27T21:56:21.685Z] at Object.send (file:///home/ubuntu/senec-design/node_modules/.pnpm/vite@6.4.1_jiti@1.21.7_yaml@2.8.2/node_modules/vite/dist/node/chunks/dep-D4NMHUTW.js:25190:40)
[2026-01-27T21:56:21.685Z] at Object.invoke (file:///home/ubuntu/senec-design/node_modules/.pnpm/vite@6.4.1_jiti@1.21.7_yaml@2.8.2/node_modules/vite/dist/node/module-runner.js:682:34)
[2026-01-27T21:56:21.685Z] at SSRCompatModuleRunner.cachedModule (file:///home/ubuntu/senec-design/node_modules/.pnpm/vite@6.4.1_jiti@1.21.7_yaml@2.8.2/node_modules/vite/dist/node/module-runner.js:1191:21)
[2026-01-27T21:56:21.685Z] at /home/ubuntu/senec-design/src/components/SolarCalculator.tsx:7:1
[2026-01-27T21:56:21.685Z] at async SSRCompatModuleRunner.directRequest (file:///home/ubuntu/senec-design/node_modules/.pnpm/vite@6.4.1_jiti@1.21.7_yaml@2.8.2/node_modules/vite/dist/node/module-runner.js:1284:61)
[2026-01-27T21:56:21.686Z] at async SSRCompatModuleRunner.cachedRequest (file:///home/ubuntu/senec-design/node_modules/.pnpm/vite@6.4.1_jiti@1.21.7_yaml@2.8.2/node_modules/vite/dist/node/module-runner.js:1180:76)
[2026-01-27T21:56:21.686Z] at async ESModulesEvaluator.runInlinedModule (file:///home/ubuntu/senec-design/node_modules/.pnpm/vite@6.4.1_jiti@1.21.7_yaml@2.8.2/node_modules/vite/dist/node/module-runner.js:1062:5)
[2026-01-27T21:56:21.686Z] at async SSRCompatModuleRunner.directRequest (file:///home/ubuntu/senec-design/node_modules/.pnpm/vite@6.4.1_jiti@1.21.7_yaml@2.8.2/node_modules/vite/dist/node/chunks/dep-D4NMHUTW.js:25274:23)
[2026-01-27T21:56:21.686Z] at async SSRCompatModuleRunner.import (file:///home/ubuntu/senec-design/node_modules/.pnpm/vite@6.4.1_jiti@1.21.7_yaml@2.8.2/node_modules/vite/dist/node/module-runner.js:1117:12)
[2026-01-27T21:56:21.686Z] at async DevPipeline.preload (file:///home/ubuntu/senec-design/node_modules/.pnpm/astro@5.16.15_jiti@1.21.7_rollup@4.57.0_typescript@5.9.3_yaml@2.8.2/node_modules/astro/dist/vite-plugin-astro-server/pipeline.js:121:33)
[2026-01-27T21:56:21.686Z] at async getSortedPreloadedMatches (file:///home/ubuntu/senec-design/node_modules/.pnpm/astro@5.16.15_jiti@1.21.7_rollup@4.57.0_typescript@5.9.3_yaml@2.8.2/node_modules/astro/dist/prerender/routing.js:9:11)
[2026-01-27T21:56:21.686Z] at async run (file:///home/ubuntu/senec-design/node_modules/.pnpm/astro@5.16.15_jiti@1.21.7_rollup@4.57.0_typescript@5.9.3_yaml@2.8.2/node_modules/astro/dist/vite-plugin-astro-server/request.js:54:28)
[2026-01-27T21:56:21.687Z] at async handleRequest (file:///home/ubuntu/senec-design/node_modules/.pnpm/astro@5.16.15_jiti@1.21.7_rollup@4.57.0_typescript@5.9.3_yaml@2.8.2/node_modules/astro/dist/vite-plugin-astro-server/request.js:50:3)
[2026-01-27T21:56:22.147Z] 16:56:22 [ERROR] Cannot find module '@/components/ui/input' imported from '/home/ubuntu/senec-design/src/components/SolarCalculator.tsx'
[2026-01-27T21:56:22.148Z] Stack trace:
[2026-01-27T21:56:22.149Z] at fetchModule (file:///home/ubuntu/senec-design/node_modules/.pnpm/vite@6.4.1_jiti@1.21.7_yaml@2.8.2/node_modules/vite/dist/node/chunks/dep-D4NMHUTW.js:46842:19)
[2026-01-27T21:56:22.149Z] [...] See full stack trace in the browser, or rerun with --verbose.
[2026-01-27T21:56:23.256Z] 16:56:23 [ERROR] Cannot find module '@/components/ui/input' imported from '/home/ubuntu/senec-design/src/components/SolarCalculator.tsx'
[2026-01-27T21:56:23.257Z] Stack trace:
[2026-01-27T21:56:23.258Z] at fetchModule (file:///home/ubuntu/senec-design/node_modules/.pnpm/vite@6.4.1_jiti@1.21.7_yaml@2.8.2/node_modules/vite/dist/node/chunks/dep-D4NMHUTW.js:46842:19)
[2026-01-27T21:56:23.258Z] at fetchModule (file:///home/ubuntu/senec-design/node_modules/.pnpm/vite@6.4.1_jiti@1.21.7_yaml@2.8.2/node_modules/vite/dist/node/chunks/dep-D4NMHUTW.js:47887:21)
[2026-01-27T21:56:23.258Z] at EventEmitter.listenerForInvokeHandler (file:///home/ubuntu/senec-design/node_modules/.pnpm/vite@6.4.1_jiti@1.21.7_yaml@2.8.2/node_modules/vite/dist/node/chunks/dep-D4NMHUTW.js:39075:25)
[2026-01-27T21:56:23.258Z] at Object.send (file:///home/ubuntu/senec-design/node_modules/.pnpm/vite@6.4.1_jiti@1.21.7_yaml@2.8.2/node_modules/vite/dist/node/chunks/dep-D4NMHUTW.js:25190:40)
[2026-01-27T21:56:23.258Z] at Object.invoke (file:///home/ubuntu/senec-design/node_modules/.pnpm/vite@6.4.1_jiti@1.21.7_yaml@2.8.2/node_modules/vite/dist/node/module-runner.js:682:34)
[2026-01-27T21:56:23.258Z] at SSRCompatModuleRunner.cachedModule (file:///home/ubuntu/senec-design/node_modules/.pnpm/vite@6.4.1_jiti@1.21.7_yaml@2.8.2/node_modules/vite/dist/node/module-runner.js:1191:21)
[2026-01-27T21:56:23.259Z] at /home/ubuntu/senec-design/src/components/SolarCalculator.tsx:7:1
[2026-01-27T21:56:23.259Z] at async SSRCompatModuleRunner.directRequest (file:///home/ubuntu/senec-design/node_modules/.pnpm/vite@6.4.1_jiti@1.21.7_yaml@2.8.2/node_modules/vite/dist/node/module-runner.js:1284:61)
[2026-01-27T21:56:23.259Z] at async SSRCompatModuleRunner.cachedRequest (file:///home/ubuntu/senec-design/node_modules/.pnpm/vite@6.4.1_jiti@1.21.7_yaml@2.8.2/node_modules/vite/dist/node/module-runner.js:1180:76)
[2026-01-27T21:56:23.259Z] at async ESModulesEvaluator.runInlinedModule (file:///home/ubuntu/senec-design/node_modules/.pnpm/vite@6.4.1_jiti@1.21.7_yaml@2.8.2/node_modules/vite/dist/node/module-runner.js:1062:5)
[2026-01-27T21:56:23.259Z] at async SSRCompatModuleRunner.directRequest (file:///home/ubuntu/senec-design/node_modules/.pnpm/vite@6.4.1_jiti@1.21.7_yaml@2.8.2/node_modules/vite/dist/node/chunks/dep-D4NMHUTW.js:25274:23)
[2026-01-27T21:56:23.260Z] at async SSRCompatModuleRunner.import (file:///home/ubuntu/senec-design/node_modules/.pnpm/vite@6.4.1_jiti@1.21.7_yaml@2.8.2/node_modules/vite/dist/node/module-runner.js:1117:12)
[2026-01-27T21:56:23.260Z] at async DevPipeline.preload (file:///home/ubuntu/senec-design/node_modules/.pnpm/astro@5.16.15_jiti@1.21.7_rollup@4.57.0_typescript@5.9.3_yaml@2.8.2/node_modules/astro/dist/vite-plugin-astro-server/pipeline.js:121:33)
[2026-01-27T21:56:23.260Z] at async getSortedPreloadedMatches (file:///home/ubuntu/senec-design/node_modules/.pnpm/astro@5.16.15_jiti@1.21.7_rollup@4.57.0_typescript@5.9.3_yaml@2.8.2/node_modules/astro/dist/prerender/routing.js:9:11)
[2026-01-27T21:56:23.260Z] at async run (file:///home/ubuntu/senec-design/node_modules/.pnpm/astro@5.16.15_jiti@1.21.7_rollup@4.57.0_typescript@5.9.3_yaml@2.8.2/node_modules/astro/dist/vite-plugin-astro-server/request.js:54:28)
[2026-01-27T21:56:23.260Z] at async handleRequest (file:///home/ubuntu/senec-design/node_modules/.pnpm/astro@5.16.15_jiti@1.21.7_rollup@4.57.0_typescript@5.9.3_yaml@2.8.2/node_modules/astro/dist/vite-plugin-astro-server/request.js:50:3)
[2026-01-27T21:56:25.138Z] 16:56:25 [ERROR] Cannot find module '@/components/ui/input' imported from '/home/ubuntu/senec-design/src/components/SolarCalculator.tsx'
[2026-01-27T21:56:25.139Z] Stack trace:
[2026-01-27T21:56:25.139Z] at fetchModule (file:///home/ubuntu/senec-design/node_modules/.pnpm/vite@6.4.1_jiti@1.21.7_yaml@2.8.2/node_modules/vite/dist/node/chunks/dep-D4NMHUTW.js:46842:19)
[2026-01-27T21:56:25.140Z] [...] See full stack trace in the browser, or rerun with --verbose.
[2026-01-27T21:56:26.140Z] 16:56:26 [ERROR] Cannot find module '@/components/ui/input' imported from '/home/ubuntu/senec-design/src/components/SolarCalculator.tsx'
[2026-01-27T21:56:26.141Z] Stack trace:
[2026-01-27T21:56:26.141Z] at fetchModule (file:///home/ubuntu/senec-design/node_modules/.pnpm/vite@6.4.1_jiti@1.21.7_yaml@2.8.2/node_modules/vite/dist/node/chunks/dep-D4NMHUTW.js:46842:19)
[2026-01-27T21:56:26.141Z] at fetchModule (file:///home/ubuntu/senec-design/node_modules/.pnpm/vite@6.4.1_jiti@1.21.7_yaml@2.8.2/node_modules/vite/dist/node/chunks/dep-D4NMHUTW.js:47887:21)
[2026-01-27T21:56:26.142Z] at EventEmitter.listenerForInvokeHandler (file:///home/ubuntu/senec-design/node_modules/.pnpm/vite@6.4.1_jiti@1.21.7_yaml@2.8.2/node_modules/vite/dist/node/chunks/dep-D4NMHUTW.js:39075:25)
[2026-01-27T21:56:26.142Z] at Object.send (file:///home/ubuntu/senec-design/node_modules/.pnpm/vite@6.4.1_jiti@1.21.7_yaml@2.8.2/node_modules/vite/dist/node/chunks/dep-D4NMHUTW.js:25190:40)
[2026-01-27T21:56:26.142Z] at Object.invoke (file:///home/ubuntu/senec-design/node_modules/.pnpm/vite@6.4.1_jiti@1.21.7_yaml@2.8.2/node_modules/vite/dist/node/module-runner.js:682:34)
[2026-01-27T21:56:26.143Z] at SSRCompatModuleRunner.cachedModule (file:///home/ubuntu/senec-design/node_modules/.pnpm/vite@6.4.1_jiti@1.21.7_yaml@2.8.2/node_modules/vite/dist/node/module-runner.js:1191:21)
[2026-01-27T21:56:26.143Z] at /home/ubuntu/senec-design/src/components/SolarCalculator.tsx:7:1
[2026-01-27T21:56:26.143Z] at async SSRCompatModuleRunner.directRequest (file:///home/ubuntu/senec-design/node_modules/.pnpm/vite@6.4.1_jiti@1.21.7_yaml@2.8.2/node_modules/vite/dist/node/module-runner.js:1284:61)
[2026-01-27T21:56:26.144Z] at async SSRCompatModuleRunner.cachedRequest (file:///home/ubuntu/senec-design/node_modules/.pnpm/vite@6.4.1_jiti@1.21.7_yaml@2.8.2/node_modules/vite/dist/node/module-runner.js:1180:76)
[2026-01-27T21:56:26.145Z] at async ESModulesEvaluator.runInlinedModule (file:///home/ubuntu/senec-design/node_modules/.pnpm/vite@6.4.1_jiti@1.21.7_yaml@2.8.2/node_modules/vite/dist/node/module-runner.js:1062:5)
[2026-01-27T21:56:26.145Z] at async SSRCompatModuleRunner.directRequest (file:///home/ubuntu/senec-design/node_modules/.pnpm/vite@6.4.1_jiti@1.21.7_yaml@2.8.2/node_modules/vite/dist/node/chunks/dep-D4NMHUTW.js:25274:23)
[2026-01-27T21:56:26.145Z] at async SSRCompatModuleRunner.import (file:///home/ubuntu/senec-design/node_modules/.pnpm/vite@6.4.1_jiti@1.21.7_yaml@2.8.2/node_modules/vite/dist/node/module-runner.js:1117:12)
[2026-01-27T21:56:26.146Z] at async DevPipeline.preload (file:///home/ubuntu/senec-design/node_modules/.pnpm/astro@5.16.15_jiti@1.21.7_rollup@4.57.0_typescript@5.9.3_yaml@2.8.2/node_modules/astro/dist/vite-plugin-astro-server/pipeline.js:121:33)
[2026-01-27T21:56:26.146Z] at async getSortedPreloadedMatches (file:///home/ubuntu/senec-design/node_modules/.pnpm/astro@5.16.15_jiti@1.21.7_rollup@4.57.0_typescript@5.9.3_yaml@2.8.2/node_modules/astro/dist/prerender/routing.js:9:11)
[2026-01-27T21:56:26.147Z] at async run (file:///home/ubuntu/senec-design/node_modules/.pnpm/astro@5.16.15_jiti@1.21.7_rollup@4.57.0_typescript@5.9.3_yaml@2.8.2/node_modules/astro/dist/vite-plugin-astro-server/request.js:54:28)
[2026-01-27T21:56:26.147Z] at async handleRequest (file:///home/ubuntu/senec-design/node_modules/.pnpm/astro@5.16.15_jiti@1.21.7_rollup@4.57.0_typescript@5.9.3_yaml@2.8.2/node_modules/astro/dist/vite-plugin-astro-server/request.js:50:3)
[2026-01-27T21:56:28.129Z] 16:56:28 [ERROR] Cannot find module '@/components/ui/input' imported from '/home/ubuntu/senec-design/src/components/SolarCalculator.tsx'
[2026-01-27T21:56:28.130Z] Stack trace:
[2026-01-27T21:56:28.130Z] at fetchModule (file:///home/ubuntu/senec-design/node_modules/.pnpm/vite@6.4.1_jiti@1.21.7_yaml@2.8.2/node_modules/vite/dist/node/chunks/dep-D4NMHUTW.js:46842:19)
[2026-01-27T21:56:28.130Z] [...] See full stack trace in the browser, or rerun with --verbose.
[2026-01-27T21:56:29.128Z] 16:56:29 [ERROR] Cannot find module '@/components/ui/input' imported from '/home/ubuntu/senec-design/src/components/SolarCalculator.tsx'
[2026-01-27T21:56:29.129Z] Stack trace:
[2026-01-27T21:56:29.129Z] at fetchModule (file:///home/ubuntu/senec-design/node_modules/.pnpm/vite@6.4.1_jiti@1.21.7_yaml@2.8.2/node_modules/vite/dist/node/chunks/dep-D4NMHUTW.js:46842:19)
[2026-01-27T21:56:29.129Z] at fetchModule (file:///home/ubuntu/senec-design/node_modules/.pnpm/vite@6.4.1_jiti@1.21.7_yaml@2.8.2/node_modules/vite/dist/node/chunks/dep-D4NMHUTW.js:47887:21)
[2026-01-27T21:56:29.129Z] at EventEmitter.listenerForInvokeHandler (file:///home/ubuntu/senec-design/node_modules/.pnpm/vite@6.4.1_jiti@1.21.7_yaml@2.8.2/node_modules/vite/dist/node/chunks/dep-D4NMHUTW.js:39075:25)
[2026-01-27T21:56:29.130Z] at Object.send (file:///home/ubuntu/senec-design/node_modules/.pnpm/vite@6.4.1_jiti@1.21.7_yaml@2.8.2/node_modules/vite/dist/node/chunks/dep-D4NMHUTW.js:25190:40)
[2026-01-27T21:56:29.130Z] at Object.invoke (file:///home/ubuntu/senec-design/node_modules/.pnpm/vite@6.4.1_jiti@1.21.7_yaml@2.8.2/node_modules/vite/dist/node/module-runner.js:682:34)
[2026-01-27T21:56:29.130Z] at SSRCompatModuleRunner.cachedModule (file:///home/ubuntu/senec-design/node_modules/.pnpm/vite@6.4.1_jiti@1.21.7_yaml@2.8.2/node_modules/vite/dist/node/module-runner.js:1191:21)
[2026-01-27T21:56:29.130Z] at /home/ubuntu/senec-design/src/components/SolarCalculator.tsx:7:1
[2026-01-27T21:56:29.130Z] at async SSRCompatModuleRunner.directRequest (file:///home/ubuntu/senec-design/node_modules/.pnpm/vite@6.4.1_jiti@1.21.7_yaml@2.8.2/node_modules/vite/dist/node/module-runner.js:1284:61)
[2026-01-27T21:56:29.130Z] at async SSRCompatModuleRunner.cachedRequest (file:///home/ubuntu/senec-design/node_modules/.pnpm/vite@6.4.1_jiti@1.21.7_yaml@2.8.2/node_modules/vite/dist/node/module-runner.js:1180:76)
[2026-01-27T21:56:29.131Z] at async ESModulesEvaluator.runInlinedModule (file:///home/ubuntu/senec-design/node_modules/.pnpm/vite@6.4.1_jiti@1.21.7_yaml@2.8.2/node_modules/vite/dist/node/module-runner.js:1062:5)
[2026-01-27T21:56:29.131Z] at async SSRCompatModuleRunner.directRequest (file:///home/ubuntu/senec-design/node_modules/.pnpm/vite@6.4.1_jiti@1.21.7_yaml@2.8.2/node_modules/vite/dist/node/chunks/dep-D4NMHUTW.js:25274:23)
[2026-01-27T21:56:29.131Z] at async SSRCompatModuleRunner.import (file:///home/ubuntu/senec-design/node_modules/.pnpm/vite@6.4.1_jiti@1.21.7_yaml@2.8.2/node_modules/vite/dist/node/module-runner.js:1117:12)
[2026-01-27T21:56:29.131Z] at async DevPipeline.preload (file:///home/ubuntu/senec-design/node_modules/.pnpm/astro@5.16.15_jiti@1.21.7_rollup@4.57.0_typescript@5.9.3_yaml@2.8.2/node_modules/astro/dist/vite-plugin-astro-server/pipeline.js:121:33)
[2026-01-27T21:56:29.131Z] at async getSortedPreloadedMatches (file:///home/ubuntu/senec-design/node_modules/.pnpm/astro@5.16.15_jiti@1.21.7_rollup@4.57.0_typescript@5.9.3_yaml@2.8.2/node_modules/astro/dist/prerender/routing.js:9:11)
[2026-01-27T21:56:29.131Z] at async run (file:///home/ubuntu/senec-design/node_modules/.pnpm/astro@5.16.15_jiti@1.21.7_rollup@4.57.0_typescript@5.9.3_yaml@2.8.2/node_modules/astro/dist/vite-plugin-astro-server/request.js:54:28)
[2026-01-27T21:56:29.132Z] at async handleRequest (file:///home/ubuntu/senec-design/node_modules/.pnpm/astro@5.16.15_jiti@1.21.7_rollup@4.57.0_typescript@5.9.3_yaml@2.8.2/node_modules/astro/dist/vite-plugin-astro-server/request.js:50:3)
[2026-01-27T21:56:29.211Z] 16:56:29 [ERROR] Cannot find module '@/components/ui/input' imported from '/home/ubuntu/senec-design/src/components/SolarCalculator.tsx'
[2026-01-27T21:56:29.212Z] Stack trace:
[2026-01-27T21:56:29.213Z] at fetchModule (file:///home/ubuntu/senec-design/node_modules/.pnpm/vite@6.4.1_jiti@1.21.7_yaml@2.8.2/node_modules/vite/dist/node/chunks/dep-D4NMHUTW.js:46842:19)
[2026-01-27T21:56:29.213Z] [...] See full stack trace in the browser, or rerun with --verbose.
[2026-01-27T21:56:31.129Z] 16:56:31 [ERROR] Cannot find module '@/components/ui/input' imported from '/home/ubuntu/senec-design/src/components/SolarCalculator.tsx'
[2026-01-27T21:56:31.130Z] Stack trace:
[2026-01-27T21:56:31.131Z] at fetchModule (file:///home/ubuntu/senec-design/node_modules/.pnpm/vite@6.4.1_jiti@1.21.7_yaml@2.8.2/node_modules/vite/dist/node/chunks/dep-D4NMHUTW.js:46842:19)
[2026-01-27T21:56:31.131Z] at fetchModule (file:///home/ubuntu/senec-design/node_modules/.pnpm/vite@6.4.1_jiti@1.21.7_yaml@2.8.2/node_modules/vite/dist/node/chunks/dep-D4NMHUTW.js:47887:21)
[2026-01-27T21:56:31.131Z] at EventEmitter.listenerForInvokeHandler (file:///home/ubuntu/senec-design/node_modules/.pnpm/vite@6.4.1_jiti@1.21.7_yaml@2.8.2/node_modules/vite/dist/node/chunks/dep-D4NMHUTW.js:39075:25)
[2026-01-27T21:56:31.131Z] at Object.send (file:///home/ubuntu/senec-design/node_modules/.pnpm/vite@6.4.1_jiti@1.21.7_yaml@2.8.2/node_modules/vite/dist/node/chunks/dep-D4NMHUTW.js:25190:40)
[2026-01-27T21:56:31.131Z] at Object.invoke (file:///home/ubuntu/senec-design/node_modules/.pnpm/vite@6.4.1_jiti@1.21.7_yaml@2.8.2/node_modules/vite/dist/node/module-runner.js:682:34)
[2026-01-27T21:56:31.132Z] at SSRCompatModuleRunner.cachedModule (file:///home/ubuntu/senec-design/node_modules/.pnpm/vite@6.4.1_jiti@1.21.7_yaml@2.8.2/node_modules/vite/dist/node/module-runner.js:1191:21)
[2026-01-27T21:56:31.132Z] at /home/ubuntu/senec-design/src/components/SolarCalculator.tsx:7:1
[2026-01-27T21:56:31.132Z] at async SSRCompatModuleRunner.directRequest (file:///home/ubuntu/senec-design/node_modules/.pnpm/vite@6.4.1_jiti@1.21.7_yaml@2.8.2/node_modules/vite/dist/node/module-runner.js:1284:61)
[2026-01-27T21:56:31.132Z] at async SSRCompatModuleRunner.cachedRequest (file:///home/ubuntu/senec-design/node_modules/.pnpm/vite@6.4.1_jiti@1.21.7_yaml@2.8.2/node_modules/vite/dist/node/module-runner.js:1180:76)
[2026-01-27T21:56:31.132Z] at async ESModulesEvaluator.runInlinedModule (file:///home/ubuntu/senec-design/node_modules/.pnpm/vite@6.4.1_jiti@1.21.7_yaml@2.8.2/node_modules/vite/dist/node/module-runner.js:1062:5)
[2026-01-27T21:56:31.132Z] at async SSRCompatModuleRunner.directRequest (file:///home/ubuntu/senec-design/node_modules/.pnpm/vite@6.4.1_jiti@1.21.7_yaml@2.8.2/node_modules/vite/dist/node/chunks/dep-D4NMHUTW.js:25274:23)
[2026-01-27T21:56:31.132Z] at async SSRCompatModuleRunner.import (file:///home/ubuntu/senec-design/node_modules/.pnpm/vite@6.4.1_jiti@1.21.7_yaml@2.8.2/node_modules/vite/dist/node/module-runner.js:1117:12)
[2026-01-27T21:56:31.133Z] at async DevPipeline.preload (file:///home/ubuntu/senec-design/node_modules/.pnpm/astro@5.16.15_jiti@1.21.7_rollup@4.57.0_typescript@5.9.3_yaml@2.8.2/node_modules/astro/dist/vite-plugin-astro-server/pipeline.js:121:33)
[2026-01-27T21:56:31.133Z] at async getSortedPreloadedMatches (file:///home/ubuntu/senec-design/node_modules/.pnpm/astro@5.16.15_jiti@1.21.7_rollup@4.57.0_typescript@5.9.3_yaml@2.8.2/node_modules/astro/dist/prerender/routing.js:9:11)
[2026-01-27T21:56:31.133Z] at async run (file:///home/ubuntu/senec-design/node_modules/.pnpm/astro@5.16.15_jiti@1.21.7_rollup@4.57.0_typescript@5.9.3_yaml@2.8.2/node_modules/astro/dist/vite-plugin-astro-server/request.js:54:28)
[2026-01-27T21:56:31.133Z] at async handleRequest (file:///home/ubuntu/senec-design/node_modules/.pnpm/astro@5.16.15_jiti@1.21.7_rollup@4.57.0_typescript@5.9.3_yaml@2.8.2/node_modules/astro/dist/vite-plugin-astro-server/request.js:50:3)
[2026-01-27T21:56:32.126Z] 16:56:32 [ERROR] Cannot find module '@/components/ui/input' imported from '/home/ubuntu/senec-design/src/components/SolarCalculator.tsx'
[2026-01-27T21:56:32.128Z] Stack trace:
[2026-01-27T21:56:32.129Z] at fetchModule (file:///home/ubuntu/senec-design/node_modules/.pnpm/vite@6.4.1_jiti@1.21.7_yaml@2.8.2/node_modules/vite/dist/node/chunks/dep-D4NMHUTW.js:46842:19)
[2026-01-27T21:56:32.129Z] [...] See full stack trace in the browser, or rerun with --verbose.
[2026-01-27T21:56:32.129Z] 16:56:32 [ERROR] Cannot find module '@/components/ui/input' imported from '/home/ubuntu/senec-design/src/components/SolarCalculator.tsx'
[2026-01-27T21:56:32.130Z] Stack trace:
[2026-01-27T21:56:32.130Z] at fetchModule (file:///home/ubuntu/senec-design/node_modules/.pnpm/vite@6.4.1_jiti@1.21.7_yaml@2.8.2/node_modules/vite/dist/node/chunks/dep-D4NMHUTW.js:46842:19)
[2026-01-27T21:56:32.130Z] at fetchModule (file:///home/ubuntu/senec-design/node_modules/.pnpm/vite@6.4.1_jiti@1.21.7_yaml@2.8.2/node_modules/vite/dist/node/chunks/dep-D4NMHUTW.js:47887:21)
[2026-01-27T21:56:32.130Z] at EventEmitter.listenerForInvokeHandler (file:///home/ubuntu/senec-design/node_modules/.pnpm/vite@6.4.1_jiti@1.21.7_yaml@2.8.2/node_modules/vite/dist/node/chunks/dep-D4NMHUTW.js:39075:25)
[2026-01-27T21:56:32.130Z] at Object.send (file:///home/ubuntu/senec-design/node_modules/.pnpm/vite@6.4.1_jiti@1.21.7_yaml@2.8.2/node_modules/vite/dist/node/chunks/dep-D4NMHUTW.js:25190:40)
[2026-01-27T21:56:32.130Z] at Object.invoke (file:///home/ubuntu/senec-design/node_modules/.pnpm/vite@6.4.1_jiti@1.21.7_yaml@2.8.2/node_modules/vite/dist/node/module-runner.js:682:34)
[2026-01-27T21:56:32.131Z] at SSRCompatModuleRunner.cachedModule (file:///home/ubuntu/senec-design/node_modules/.pnpm/vite@6.4.1_jiti@1.21.7_yaml@2.8.2/node_modules/vite/dist/node/module-runner.js:1191:21)
[2026-01-27T21:56:32.131Z] at /home/ubuntu/senec-design/src/components/SolarCalculator.tsx:7:1
[2026-01-27T21:56:32.131Z] at async SSRCompatModuleRunner.directRequest (file:///home/ubuntu/senec-design/node_modules/.pnpm/vite@6.4.1_jiti@1.21.7_yaml@2.8.2/node_modules/vite/dist/node/module-runner.js:1284:61)
[2026-01-27T21:56:32.131Z] at async SSRCompatModuleRunner.cachedRequest (file:///home/ubuntu/senec-design/node_modules/.pnpm/vite@6.4.1_jiti@1.21.7_yaml@2.8.2/node_modules/vite/dist/node/module-runner.js:1180:76)
[2026-01-27T21:56:32.131Z] at async ESModulesEvaluator.runInlinedModule (file:///home/ubuntu/senec-design/node_modules/.pnpm/vite@6.4.1_jiti@1.21.7_yaml@2.8.2/node_modules/vite/dist/node/module-runner.js:1062:5)
[2026-01-27T21:56:32.131Z] at async SSRCompatModuleRunner.directRequest (file:///home/ubuntu/senec-design/node_modules/.pnpm/vite@6.4.1_jiti@1.21.7_yaml@2.8.2/node_modules/vite/dist/node/chunks/dep-D4NMHUTW.js:25274:23)
[2026-01-27T21:56:34.130Z] 16:56:34 [ERROR] Cannot find module '@/components/ui/input' imported from '/home/ubuntu/senec-design/src/components/SolarCalculator.tsx'
[2026-01-27T21:56:34.130Z] Stack trace:
[2026-01-27T21:56:34.131Z] at fetchModule (file:///home/ubuntu/senec-design/node_modules/.pnpm/vite@6.4.1_jiti@1.21.7_yaml@2.8.2/node_modules/vite/dist/node/chunks/dep-D4NMHUTW.js:46842:19)
[2026-01-27T21:56:34.131Z] [...] See full stack trace in the browser, or rerun with --verbose.
[2026-01-27T21:56:35.131Z] 16:56:35 [ERROR] Cannot find module '@/components/ui/input' imported from '/home/ubuntu/senec-design/src/components/SolarCalculator.tsx'
[2026-01-27T21:56:35.132Z] Stack trace:
[2026-01-27T21:56:35.132Z] at fetchModule (file:///home/ubuntu/senec-design/node_modules/.pnpm/vite@6.4.1_jiti@1.21.7_yaml@2.8.2/node_modules/vite/dist/node/chunks/dep-D4NMHUTW.js:46842:19)
[2026-01-27T21:56:35.133Z] at fetchModule (file:///home/ubuntu/senec-design/node_modules/.pnpm/vite@6.4.1_jiti@1.21.7_yaml@2.8.2/node_modules/vite/dist/node/chunks/dep-D4NMHUTW.js:47887:21)
[2026-01-27T21:56:35.133Z] at EventEmitter.listenerForInvokeHandler (file:///home/ubuntu/senec-design/node_modules/.pnpm/vite@6.4.1_jiti@1.21.7_yaml@2.8.2/node_modules/vite/dist/node/chunks/dep-D4NMHUTW.js:39075:25)
[2026-01-27T21:56:35.133Z] at Object.send (file:///home/ubuntu/senec-design/node_modules/.pnpm/vite@6.4.1_jiti@1.21.7_yaml@2.8.2/node_modules/vite/dist/node/chunks/dep-D4NMHUTW.js:25190:40)
[2026-01-27T21:56:35.133Z] at Object.invoke (file:///home/ubuntu/senec-design/node_modules/.pnpm/vite@6.4.1_jiti@1.21.7_yaml@2.8.2/node_modules/vite/dist/node/module-runner.js:682:34)
[2026-01-27T21:56:35.133Z] at SSRCompatModuleRunner.cachedModule (file:///home/ubuntu/senec-design/node_modules/.pnpm/vite@6.4.1_jiti@1.21.7_yaml@2.8.2/node_modules/vite/dist/node/module-runner.js:1191:21)
[2026-01-27T21:56:35.133Z] at /home/ubuntu/senec-design/src/components/SolarCalculator.tsx:7:1
[2026-01-27T21:56:35.134Z] at async SSRCompatModuleRunner.directRequest (file:///home/ubuntu/senec-design/node_modules/.pnpm/vite@6.4.1_jiti@1.21.7_yaml@2.8.2/node_modules/vite/dist/node/module-runner.js:1284:61)
[2026-01-27T21:56:35.134Z] at async SSRCompatModuleRunner.cachedRequest (file:///home/ubuntu/senec-design/node_modules/.pnpm/vite@6.4.1_jiti@1.21.7_yaml@2.8.2/node_modules/vite/dist/node/module-runner.js:1180:76)
[2026-01-27T21:56:35.134Z] at async ESModulesEvaluator.runInlinedModule (file:///home/ubuntu/senec-design/node_modules/.pnpm/vite@6.4.1_jiti@1.21.7_yaml@2.8.2/node_modules/vite/dist/node/module-runner.js:1062:5)
[2026-01-27T21:56:35.134Z] at async SSRCompatModuleRunner.directRequest (file:///home/ubuntu/senec-design/node_modules/.pnpm/vite@6.4.1_jiti@1.21.7_yaml@2.8.2/node_modules/vite/dist/node/chunks/dep-D4NMHUTW.js:25274:23)
[2026-01-27T21:56:35.134Z] at async SSRCompatModuleRunner.import (file:///home/ubuntu/senec-design/node_modules/.pnpm/vite@6.4.1_jiti@1.21.7_yaml@2.8.2/node_modules/vite/dist/node/module-runner.js:1117:12)
[2026-01-27T21:56:35.134Z] at async DevPipeline.preload (file:///home/ubuntu/senec-design/node_modules/.pnpm/astro@5.16.15_jiti@1.21.7_rollup@4.57.0_typescript@5.9.3_yaml@2.8.2/node_modules/astro/dist/vite-plugin-astro-server/pipeline.js:121:33)
[2026-01-27T21:56:35.135Z] at async getSortedPreloadedMatches (file:///home/ubuntu/senec-design/node_modules/.pnpm/astro@5.16.15_jiti@1.21.7_rollup@4.57.0_typescript@5.9.3_yaml@2.8.2/node_modules/astro/dist/prerender/routing.js:9:11)
[2026-01-27T21:56:35.135Z] at async run (file:///home/ubuntu/senec-design/node_modules/.pnpm/astro@5.16.15_jiti@1.21.7_rollup@4.57.0_typescript@5.9.3_yaml@2.8.2/node_modules/astro/dist/vite-plugin-astro-server/request.js:54:28)
[2026-01-27T21:56:35.135Z] at async handleRequest (file:///home/ubuntu/senec-design/node_modules/.pnpm/astro@5.16.15_jiti@1.21.7_rollup@4.57.0_typescript@5.9.3_yaml@2.8.2/node_modules/astro/dist/vite-plugin-astro-server/request.js:50:3)
[2026-01-27T21:56:35.214Z] 16:56:35 [ERROR] Cannot find module '@/components/ui/input' imported from '/home/ubuntu/senec-design/src/components/SolarCalculator.tsx'
[2026-01-27T21:56:35.215Z] Stack trace:
[2026-01-27T21:56:35.215Z] at fetchModule (file:///home/ubuntu/senec-design/node_modules/.pnpm/vite@6.4.1_jiti@1.21.7_yaml@2.8.2/node_modules/vite/dist/node/chunks/dep-D4NMHUTW.js:46842:19)
[2026-01-27T21:56:35.215Z] [...] See full stack trace in the browser, or rerun with --verbose.
[2026-01-27T21:56:37.137Z] 16:56:37 [ERROR] Cannot find module '@/components/ui/input' imported from '/home/ubuntu/senec-design/src/components/SolarCalculator.tsx'
[2026-01-27T21:56:37.138Z] Stack trace:
[2026-01-27T21:56:37.138Z] at fetchModule (file:///home/ubuntu/senec-design/node_modules/.pnpm/vite@6.4.1_jiti@1.21.7_yaml@2.8.2/node_modules/vite/dist/node/chunks/dep-D4NMHUTW.js:46842:19)
[2026-01-27T21:56:37.138Z] at fetchModule (file:///home/ubuntu/senec-design/node_modules/.pnpm/vite@6.4.1_jiti@1.21.7_yaml@2.8.2/node_modules/vite/dist/node/chunks/dep-D4NMHUTW.js:47887:21)
[2026-01-27T21:56:37.139Z] at EventEmitter.listenerForInvokeHandler (file:///home/ubuntu/senec-design/node_modules/.pnpm/vite@6.4.1_jiti@1.21.7_yaml@2.8.2/node_modules/vite/dist/node/chunks/dep-D4NMHUTW.js:39075:25)
[2026-01-27T21:56:37.139Z] at Object.send (file:///home/ubuntu/senec-design/node_modules/.pnpm/vite@6.4.1_jiti@1.21.7_yaml@2.8.2/node_modules/vite/dist/node/chunks/dep-D4NMHUTW.js:25190:40)
[2026-01-27T21:56:37.139Z] at Object.invoke (file:///home/ubuntu/senec-design/node_modules/.pnpm/vite@6.4.1_jiti@1.21.7_yaml@2.8.2/node_modules/vite/dist/node/module-runner.js:682:34)
[2026-01-27T21:56:37.139Z] at SSRCompatModuleRunner.cachedModule (file:///home/ubuntu/senec-design/node_modules/.pnpm/vite@6.4.1_jiti@1.21.7_yaml@2.8.2/node_modules/vite/dist/node/module-runner.js:1191:21)
[2026-01-27T21:56:37.139Z] at /home/ubuntu/senec-design/src/components/SolarCalculator.tsx:7:1
[2026-01-27T21:56:37.139Z] at async SSRCompatModuleRunner.directRequest (file:///home/ubuntu/senec-design/node_modules/.pnpm/vite@6.4.1_jiti@1.21.7_yaml@2.8.2/node_modules/vite/dist/node/module-runner.js:1284:61)
[2026-01-27T21:56:37.140Z] at async SSRCompatModuleRunner.cachedRequest (file:///home/ubuntu/senec-design/node_modules/.pnpm/vite@6.4.1_jiti@1.21.7_yaml@2.8.2/node_modules/vite/dist/node/module-runner.js:1180:76)
[2026-01-27T21:56:37.140Z] at async ESModulesEvaluator.runInlinedModule (file:///home/ubuntu/senec-design/node_modules/.pnpm/vite@6.4.1_jiti@1.21.7_yaml@2.8.2/node_modules/vite/dist/node/module-runner.js:1062:5)
[2026-01-27T21:56:37.140Z] at async SSRCompatModuleRunner.directRequest (file:///home/ubuntu/senec-design/node_modules/.pnpm/vite@6.4.1_jiti@1.21.7_yaml@2.8.2/node_modules/vite/dist/node/chunks/dep-D4NMHUTW.js:25274:23)
[2026-01-27T21:56:37.140Z] at async SSRCompatModuleRunner.import (file:///home/ubuntu/senec-design/node_modules/.pnpm/vite@6.4.1_jiti@1.21.7_yaml@2.8.2/node_modules/vite/dist/node/module-runner.js:1117:12)
[2026-01-27T21:56:37.140Z] at async DevPipeline.preload (file:///home/ubuntu/senec-design/node_modules/.pnpm/astro@5.16.15_jiti@1.21.7_rollup@4.57.0_typescript@5.9.3_yaml@2.8.2/node_modules/astro/dist/vite-plugin-astro-server/pipeline.js:121:33)
[2026-01-27T21:56:37.140Z] at async getSortedPreloadedMatches (file:///home/ubuntu/senec-design/node_modules/.pnpm/astro@5.16.15_jiti@1.21.7_rollup@4.57.0_typescript@5.9.3_yaml@2.8.2/node_modules/astro/dist/prerender/routing.js:9:11)
[2026-01-27T21:56:37.140Z] at async run (file:///home/ubuntu/senec-design/node_modules/.pnpm/astro@5.16.15_jiti@1.21.7_rollup@4.57.0_typescript@5.9.3_yaml@2.8.2/node_modules/astro/dist/vite-plugin-astro-server/request.js:54:28)
[2026-01-27T21:56:37.141Z] at async handleRequest (file:///home/ubuntu/senec-design/node_modules/.pnpm/astro@5.16.15_jiti@1.21.7_rollup@4.57.0_typescript@5.9.3_yaml@2.8.2/node_modules/astro/dist/vite-plugin-astro-server/request.js:50:3)
[2026-01-27T21:56:38.136Z] 16:56:38 [ERROR] Cannot find module '@/components/ui/input' imported from '/home/ubuntu/senec-design/src/components/SolarCalculator.tsx'
[2026-01-27T21:56:38.137Z] Stack trace:
[2026-01-27T21:56:38.137Z] at fetchModule (file:///home/ubuntu/senec-design/node_modules/.pnpm/vite@6.4.1_jiti@1.21.7_yaml@2.8.2/node_modules/vite/dist/node/chunks/dep-D4NMHUTW.js:46842:19)
[2026-01-27T21:56:38.137Z] [...] See full stack trace in the browser, or rerun with --verbose.
[2026-01-27T21:56:39.140Z] 16:56:39 [ERROR] Cannot find module '@/components/ui/input' imported from '/home/ubuntu/senec-design/src/components/SolarCalculator.tsx'
[2026-01-27T21:56:39.140Z] Stack trace:
[2026-01-27T21:56:39.141Z] at fetchModule (file:///home/ubuntu/senec-design/node_modules/.pnpm/vite@6.4.1_jiti@1.21.7_yaml@2.8.2/node_modules/vite/dist/node/chunks/dep-D4NMHUTW.js:46842:19)
[2026-01-27T21:56:39.141Z] at fetchModule (file:///home/ubuntu/senec-design/node_modules/.pnpm/vite@6.4.1_jiti@1.21.7_yaml@2.8.2/node_modules/vite/dist/node/chunks/dep-D4NMHUTW.js:47887:21)
[2026-01-27T21:56:39.142Z] at EventEmitter.listenerForInvokeHandler (file:///home/ubuntu/senec-design/node_modules/.pnpm/vite@6.4.1_jiti@1.21.7_yaml@2.8.2/node_modules/vite/dist/node/chunks/dep-D4NMHUTW.js:39075:25)
[2026-01-27T21:56:39.142Z] at Object.send (file:///home/ubuntu/senec-design/node_modules/.pnpm/vite@6.4.1_jiti@1.21.7_yaml@2.8.2/node_modules/vite/dist/node/chunks/dep-D4NMHUTW.js:25190:40)
[2026-01-27T21:56:39.142Z] at Object.invoke (file:///home/ubuntu/senec-design/node_modules/.pnpm/vite@6.4.1_jiti@1.21.7_yaml@2.8.2/node_modules/vite/dist/node/module-runner.js:682:34)
[2026-01-27T21:56:39.143Z] at SSRCompatModuleRunner.cachedModule (file:///home/ubuntu/senec-design/node_modules/.pnpm/vite@6.4.1_jiti@1.21.7_yaml@2.8.2/node_modules/vite/dist/node/module-runner.js:1191:21)
[2026-01-27T21:56:39.143Z] at /home/ubuntu/senec-design/src/components/SolarCalculator.tsx:7:1
[2026-01-27T21:56:39.144Z] at async SSRCompatModuleRunner.directRequest (file:///home/ubuntu/senec-design/node_modules/.pnpm/vite@6.4.1_jiti@1.21.7_yaml@2.8.2/node_modules/vite/dist/node/module-runner.js:1284:61)
[2026-01-27T21:56:39.144Z] at async SSRCompatModuleRunner.cachedRequest (file:///home/ubuntu/senec-design/node_modules/.pnpm/vite@6.4.1_jiti@1.21.7_yaml@2.8.2/node_modules/vite/dist/node/module-runner.js:1180:76)
[2026-01-27T21:56:39.144Z] at async ESModulesEvaluator.runInlinedModule (file:///home/ubuntu/senec-design/node_modules/.pnpm/vite@6.4.1_jiti@1.21.7_yaml@2.8.2/node_modules/vite/dist/node/module-runner.js:1062:5)
[2026-01-27T21:56:39.144Z] at async SSRCompatModuleRunner.directRequest (file:///home/ubuntu/senec-design/node_modules/.pnpm/vite@6.4.1_jiti@1.21.7_yaml@2.8.2/node_modules/vite/dist/node/chunks/dep-D4NMHUTW.js:25274:23)
[2026-01-27T21:56:39.145Z] at async SSRCompatModuleRunner.import (file:///home/ubuntu/senec-design/node_modules/.pnpm/vite@6.4.1_jiti@1.21.7_yaml@2.8.2/node_modules/vite/dist/node/module-runner.js:1117:12)
[2026-01-27T21:56:39.145Z] at async DevPipeline.preload (file:///home/ubuntu/senec-design/node_modules/.pnpm/astro@5.16.15_jiti@1.21.7_rollup@4.57.0_typescript@5.9.3_yaml@2.8.2/node_modules/astro/dist/vite-plugin-astro-server/pipeline.js:121:33)
[2026-01-27T21:56:39.145Z] at async getSortedPreloadedMatches (file:///home/ubuntu/senec-design/node_modules/.pnpm/astro@5.16.15_jiti@1.21.7_rollup@4.57.0_typescript@5.9.3_yaml@2.8.2/node_modules/astro/dist/prerender/routing.js:9:11)
[2026-01-27T21:56:39.146Z] at async run (file:///home/ubuntu/senec-design/node_modules/.pnpm/astro@5.16.15_jiti@1.21.7_rollup@4.57.0_typescript@5.9.3_yaml@2.8.2/node_modules/astro/dist/vite-plugin-astro-server/request.js:54:28)
[2026-01-27T21:56:39.146Z] at async handleRequest (file:///home/ubuntu/senec-design/node_modules/.pnpm/astro@5.16.15_jiti@1.21.7_rollup@4.57.0_typescript@5.9.3_yaml@2.8.2/node_modules/astro/dist/vite-plugin-astro-server/request.js:50:3)
[2026-01-27T21:56:40.138Z] 16:56:40 [ERROR] Cannot find module '@/components/ui/input' imported from '/home/ubuntu/senec-design/src/components/SolarCalculator.tsx'
[2026-01-27T21:56:40.138Z] Stack trace:
[2026-01-27T21:56:40.139Z] at fetchModule (file:///home/ubuntu/senec-design/node_modules/.pnpm/vite@6.4.1_jiti@1.21.7_yaml@2.8.2/node_modules/vite/dist/node/chunks/dep-D4NMHUTW.js:46842:19)
[2026-01-27T21:56:40.139Z] [...] See full stack trace in the browser, or rerun with --verbose.
[2026-01-27T21:56:41.127Z] 16:56:41 [ERROR] Cannot find module '@/components/ui/input' imported from '/home/ubuntu/senec-design/src/components/SolarCalculator.tsx'
[2026-01-27T21:56:41.127Z] Stack trace:
[2026-01-27T21:56:41.128Z] at fetchModule (file:///home/ubuntu/senec-design/node_modules/.pnpm/vite@6.4.1_jiti@1.21.7_yaml@2.8.2/node_modules/vite/dist/node/chunks/dep-D4NMHUTW.js:46842:19)
[2026-01-27T21:56:41.128Z] at fetchModule (file:///home/ubuntu/senec-design/node_modules/.pnpm/vite@6.4.1_jiti@1.21.7_yaml@2.8.2/node_modules/vite/dist/node/chunks/dep-D4NMHUTW.js:47887:21)
[2026-01-27T21:56:41.128Z] at EventEmitter.listenerForInvokeHandler (file:///home/ubuntu/senec-design/node_modules/.pnpm/vite@6.4.1_jiti@1.21.7_yaml@2.8.2/node_modules/vite/dist/node/chunks/dep-D4NMHUTW.js:39075:25)
[2026-01-27T21:56:41.128Z] at Object.send (file:///home/ubuntu/senec-design/node_modules/.pnpm/vite@6.4.1_jiti@1.21.7_yaml@2.8.2/node_modules/vite/dist/node/chunks/dep-D4NMHUTW.js:25190:40)
[2026-01-27T21:56:41.128Z] at Object.invoke (file:///home/ubuntu/senec-design/node_modules/.pnpm/vite@6.4.1_jiti@1.21.7_yaml@2.8.2/node_modules/vite/dist/node/module-runner.js:682:34)
[2026-01-27T21:56:41.129Z] at SSRCompatModuleRunner.cachedModule (file:///home/ubuntu/senec-design/node_modules/.pnpm/vite@6.4.1_jiti@1.21.7_yaml@2.8.2/node_modules/vite/dist/node/module-runner.js:1191:21)
[2026-01-27T21:56:41.129Z] at /home/ubuntu/senec-design/src/components/SolarCalculator.tsx:7:1
[2026-01-27T21:56:41.129Z] at async SSRCompatModuleRunner.directRequest (file:///home/ubuntu/senec-design/node_modules/.pnpm/vite@6.4.1_jiti@1.21.7_yaml@2.8.2/node_modules/vite/dist/node/module-runner.js:1284:61)
[2026-01-27T21:56:41.129Z] at async SSRCompatModuleRunner.cachedRequest (file:///home/ubuntu/senec-design/node_modules/.pnpm/vite@6.4.1_jiti@1.21.7_yaml@2.8.2/node_modules/vite/dist/node/module-runner.js:1180:76)
[2026-01-27T21:56:41.129Z] at async ESModulesEvaluator.runInlinedModule (file:///home/ubuntu/senec-design/node_modules/.pnpm/vite@6.4.1_jiti@1.21.7_yaml@2.8.2/node_modules/vite/dist/node/module-runner.js:1062:5)
[2026-01-27T21:56:41.130Z] at async SSRCompatModuleRunner.directRequest (file:///home/ubuntu/senec-design/node_modules/.pnpm/vite@6.4.1_jiti@1.21.7_yaml@2.8.2/node_modules/vite/dist/node/chunks/dep-D4NMHUTW.js:25274:23)
[2026-01-27T21:56:41.130Z] at async SSRCompatModuleRunner.import (file:///home/ubuntu/senec-design/node_modules/.pnpm/vite@6.4.1_jiti@1.21.7_yaml@2.8.2/node_modules/vite/dist/node/module-runner.js:1117:12)
[2026-01-27T21:56:41.130Z] at async DevPipeline.preload (file:///home/ubuntu/senec-design/node_modules/.pnpm/astro@5.16.15_jiti@1.21.7_rollup@4.57.0_typescript@5.9.3_yaml@2.8.2/node_modules/astro/dist/vite-plugin-astro-server/pipeline.js:121:33)
[2026-01-27T21:56:41.130Z] at async getSortedPreloadedMatches (file:///home/ubuntu/senec-design/node_modules/.pnpm/astro@5.16.15_jiti@1.21.7_rollup@4.57.0_typescript@5.9.3_yaml@2.8.2/node_modules/astro/dist/prerender/routing.js:9:11)
[2026-01-27T21:56:41.130Z] at async run (file:///home/ubuntu/senec-design/node_modules/.pnpm/astro@5.16.15_jiti@1.21.7_rollup@4.57.0_typescript@5.9.3_yaml@2.8.2/node_modules/astro/dist/vite-plugin-astro-server/request.js:54:28)
[2026-01-27T21:56:41.130Z] at async handleRequest (file:///home/ubuntu/senec-design/node_modules/.pnpm/astro@5.16.15_jiti@1.21.7_rollup@4.57.0_typescript@5.9.3_yaml@2.8.2/node_modules/astro/dist/vite-plugin-astro-server/request.js:50:3)
[2026-01-27T21:56:42.187Z] 16:56:42 [200] HEAD / 53ms
[2026-01-27T21:56:42.344Z] 16:56:42 [200] / 7ms
[2026-01-27T21:56:43.168Z] 16:56:43 [200] / 8ms
[2026-01-27T21:56:44.172Z] 16:56:44 [200] / 7ms
[2026-01-27T21:56:47.106Z] 16:56:47 [200] / 9ms
[2026-01-27T21:56:50.102Z] 16:56:50 [200] / 7ms
[2026-01-27T21:56:54.103Z] 16:56:54 [200] / 7ms
[2026-01-27T21:56:58.109Z] 16:56:58 [200] / 7ms
[2026-01-27T21:57:02.104Z] 16:57:02 [200] / 8ms
[2026-01-27T21:57:05.107Z] 16:57:05 [200] / 7ms
[2026-01-27T21:57:09.100Z] 16:57:09 [200] / 7ms
[2026-01-27T21:57:11.214Z] 16:57:11 [200] / 8ms
[2026-01-27T21:57:13.107Z] 16:57:13 [200] / 7ms
[2026-01-27T21:57:16.119Z] 16:57:16 [200] / 8ms
[2026-01-27T21:57:30.221Z] 16:57:30 [200] / 12ms
[2026-01-27T21:57:34.177Z] 16:57:34 [200] / 9ms
[2026-01-27T21:57:38.104Z] 16:57:38 [200] / 8ms
[2026-01-27T21:57:42.105Z] 16:57:42 [200] / 8ms
[2026-01-27T21:57:46.106Z] 16:57:46 [200] / 9ms
[2026-01-27T22:02:08.215Z] 17:02:08 [200] / 8ms
[2026-01-27T22:05:10.734Z] 17:05:10 [200] / 9ms
[2026-01-27T22:06:15.009Z] 17:06:15 [watch] src/components/SolarCalculator.tsx
[2026-01-27T22:06:15.011Z] 17:06:15 [watch] src/components/SolarCalculator.tsx
[2026-01-27T22:06:15.424Z] 17:06:15 [200] / 73ms
[2026-01-27T22:06:16.120Z] 17:06:16 [200] / 7ms
[2026-01-27T22:06:16.245Z] 17:06:16 [200] / 7ms
[2026-01-27T22:06:20.107Z] 17:06:20 [200] / 7ms
[2026-01-27T22:06:24.100Z] 17:06:24 [200] / 7ms
[2026-01-27T22:06:28.106Z] 17:06:28 [200] / 7ms
[2026-01-27T22:06:32.108Z] 17:06:32 [200] / 8ms
[2026-01-27T22:06:36.108Z] 17:06:36 [200] / 9ms
[2026-01-27T22:06:40.108Z] 17:06:40 [200] / 9ms
[2026-01-27T22:06:44.112Z] 17:06:44 [200] / 10ms
[2026-01-27T22:06:48.114Z] 17:06:48 [200] / 8ms
[2026-01-27T22:06:53.163Z] 17:06:53 [200] / 8ms
[2026-01-27T22:06:56.757Z] 17:06:56 [200] / 8ms
[2026-01-27T22:07:09.666Z] 17:07:09 [200] / 6ms
[2026-01-27T22:07:13.106Z] 17:07:13 [200] / 11ms
[2026-01-27T22:07:16.107Z] 17:07:16 [200] / 9ms
[2026-01-27T22:07:20.111Z] 17:07:20 [200] / 8ms
[2026-01-27T22:07:24.102Z] 17:07:24 [200] / 9ms
[2026-01-27T22:07:28.107Z] 17:07:28 [200] / 8ms
[2026-01-27T22:07:32.103Z] 17:07:32 [200] / 8ms
[2026-01-27T22:07:33.216Z] Dev server process group stopped
[2026-01-27T22:07:33.233Z] ELIFECYCLE  Command failed.
[2026-01-27T22:07:33.238Z] Dev server exited with code -15
[2026-01-27T22:07:36.232Z] Starting dev server with command: pnpm run dev
[2026-01-27T22:07:36.536Z] 
[2026-01-27T22:07:36.537Z] > senec-design@0.0.1 dev /home/ubuntu/senec-design
[2026-01-27T22:07:36.537Z] > astro dev --host
[2026-01-27T22:07:36.537Z] 
[2026-01-27T22:07:37.821Z] 17:07:37 [types] Generated 0ms
[2026-01-27T22:07:37.833Z] 17:07:37 [content] Syncing content
[2026-01-27T22:07:37.845Z] 17:07:37 [content] Synced content
[2026-01-27T22:07:37.853Z] 17:07:37 [vite] Re-optimizing dependencies because vite config has changed
[2026-01-27T22:07:37.868Z] 
[2026-01-27T22:07:37.868Z] astro  v5.16.15 ready in 396 ms
[2026-01-27T22:07:37.869Z] 
[2026-01-27T22:07:37.869Z] ┃ Local    http://localhost:3000/
[2026-01-27T22:07:37.869Z] ┃ Network  http://169.254.0.21:3000/
[2026-01-27T22:07:37.870Z] 
[2026-01-27T22:07:37.870Z] 17:07:37 watching for file changes...
[2026-01-27T22:07:39.864Z] 17:07:39 [200] / 202ms
[2026-01-27T22:07:39.866Z] 17:07:39 [200] / 204ms
[2026-01-27T22:08:11.600Z] 17:08:11 [200] / 10ms
[2026-01-27T22:12:10.806Z] 17:12:10 [200] / 9ms
[2026-01-27T22:12:43.894Z] 17:12:43 [200] / 9ms
[2026-01-27T22:12:48.797Z] 17:12:48 [200] / 10ms
[2026-01-27T22:13:01.580Z] 17:13:01 [200] / 9ms
[2026-01-27T22:13:47.816Z] 17:13:47 [200] /solarmanager 5ms
[2026-01-27T22:13:52.089Z] 17:13:52 [200] / 9ms
[2026-01-27T22:14:31.160Z] 17:14:31 [200] / 8ms
[2026-01-27T22:16:01.103Z] 17:16:01 [watch] /src/components/SolarCalculator.tsx, /src/styles/global.css
[2026-01-27T22:16:01.105Z] 17:16:01 [watch] src/components/SolarCalculator.tsx
[2026-01-27T22:16:01.702Z] 17:16:01 [200] / 91ms
[2026-01-27T22:16:04.421Z] 17:16:04 [200] / 31ms
[2026-01-27T22:16:07.084Z] 17:16:07 [200] / 34ms
[2026-01-27T22:16:09.781Z] 17:16:09 [200] / 30ms
[2026-01-27T22:16:12.468Z] 17:16:12 [200] / 34ms
[2026-01-27T22:16:15.132Z] 17:16:15 [200] / 38ms
[2026-01-27T22:16:17.860Z] 17:16:17 [200] / 34ms
[2026-01-27T22:16:20.469Z] 17:16:20 [200] / 32ms
[2026-01-27T22:16:23.263Z] 17:16:23 [200] / 32ms
[2026-01-27T22:16:25.896Z] 17:16:25 [200] / 30ms
[2026-01-27T22:16:28.500Z] 17:16:28 [200] / 31ms
[2026-01-27T22:16:31.201Z] 17:16:31 [200] / 32ms
[2026-01-27T22:16:31.620Z] 17:16:31 [200] / 33ms
[2026-01-27T22:16:33.888Z] 17:16:33 [200] / 34ms
[2026-01-27T22:16:36.492Z] 17:16:36 [200] / 31ms
[2026-01-27T22:16:39.087Z] 17:16:39 [200] / 30ms
[2026-01-27T22:16:41.712Z] 17:16:41 [200] / 30ms
[2026-01-27T22:16:44.297Z] 17:16:44 [200] / 32ms
[2026-01-27T22:18:46.581Z] 17:18:46 [watch] /src/components/SolarCalculator.tsx, /src/styles/global.css
[2026-01-27T22:18:46.583Z] 17:18:46 [watch] src/components/SolarCalculator.tsx
[2026-01-27T22:18:47.205Z] 17:18:47 [ERROR] Cannot find module '@/components/ui/tooltip' imported from '/home/ubuntu/senec-design/src/components/SolarCalculator.tsx'
[2026-01-27T22:18:47.206Z] Stack trace:
[2026-01-27T22:18:47.207Z] at fetchModule (file:///home/ubuntu/senec-design/node_modules/.pnpm/vite@6.4.1_jiti@1.21.7_yaml@2.8.2/node_modules/vite/dist/node/chunks/dep-D4NMHUTW.js:46842:19)
[2026-01-27T22:18:47.207Z] at fetchModule (file:///home/ubuntu/senec-design/node_modules/.pnpm/vite@6.4.1_jiti@1.21.7_yaml@2.8.2/node_modules/vite/dist/node/chunks/dep-D4NMHUTW.js:47887:21)
[2026-01-27T22:18:47.207Z] at EventEmitter.listenerForInvokeHandler (file:///home/ubuntu/senec-design/node_modules/.pnpm/vite@6.4.1_jiti@1.21.7_yaml@2.8.2/node_modules/vite/dist/node/chunks/dep-D4NMHUTW.js:39075:25)
[2026-01-27T22:18:47.207Z] at Object.send (file:///home/ubuntu/senec-design/node_modules/.pnpm/vite@6.4.1_jiti@1.21.7_yaml@2.8.2/node_modules/vite/dist/node/chunks/dep-D4NMHUTW.js:25190:40)
[2026-01-27T22:18:47.207Z] at Object.invoke (file:///home/ubuntu/senec-design/node_modules/.pnpm/vite@6.4.1_jiti@1.21.7_yaml@2.8.2/node_modules/vite/dist/node/module-runner.js:682:34)
[2026-01-27T22:18:47.207Z] at SSRCompatModuleRunner.cachedModule (file:///home/ubuntu/senec-design/node_modules/.pnpm/vite@6.4.1_jiti@1.21.7_yaml@2.8.2/node_modules/vite/dist/node/module-runner.js:1191:21)
[2026-01-27T22:18:47.208Z] at /home/ubuntu/senec-design/src/components/SolarCalculator.tsx:10:1
[2026-01-27T22:18:47.208Z] at async SSRCompatModuleRunner.directRequest (file:///home/ubuntu/senec-design/node_modules/.pnpm/vite@6.4.1_jiti@1.21.7_yaml@2.8.2/node_modules/vite/dist/node/module-runner.js:1284:61)
[2026-01-27T22:18:47.209Z] at async SSRCompatModuleRunner.cachedRequest (file:///home/ubuntu/senec-design/node_modules/.pnpm/vite@6.4.1_jiti@1.21.7_yaml@2.8.2/node_modules/vite/dist/node/module-runner.js:1180:76)
[2026-01-27T22:18:47.209Z] at async ESModulesEvaluator.runInlinedModule (file:///home/ubuntu/senec-design/node_modules/.pnpm/vite@6.4.1_jiti@1.21.7_yaml@2.8.2/node_modules/vite/dist/node/module-runner.js:1062:5)
[2026-01-27T22:18:47.209Z] at async SSRCompatModuleRunner.directRequest (file:///home/ubuntu/senec-design/node_modules/.pnpm/vite@6.4.1_jiti@1.21.7_yaml@2.8.2/node_modules/vite/dist/node/chunks/dep-D4NMHUTW.js:25274:23)
[2026-01-27T22:18:47.209Z] at async SSRCompatModuleRunner.import (file:///home/ubuntu/senec-design/node_modules/.pnpm/vite@6.4.1_jiti@1.21.7_yaml@2.8.2/node_modules/vite/dist/node/module-runner.js:1117:12)
[2026-01-27T22:18:47.209Z] at async DevPipeline.preload (file:///home/ubuntu/senec-design/node_modules/.pnpm/astro@5.16.15_jiti@1.21.7_rollup@4.57.0_typescript@5.9.3_yaml@2.8.2/node_modules/astro/dist/vite-plugin-astro-server/pipeline.js:121:33)
[2026-01-27T22:18:47.209Z] at async getSortedPreloadedMatches (file:///home/ubuntu/senec-design/node_modules/.pnpm/astro@5.16.15_jiti@1.21.7_rollup@4.57.0_typescript@5.9.3_yaml@2.8.2/node_modules/astro/dist/prerender/routing.js:9:11)
[2026-01-27T22:18:47.210Z] at async run (file:///home/ubuntu/senec-design/node_modules/.pnpm/astro@5.16.15_jiti@1.21.7_rollup@4.57.0_typescript@5.9.3_yaml@2.8.2/node_modules/astro/dist/vite-plugin-astro-server/request.js:54:28)
[2026-01-27T22:18:47.210Z] at async handleRequest (file:///home/ubuntu/senec-design/node_modules/.pnpm/astro@5.16.15_jiti@1.21.7_rollup@4.57.0_typescript@5.9.3_yaml@2.8.2/node_modules/astro/dist/vite-plugin-astro-server/request.js:50:3)
[2026-01-27T22:18:48.161Z] 17:18:48 [ERROR] Cannot find module '@/components/ui/tooltip' imported from '/home/ubuntu/senec-design/src/components/SolarCalculator.tsx'
[2026-01-27T22:18:48.162Z] Stack trace:
[2026-01-27T22:18:48.162Z] at fetchModule (file:///home/ubuntu/senec-design/node_modules/.pnpm/vite@6.4.1_jiti@1.21.7_yaml@2.8.2/node_modules/vite/dist/node/chunks/dep-D4NMHUTW.js:46842:19)
[2026-01-27T22:18:48.163Z] at fetchModule (file:///home/ubuntu/senec-design/node_modules/.pnpm/vite@6.4.1_jiti@1.21.7_yaml@2.8.2/node_modules/vite/dist/node/chunks/dep-D4NMHUTW.js:47887:21)
[2026-01-27T22:18:48.163Z] at EventEmitter.listenerForInvokeHandler (file:///home/ubuntu/senec-design/node_modules/.pnpm/vite@6.4.1_jiti@1.21.7_yaml@2.8.2/node_modules/vite/dist/node/chunks/dep-D4NMHUTW.js:39075:25)
[2026-01-27T22:18:48.163Z] at Object.send (file:///home/ubuntu/senec-design/node_modules/.pnpm/vite@6.4.1_jiti@1.21.7_yaml@2.8.2/node_modules/vite/dist/node/chunks/dep-D4NMHUTW.js:25190:40)
[2026-01-27T22:18:48.163Z] at Object.invoke (file:///home/ubuntu/senec-design/node_modules/.pnpm/vite@6.4.1_jiti@1.21.7_yaml@2.8.2/node_modules/vite/dist/node/module-runner.js:682:34)
[2026-01-27T22:18:48.163Z] at SSRCompatModuleRunner.cachedModule (file:///home/ubuntu/senec-design/node_modules/.pnpm/vite@6.4.1_jiti@1.21.7_yaml@2.8.2/node_modules/vite/dist/node/module-runner.js:1191:21)
[2026-01-27T22:18:48.164Z] at /home/ubuntu/senec-design/src/components/SolarCalculator.tsx:10:1
[2026-01-27T22:18:48.164Z] at async SSRCompatModuleRunner.directRequest (file:///home/ubuntu/senec-design/node_modules/.pnpm/vite@6.4.1_jiti@1.21.7_yaml@2.8.2/node_modules/vite/dist/node/module-runner.js:1284:61)
[2026-01-27T22:18:48.164Z] at async SSRCompatModuleRunner.cachedRequest (file:///home/ubuntu/senec-design/node_modules/.pnpm/vite@6.4.1_jiti@1.21.7_yaml@2.8.2/node_modules/vite/dist/node/module-runner.js:1180:76)
[2026-01-27T22:18:48.164Z] at async ESModulesEvaluator.runInlinedModule (file:///home/ubuntu/senec-design/node_modules/.pnpm/vite@6.4.1_jiti@1.21.7_yaml@2.8.2/node_modules/vite/dist/node/module-runner.js:1062:5)
[2026-01-27T22:18:48.164Z] at async SSRCompatModuleRunner.directRequest (file:///home/ubuntu/senec-design/node_modules/.pnpm/vite@6.4.1_jiti@1.21.7_yaml@2.8.2/node_modules/vite/dist/node/chunks/dep-D4NMHUTW.js:25274:23)
[2026-01-27T22:18:48.164Z] at async SSRCompatModuleRunner.import (file:///home/ubuntu/senec-design/node_modules/.pnpm/vite@6.4.1_jiti@1.21.7_yaml@2.8.2/node_modules/vite/dist/node/module-runner.js:1117:12)
[2026-01-27T22:18:48.165Z] at async DevPipeline.preload (file:///home/ubuntu/senec-design/node_modules/.pnpm/astro@5.16.15_jiti@1.21.7_rollup@4.57.0_typescript@5.9.3_yaml@2.8.2/node_modules/astro/dist/vite-plugin-astro-server/pipeline.js:121:33)
[2026-01-27T22:18:48.165Z] at async getSortedPreloadedMatches (file:///home/ubuntu/senec-design/node_modules/.pnpm/astro@5.16.15_jiti@1.21.7_rollup@4.57.0_typescript@5.9.3_yaml@2.8.2/node_modules/astro/dist/prerender/routing.js:9:11)
[2026-01-27T22:18:48.165Z] at async run (file:///home/ubuntu/senec-design/node_modules/.pnpm/astro@5.16.15_jiti@1.21.7_rollup@4.57.0_typescript@5.9.3_yaml@2.8.2/node_modules/astro/dist/vite-plugin-astro-server/request.js:54:28)
[2026-01-27T22:18:48.165Z] at async handleRequest (file:///home/ubuntu/senec-design/node_modules/.pnpm/astro@5.16.15_jiti@1.21.7_rollup@4.57.0_typescript@5.9.3_yaml@2.8.2/node_modules/astro/dist/vite-plugin-astro-server/request.js:50:3)
[2026-01-27T22:18:49.145Z] 17:18:49 [ERROR] Cannot find module '@/components/ui/tooltip' imported from '/home/ubuntu/senec-design/src/components/SolarCalculator.tsx'
[2026-01-27T22:18:49.146Z] Stack trace:
[2026-01-27T22:18:49.146Z] at fetchModule (file:///home/ubuntu/senec-design/node_modules/.pnpm/vite@6.4.1_jiti@1.21.7_yaml@2.8.2/node_modules/vite/dist/node/chunks/dep-D4NMHUTW.js:46842:19)
[2026-01-27T22:18:49.146Z] [...] See full stack trace in the browser, or rerun with --verbose.
[2026-01-27T22:18:49.814Z] 17:18:49 [ERROR] Cannot find module '@/components/ui/tooltip' imported from '/home/ubuntu/senec-design/src/components/SolarCalculator.tsx'
[2026-01-27T22:18:49.815Z] Stack trace:
[2026-01-27T22:18:49.815Z] at fetchModule (file:///home/ubuntu/senec-design/node_modules/.pnpm/vite@6.4.1_jiti@1.21.7_yaml@2.8.2/node_modules/vite/dist/node/chunks/dep-D4NMHUTW.js:46842:19)
[2026-01-27T22:18:49.816Z] at fetchModule (file:///home/ubuntu/senec-design/node_modules/.pnpm/vite@6.4.1_jiti@1.21.7_yaml@2.8.2/node_modules/vite/dist/node/chunks/dep-D4NMHUTW.js:47887:21)
[2026-01-27T22:18:49.816Z] at EventEmitter.listenerForInvokeHandler (file:///home/ubuntu/senec-design/node_modules/.pnpm/vite@6.4.1_jiti@1.21.7_yaml@2.8.2/node_modules/vite/dist/node/chunks/dep-D4NMHUTW.js:39075:25)
[2026-01-27T22:18:49.816Z] at Object.send (file:///home/ubuntu/senec-design/node_modules/.pnpm/vite@6.4.1_jiti@1.21.7_yaml@2.8.2/node_modules/vite/dist/node/chunks/dep-D4NMHUTW.js:25190:40)
[2026-01-27T22:18:49.816Z] at Object.invoke (file:///home/ubuntu/senec-design/node_modules/.pnpm/vite@6.4.1_jiti@1.21.7_yaml@2.8.2/node_modules/vite/dist/node/module-runner.js:682:34)
[2026-01-27T22:18:49.816Z] at SSRCompatModuleRunner.cachedModule (file:///home/ubuntu/senec-design/node_modules/.pnpm/vite@6.4.1_jiti@1.21.7_yaml@2.8.2/node_modules/vite/dist/node/module-runner.js:1191:21)
[2026-01-27T22:18:49.817Z] at /home/ubuntu/senec-design/src/components/SolarCalculator.tsx:10:1
[2026-01-27T22:18:49.817Z] at async SSRCompatModuleRunner.directRequest (file:///home/ubuntu/senec-design/node_modules/.pnpm/vite@6.4.1_jiti@1.21.7_yaml@2.8.2/node_modules/vite/dist/node/module-runner.js:1284:61)
[2026-01-27T22:18:49.817Z] at async SSRCompatModuleRunner.cachedRequest (file:///home/ubuntu/senec-design/node_modules/.pnpm/vite@6.4.1_jiti@1.21.7_yaml@2.8.2/node_modules/vite/dist/node/module-runner.js:1180:76)
[2026-01-27T22:18:49.817Z] at async ESModulesEvaluator.runInlinedModule (file:///home/ubuntu/senec-design/node_modules/.pnpm/vite@6.4.1_jiti@1.21.7_yaml@2.8.2/node_modules/vite/dist/node/module-runner.js:1062:5)
[2026-01-27T22:18:49.817Z] at async SSRCompatModuleRunner.directRequest (file:///home/ubuntu/senec-design/node_modules/.pnpm/vite@6.4.1_jiti@1.21.7_yaml@2.8.2/node_modules/vite/dist/node/chunks/dep-D4NMHUTW.js:25274:23)
[2026-01-27T22:18:49.817Z] at async SSRCompatModuleRunner.import (file:///home/ubuntu/senec-design/node_modules/.pnpm/vite@6.4.1_jiti@1.21.7_yaml@2.8.2/node_modules/vite/dist/node/module-runner.js:1117:12)
[2026-01-27T22:18:49.817Z] at async DevPipeline.preload (file:///home/ubuntu/senec-design/node_modules/.pnpm/astro@5.16.15_jiti@1.21.7_rollup@4.57.0_typescript@5.9.3_yaml@2.8.2/node_modules/astro/dist/vite-plugin-astro-server/pipeline.js:121:33)
[2026-01-27T22:18:49.818Z] at async getSortedPreloadedMatches (file:///home/ubuntu/senec-design/node_modules/.pnpm/astro@5.16.15_jiti@1.21.7_rollup@4.57.0_typescript@5.9.3_yaml@2.8.2/node_modules/astro/dist/prerender/routing.js:9:11)
[2026-01-27T22:18:49.818Z] at async run (file:///home/ubuntu/senec-design/node_modules/.pnpm/astro@5.16.15_jiti@1.21.7_rollup@4.57.0_typescript@5.9.3_yaml@2.8.2/node_modules/astro/dist/vite-plugin-astro-server/request.js:54:28)
[2026-01-27T22:18:49.818Z] at async handleRequest (file:///home/ubuntu/senec-design/node_modules/.pnpm/astro@5.16.15_jiti@1.21.7_rollup@4.57.0_typescript@5.9.3_yaml@2.8.2/node_modules/astro/dist/vite-plugin-astro-server/request.js:50:3)
[2026-01-27T22:18:51.151Z] 17:18:51 [ERROR] Cannot find module '@/components/ui/tooltip' imported from '/home/ubuntu/senec-design/src/components/SolarCalculator.tsx'
[2026-01-27T22:18:51.152Z] Stack trace:
[2026-01-27T22:18:51.152Z] at fetchModule (file:///home/ubuntu/senec-design/node_modules/.pnpm/vite@6.4.1_jiti@1.21.7_yaml@2.8.2/node_modules/vite/dist/node/chunks/dep-D4NMHUTW.js:46842:19)
[2026-01-27T22:18:51.152Z] [...] See full stack trace in the browser, or rerun with --verbose.
[2026-01-27T22:18:52.115Z] 17:18:52 [ERROR] Cannot find module '@/components/ui/tooltip' imported from '/home/ubuntu/senec-design/src/components/SolarCalculator.tsx'
[2026-01-27T22:18:52.116Z] Stack trace:
[2026-01-27T22:18:52.116Z] at fetchModule (file:///home/ubuntu/senec-design/node_modules/.pnpm/vite@6.4.1_jiti@1.21.7_yaml@2.8.2/node_modules/vite/dist/node/chunks/dep-D4NMHUTW.js:46842:19)
[2026-01-27T22:18:52.116Z] at fetchModule (file:///home/ubuntu/senec-design/node_modules/.pnpm/vite@6.4.1_jiti@1.21.7_yaml@2.8.2/node_modules/vite/dist/node/chunks/dep-D4NMHUTW.js:47887:21)
[2026-01-27T22:18:52.117Z] at EventEmitter.listenerForInvokeHandler (file:///home/ubuntu/senec-design/node_modules/.pnpm/vite@6.4.1_jiti@1.21.7_yaml@2.8.2/node_modules/vite/dist/node/chunks/dep-D4NMHUTW.js:39075:25)
[2026-01-27T22:18:52.117Z] at Object.send (file:///home/ubuntu/senec-design/node_modules/.pnpm/vite@6.4.1_jiti@1.21.7_yaml@2.8.2/node_modules/vite/dist/node/chunks/dep-D4NMHUTW.js:25190:40)
[2026-01-27T22:18:52.117Z] at Object.invoke (file:///home/ubuntu/senec-design/node_modules/.pnpm/vite@6.4.1_jiti@1.21.7_yaml@2.8.2/node_modules/vite/dist/node/module-runner.js:682:34)
[2026-01-27T22:18:52.117Z] at SSRCompatModuleRunner.cachedModule (file:///home/ubuntu/senec-design/node_modules/.pnpm/vite@6.4.1_jiti@1.21.7_yaml@2.8.2/node_modules/vite/dist/node/module-runner.js:1191:21)
[2026-01-27T22:18:52.118Z] at /home/ubuntu/senec-design/src/components/SolarCalculator.tsx:10:1
[2026-01-27T22:18:52.118Z] at async SSRCompatModuleRunner.directRequest (file:///home/ubuntu/senec-design/node_modules/.pnpm/vite@6.4.1_jiti@1.21.7_yaml@2.8.2/node_modules/vite/dist/node/module-runner.js:1284:61)
[2026-01-27T22:18:52.118Z] at async SSRCompatModuleRunner.cachedRequest (file:///home/ubuntu/senec-design/node_modules/.pnpm/vite@6.4.1_jiti@1.21.7_yaml@2.8.2/node_modules/vite/dist/node/module-runner.js:1180:76)
[2026-01-27T22:18:52.118Z] at async ESModulesEvaluator.runInlinedModule (file:///home/ubuntu/senec-design/node_modules/.pnpm/vite@6.4.1_jiti@1.21.7_yaml@2.8.2/node_modules/vite/dist/node/module-runner.js:1062:5)
[2026-01-27T22:18:52.118Z] at async SSRCompatModuleRunner.directRequest (file:///home/ubuntu/senec-design/node_modules/.pnpm/vite@6.4.1_jiti@1.21.7_yaml@2.8.2/node_modules/vite/dist/node/chunks/dep-D4NMHUTW.js:25274:23)
[2026-01-27T22:18:52.118Z] at async SSRCompatModuleRunner.import (file:///home/ubuntu/senec-design/node_modules/.pnpm/vite@6.4.1_jiti@1.21.7_yaml@2.8.2/node_modules/vite/dist/node/module-runner.js:1117:12)
[2026-01-27T22:18:52.119Z] at async DevPipeline.preload (file:///home/ubuntu/senec-design/node_modules/.pnpm/astro@5.16.15_jiti@1.21.7_rollup@4.57.0_typescript@5.9.3_yaml@2.8.2/node_modules/astro/dist/vite-plugin-astro-server/pipeline.js:121:33)
[2026-01-27T22:18:52.119Z] at async getSortedPreloadedMatches (file:///home/ubuntu/senec-design/node_modules/.pnpm/astro@5.16.15_jiti@1.21.7_rollup@4.57.0_typescript@5.9.3_yaml@2.8.2/node_modules/astro/dist/prerender/routing.js:9:11)
[2026-01-27T22:18:52.119Z] at async run (file:///home/ubuntu/senec-design/node_modules/.pnpm/astro@5.16.15_jiti@1.21.7_rollup@4.57.0_typescript@5.9.3_yaml@2.8.2/node_modules/astro/dist/vite-plugin-astro-server/request.js:54:28)
[2026-01-27T22:18:52.119Z] at async handleRequest (file:///home/ubuntu/senec-design/node_modules/.pnpm/astro@5.16.15_jiti@1.21.7_rollup@4.57.0_typescript@5.9.3_yaml@2.8.2/node_modules/astro/dist/vite-plugin-astro-server/request.js:50:3)
[2026-01-27T22:18:54.136Z] 17:18:54 [ERROR] Cannot find module '@/components/ui/tooltip' imported from '/home/ubuntu/senec-design/src/components/SolarCalculator.tsx'
[2026-01-27T22:18:54.136Z] Stack trace:
[2026-01-27T22:18:54.136Z] at fetchModule (file:///home/ubuntu/senec-design/node_modules/.pnpm/vite@6.4.1_jiti@1.21.7_yaml@2.8.2/node_modules/vite/dist/node/chunks/dep-D4NMHUTW.js:46842:19)
[2026-01-27T22:18:54.137Z] [...] See full stack trace in the browser, or rerun with --verbose.
[2026-01-27T22:18:54.495Z] 17:18:54 [ERROR] Cannot find module '@/components/ui/tooltip' imported from '/home/ubuntu/senec-design/src/components/SolarCalculator.tsx'
[2026-01-27T22:18:54.496Z] Stack trace:
[2026-01-27T22:18:54.496Z] at fetchModule (file:///home/ubuntu/senec-design/node_modules/.pnpm/vite@6.4.1_jiti@1.21.7_yaml@2.8.2/node_modules/vite/dist/node/chunks/dep-D4NMHUTW.js:46842:19)
[2026-01-27T22:18:54.497Z] at fetchModule (file:///home/ubuntu/senec-design/node_modules/.pnpm/vite@6.4.1_jiti@1.21.7_yaml@2.8.2/node_modules/vite/dist/node/chunks/dep-D4NMHUTW.js:47887:21)
[2026-01-27T22:18:54.497Z] at EventEmitter.listenerForInvokeHandler (file:///home/ubuntu/senec-design/node_modules/.pnpm/vite@6.4.1_jiti@1.21.7_yaml@2.8.2/node_modules/vite/dist/node/chunks/dep-D4NMHUTW.js:39075:25)
[2026-01-27T22:18:54.497Z] at Object.send (file:///home/ubuntu/senec-design/node_modules/.pnpm/vite@6.4.1_jiti@1.21.7_yaml@2.8.2/node_modules/vite/dist/node/chunks/dep-D4NMHUTW.js:25190:40)
[2026-01-27T22:18:54.497Z] at Object.invoke (file:///home/ubuntu/senec-design/node_modules/.pnpm/vite@6.4.1_jiti@1.21.7_yaml@2.8.2/node_modules/vite/dist/node/module-runner.js:682:34)
[2026-01-27T22:18:54.497Z] at SSRCompatModuleRunner.cachedModule (file:///home/ubuntu/senec-design/node_modules/.pnpm/vite@6.4.1_jiti@1.21.7_yaml@2.8.2/node_modules/vite/dist/node/module-runner.js:1191:21)
[2026-01-27T22:18:54.497Z] at /home/ubuntu/senec-design/src/components/SolarCalculator.tsx:10:1
[2026-01-27T22:18:54.497Z] at async SSRCompatModuleRunner.directRequest (file:///home/ubuntu/senec-design/node_modules/.pnpm/vite@6.4.1_jiti@1.21.7_yaml@2.8.2/node_modules/vite/dist/node/module-runner.js:1284:61)
[2026-01-27T22:18:54.497Z] at async SSRCompatModuleRunner.cachedRequest (file:///home/ubuntu/senec-design/node_modules/.pnpm/vite@6.4.1_jiti@1.21.7_yaml@2.8.2/node_modules/vite/dist/node/module-runner.js:1180:76)
[2026-01-27T22:18:54.498Z] at async ESModulesEvaluator.runInlinedModule (file:///home/ubuntu/senec-design/node_modules/.pnpm/vite@6.4.1_jiti@1.21.7_yaml@2.8.2/node_modules/vite/dist/node/module-runner.js:1062:5)
[2026-01-27T22:18:54.498Z] at async SSRCompatModuleRunner.directRequest (file:///home/ubuntu/senec-design/node_modules/.pnpm/vite@6.4.1_jiti@1.21.7_yaml@2.8.2/node_modules/vite/dist/node/chunks/dep-D4NMHUTW.js:25274:23)
[2026-01-27T22:18:54.498Z] at async SSRCompatModuleRunner.import (file:///home/ubuntu/senec-design/node_modules/.pnpm/vite@6.4.1_jiti@1.21.7_yaml@2.8.2/node_modules/vite/dist/node/module-runner.js:1117:12)
[2026-01-27T22:18:54.498Z] at async DevPipeline.preload (file:///home/ubuntu/senec-design/node_modules/.pnpm/astro@5.16.15_jiti@1.21.7_rollup@4.57.0_typescript@5.9.3_yaml@2.8.2/node_modules/astro/dist/vite-plugin-astro-server/pipeline.js:121:33)
[2026-01-27T22:18:54.498Z] at async getSortedPreloadedMatches (file:///home/ubuntu/senec-design/node_modules/.pnpm/astro@5.16.15_jiti@1.21.7_rollup@4.57.0_typescript@5.9.3_yaml@2.8.2/node_modules/astro/dist/prerender/routing.js:9:11)
[2026-01-27T22:18:54.498Z] at async run (file:///home/ubuntu/senec-design/node_modules/.pnpm/astro@5.16.15_jiti@1.21.7_rollup@4.57.0_typescript@5.9.3_yaml@2.8.2/node_modules/astro/dist/vite-plugin-astro-server/request.js:54:28)
[2026-01-27T22:18:54.499Z] at async handleRequest (file:///home/ubuntu/senec-design/node_modules/.pnpm/astro@5.16.15_jiti@1.21.7_rollup@4.57.0_typescript@5.9.3_yaml@2.8.2/node_modules/astro/dist/vite-plugin-astro-server/request.js:50:3)
[2026-01-27T22:18:55.940Z] 17:18:55 [ERROR] Cannot find module '@/components/ui/tooltip' imported from '/home/ubuntu/senec-design/src/components/SolarCalculator.tsx'
[2026-01-27T22:18:55.941Z] Stack trace:
[2026-01-27T22:18:55.941Z] at fetchModule (file:///home/ubuntu/senec-design/node_modules/.pnpm/vite@6.4.1_jiti@1.21.7_yaml@2.8.2/node_modules/vite/dist/node/chunks/dep-D4NMHUTW.js:46842:19)
[2026-01-27T22:18:55.941Z] [...] See full stack trace in the browser, or rerun with --verbose.
[2026-01-27T22:18:56.708Z] 17:18:56 [ERROR] Cannot find module '@/components/ui/tooltip' imported from '/home/ubuntu/senec-design/src/components/SolarCalculator.tsx'
[2026-01-27T22:18:56.709Z] Stack trace:
[2026-01-27T22:18:56.709Z] at fetchModule (file:///home/ubuntu/senec-design/node_modules/.pnpm/vite@6.4.1_jiti@1.21.7_yaml@2.8.2/node_modules/vite/dist/node/chunks/dep-D4NMHUTW.js:46842:19)
[2026-01-27T22:18:56.710Z] at fetchModule (file:///home/ubuntu/senec-design/node_modules/.pnpm/vite@6.4.1_jiti@1.21.7_yaml@2.8.2/node_modules/vite/dist/node/chunks/dep-D4NMHUTW.js:47887:21)
[2026-01-27T22:18:56.710Z] at EventEmitter.listenerForInvokeHandler (file:///home/ubuntu/senec-design/node_modules/.pnpm/vite@6.4.1_jiti@1.21.7_yaml@2.8.2/node_modules/vite/dist/node/chunks/dep-D4NMHUTW.js:39075:25)
[2026-01-27T22:18:56.710Z] at Object.send (file:///home/ubuntu/senec-design/node_modules/.pnpm/vite@6.4.1_jiti@1.21.7_yaml@2.8.2/node_modules/vite/dist/node/chunks/dep-D4NMHUTW.js:25190:40)
[2026-01-27T22:18:56.710Z] at Object.invoke (file:///home/ubuntu/senec-design/node_modules/.pnpm/vite@6.4.1_jiti@1.21.7_yaml@2.8.2/node_modules/vite/dist/node/module-runner.js:682:34)
[2026-01-27T22:18:56.710Z] at SSRCompatModuleRunner.cachedModule (file:///home/ubuntu/senec-design/node_modules/.pnpm/vite@6.4.1_jiti@1.21.7_yaml@2.8.2/node_modules/vite/dist/node/module-runner.js:1191:21)
[2026-01-27T22:18:56.711Z] at /home/ubuntu/senec-design/src/components/SolarCalculator.tsx:10:1
[2026-01-27T22:18:56.711Z] at async SSRCompatModuleRunner.directRequest (file:///home/ubuntu/senec-design/node_modules/.pnpm/vite@6.4.1_jiti@1.21.7_yaml@2.8.2/node_modules/vite/dist/node/module-runner.js:1284:61)
[2026-01-27T22:18:56.711Z] at async SSRCompatModuleRunner.cachedRequest (file:///home/ubuntu/senec-design/node_modules/.pnpm/vite@6.4.1_jiti@1.21.7_yaml@2.8.2/node_modules/vite/dist/node/module-runner.js:1180:76)
[2026-01-27T22:18:56.711Z] at async ESModulesEvaluator.runInlinedModule (file:///home/ubuntu/senec-design/node_modules/.pnpm/vite@6.4.1_jiti@1.21.7_yaml@2.8.2/node_modules/vite/dist/node/module-runner.js:1062:5)
[2026-01-27T22:18:56.711Z] at async SSRCompatModuleRunner.directRequest (file:///home/ubuntu/senec-design/node_modules/.pnpm/vite@6.4.1_jiti@1.21.7_yaml@2.8.2/node_modules/vite/dist/node/chunks/dep-D4NMHUTW.js:25274:23)
[2026-01-27T22:18:56.711Z] at async SSRCompatModuleRunner.import (file:///home/ubuntu/senec-design/node_modules/.pnpm/vite@6.4.1_jiti@1.21.7_yaml@2.8.2/node_modules/vite/dist/node/module-runner.js:1117:12)
[2026-01-27T22:18:56.712Z] at async DevPipeline.preload (file:///home/ubuntu/senec-design/node_modules/.pnpm/astro@5.16.15_jiti@1.21.7_rollup@4.57.0_typescript@5.9.3_yaml@2.8.2/node_modules/astro/dist/vite-plugin-astro-server/pipeline.js:121:33)
[2026-01-27T22:18:56.712Z] at async getSortedPreloadedMatches (file:///home/ubuntu/senec-design/node_modules/.pnpm/astro@5.16.15_jiti@1.21.7_rollup@4.57.0_typescript@5.9.3_yaml@2.8.2/node_modules/astro/dist/prerender/routing.js:9:11)
[2026-01-27T22:18:56.712Z] at async run (file:///home/ubuntu/senec-design/node_modules/.pnpm/astro@5.16.15_jiti@1.21.7_rollup@4.57.0_typescript@5.9.3_yaml@2.8.2/node_modules/astro/dist/vite-plugin-astro-server/request.js:54:28)
[2026-01-27T22:18:56.712Z] at async handleRequest (file:///home/ubuntu/senec-design/node_modules/.pnpm/astro@5.16.15_jiti@1.21.7_rollup@4.57.0_typescript@5.9.3_yaml@2.8.2/node_modules/astro/dist/vite-plugin-astro-server/request.js:50:3)
[2026-01-27T22:18:56.843Z] 17:18:56 [ERROR] Cannot find module '@/components/ui/tooltip' imported from '/home/ubuntu/senec-design/src/components/SolarCalculator.tsx'
[2026-01-27T22:18:56.844Z] Stack trace:
[2026-01-27T22:18:56.844Z] at fetchModule (file:///home/ubuntu/senec-design/node_modules/.pnpm/vite@6.4.1_jiti@1.21.7_yaml@2.8.2/node_modules/vite/dist/node/chunks/dep-D4NMHUTW.js:46842:19)
[2026-01-27T22:18:56.844Z] [...] See full stack trace in the browser, or rerun with --verbose.
[2026-01-27T22:18:58.078Z] 17:18:58 [ERROR] Cannot find module '@/components/ui/tooltip' imported from '/home/ubuntu/senec-design/src/components/SolarCalculator.tsx'
[2026-01-27T22:18:58.079Z] Stack trace:
[2026-01-27T22:18:58.079Z] at fetchModule (file:///home/ubuntu/senec-design/node_modules/.pnpm/vite@6.4.1_jiti@1.21.7_yaml@2.8.2/node_modules/vite/dist/node/chunks/dep-D4NMHUTW.js:46842:19)
[2026-01-27T22:18:58.079Z] at fetchModule (file:///home/ubuntu/senec-design/node_modules/.pnpm/vite@6.4.1_jiti@1.21.7_yaml@2.8.2/node_modules/vite/dist/node/chunks/dep-D4NMHUTW.js:47887:21)
[2026-01-27T22:18:58.080Z] at EventEmitter.listenerForInvokeHandler (file:///home/ubuntu/senec-design/node_modules/.pnpm/vite@6.4.1_jiti@1.21.7_yaml@2.8.2/node_modules/vite/dist/node/chunks/dep-D4NMHUTW.js:39075:25)
[2026-01-27T22:18:58.080Z] at Object.send (file:///home/ubuntu/senec-design/node_modules/.pnpm/vite@6.4.1_jiti@1.21.7_yaml@2.8.2/node_modules/vite/dist/node/chunks/dep-D4NMHUTW.js:25190:40)
[2026-01-27T22:18:58.080Z] at Object.invoke (file:///home/ubuntu/senec-design/node_modules/.pnpm/vite@6.4.1_jiti@1.21.7_yaml@2.8.2/node_modules/vite/dist/node/module-runner.js:682:34)
[2026-01-27T22:18:58.080Z] at SSRCompatModuleRunner.cachedModule (file:///home/ubuntu/senec-design/node_modules/.pnpm/vite@6.4.1_jiti@1.21.7_yaml@2.8.2/node_modules/vite/dist/node/module-runner.js:1191:21)
[2026-01-27T22:18:58.080Z] at /home/ubuntu/senec-design/src/components/SolarCalculator.tsx:10:1
[2026-01-27T22:18:58.081Z] at async SSRCompatModuleRunner.directRequest (file:///home/ubuntu/senec-design/node_modules/.pnpm/vite@6.4.1_jiti@1.21.7_yaml@2.8.2/node_modules/vite/dist/node/module-runner.js:1284:61)
[2026-01-27T22:18:58.081Z] at async SSRCompatModuleRunner.cachedRequest (file:///home/ubuntu/senec-design/node_modules/.pnpm/vite@6.4.1_jiti@1.21.7_yaml@2.8.2/node_modules/vite/dist/node/module-runner.js:1180:76)
[2026-01-27T22:18:58.081Z] at async ESModulesEvaluator.runInlinedModule (file:///home/ubuntu/senec-design/node_modules/.pnpm/vite@6.4.1_jiti@1.21.7_yaml@2.8.2/node_modules/vite/dist/node/module-runner.js:1062:5)
[2026-01-27T22:18:58.081Z] at async SSRCompatModuleRunner.directRequest (file:///home/ubuntu/senec-design/node_modules/.pnpm/vite@6.4.1_jiti@1.21.7_yaml@2.8.2/node_modules/vite/dist/node/chunks/dep-D4NMHUTW.js:25274:23)
[2026-01-27T22:18:58.082Z] at async SSRCompatModuleRunner.import (file:///home/ubuntu/senec-design/node_modules/.pnpm/vite@6.4.1_jiti@1.21.7_yaml@2.8.2/node_modules/vite/dist/node/module-runner.js:1117:12)
[2026-01-27T22:18:58.082Z] at async DevPipeline.preload (file:///home/ubuntu/senec-design/node_modules/.pnpm/astro@5.16.15_jiti@1.21.7_rollup@4.57.0_typescript@5.9.3_yaml@2.8.2/node_modules/astro/dist/vite-plugin-astro-server/pipeline.js:121:33)
[2026-01-27T22:18:58.082Z] at async getSortedPreloadedMatches (file:///home/ubuntu/senec-design/node_modules/.pnpm/astro@5.16.15_jiti@1.21.7_rollup@4.57.0_typescript@5.9.3_yaml@2.8.2/node_modules/astro/dist/prerender/routing.js:9:11)
[2026-01-27T22:18:58.082Z] at async run (file:///home/ubuntu/senec-design/node_modules/.pnpm/astro@5.16.15_jiti@1.21.7_rollup@4.57.0_typescript@5.9.3_yaml@2.8.2/node_modules/astro/dist/vite-plugin-astro-server/request.js:54:28)
[2026-01-27T22:18:58.082Z] at async handleRequest (file:///home/ubuntu/senec-design/node_modules/.pnpm/astro@5.16.15_jiti@1.21.7_rollup@4.57.0_typescript@5.9.3_yaml@2.8.2/node_modules/astro/dist/vite-plugin-astro-server/request.js:50:3)
[2026-01-27T22:18:59.071Z] 17:18:59 [ERROR] Cannot find module '@/components/ui/tooltip' imported from '/home/ubuntu/senec-design/src/components/SolarCalculator.tsx'
[2026-01-27T22:18:59.072Z] Stack trace:
[2026-01-27T22:18:59.072Z] at fetchModule (file:///home/ubuntu/senec-design/node_modules/.pnpm/vite@6.4.1_jiti@1.21.7_yaml@2.8.2/node_modules/vite/dist/node/chunks/dep-D4NMHUTW.js:46842:19)
[2026-01-27T22:18:59.072Z] [...] See full stack trace in the browser, or rerun with --verbose.
[2026-01-27T22:18:59.243Z] 17:18:59 [ERROR] Cannot find module '@/components/ui/tooltip' imported from '/home/ubuntu/senec-design/src/components/SolarCalculator.tsx'
[2026-01-27T22:18:59.243Z] Stack trace:
[2026-01-27T22:18:59.244Z] at fetchModule (file:///home/ubuntu/senec-design/node_modules/.pnpm/vite@6.4.1_jiti@1.21.7_yaml@2.8.2/node_modules/vite/dist/node/chunks/dep-D4NMHUTW.js:46842:19)
[2026-01-27T22:18:59.244Z] at fetchModule (file:///home/ubuntu/senec-design/node_modules/.pnpm/vite@6.4.1_jiti@1.21.7_yaml@2.8.2/node_modules/vite/dist/node/chunks/dep-D4NMHUTW.js:47887:21)
[2026-01-27T22:18:59.244Z] at EventEmitter.listenerForInvokeHandler (file:///home/ubuntu/senec-design/node_modules/.pnpm/vite@6.4.1_jiti@1.21.7_yaml@2.8.2/node_modules/vite/dist/node/chunks/dep-D4NMHUTW.js:39075:25)
[2026-01-27T22:18:59.245Z] at Object.send (file:///home/ubuntu/senec-design/node_modules/.pnpm/vite@6.4.1_jiti@1.21.7_yaml@2.8.2/node_modules/vite/dist/node/chunks/dep-D4NMHUTW.js:25190:40)
[2026-01-27T22:18:59.245Z] at Object.invoke (file:///home/ubuntu/senec-design/node_modules/.pnpm/vite@6.4.1_jiti@1.21.7_yaml@2.8.2/node_modules/vite/dist/node/module-runner.js:682:34)
[2026-01-27T22:18:59.245Z] at SSRCompatModuleRunner.cachedModule (file:///home/ubuntu/senec-design/node_modules/.pnpm/vite@6.4.1_jiti@1.21.7_yaml@2.8.2/node_modules/vite/dist/node/module-runner.js:1191:21)
[2026-01-27T22:18:59.245Z] at /home/ubuntu/senec-design/src/components/SolarCalculator.tsx:10:1
[2026-01-27T22:18:59.245Z] at async SSRCompatModuleRunner.directRequest (file:///home/ubuntu/senec-design/node_modules/.pnpm/vite@6.4.1_jiti@1.21.7_yaml@2.8.2/node_modules/vite/dist/node/module-runner.js:1284:61)
[2026-01-27T22:18:59.246Z] at async SSRCompatModuleRunner.cachedRequest (file:///home/ubuntu/senec-design/node_modules/.pnpm/vite@6.4.1_jiti@1.21.7_yaml@2.8.2/node_modules/vite/dist/node/module-runner.js:1180:76)
[2026-01-27T22:18:59.246Z] at async ESModulesEvaluator.runInlinedModule (file:///home/ubuntu/senec-design/node_modules/.pnpm/vite@6.4.1_jiti@1.21.7_yaml@2.8.2/node_modules/vite/dist/node/module-runner.js:1062:5)
[2026-01-27T22:18:59.246Z] at async SSRCompatModuleRunner.directRequest (file:///home/ubuntu/senec-design/node_modules/.pnpm/vite@6.4.1_jiti@1.21.7_yaml@2.8.2/node_modules/vite/dist/node/chunks/dep-D4NMHUTW.js:25274:23)
[2026-01-27T22:18:59.246Z] at async SSRCompatModuleRunner.import (file:///home/ubuntu/senec-design/node_modules/.pnpm/vite@6.4.1_jiti@1.21.7_yaml@2.8.2/node_modules/vite/dist/node/module-runner.js:1117:12)
[2026-01-27T22:18:59.246Z] at async DevPipeline.preload (file:///home/ubuntu/senec-design/node_modules/.pnpm/astro@5.16.15_jiti@1.21.7_rollup@4.57.0_typescript@5.9.3_yaml@2.8.2/node_modules/astro/dist/vite-plugin-astro-server/pipeline.js:121:33)
[2026-01-27T22:18:59.247Z] at async getSortedPreloadedMatches (file:///home/ubuntu/senec-design/node_modules/.pnpm/astro@5.16.15_jiti@1.21.7_rollup@4.57.0_typescript@5.9.3_yaml@2.8.2/node_modules/astro/dist/prerender/routing.js:9:11)
[2026-01-27T22:18:59.247Z] at async run (file:///home/ubuntu/senec-design/node_modules/.pnpm/astro@5.16.15_jiti@1.21.7_rollup@4.57.0_typescript@5.9.3_yaml@2.8.2/node_modules/astro/dist/vite-plugin-astro-server/request.js:54:28)
[2026-01-27T22:18:59.247Z] at async handleRequest (file:///home/ubuntu/senec-design/node_modules/.pnpm/astro@5.16.15_jiti@1.21.7_rollup@4.57.0_typescript@5.9.3_yaml@2.8.2/node_modules/astro/dist/vite-plugin-astro-server/request.js:50:3)
[2026-01-27T22:19:00.463Z] 17:19:00 [ERROR] Cannot find module '@/components/ui/tooltip' imported from '/home/ubuntu/senec-design/src/components/SolarCalculator.tsx'
[2026-01-27T22:19:00.464Z] Stack trace:
[2026-01-27T22:19:00.464Z] at fetchModule (file:///home/ubuntu/senec-design/node_modules/.pnpm/vite@6.4.1_jiti@1.21.7_yaml@2.8.2/node_modules/vite/dist/node/chunks/dep-D4NMHUTW.js:46842:19)
[2026-01-27T22:19:00.464Z] [...] See full stack trace in the browser, or rerun with --verbose.
[2026-01-27T22:19:01.457Z] 17:19:01 [ERROR] Cannot find module '@/components/ui/tooltip' imported from '/home/ubuntu/senec-design/src/components/SolarCalculator.tsx'
[2026-01-27T22:19:01.457Z] Stack trace:
[2026-01-27T22:19:01.457Z] at fetchModule (file:///home/ubuntu/senec-design/node_modules/.pnpm/vite@6.4.1_jiti@1.21.7_yaml@2.8.2/node_modules/vite/dist/node/chunks/dep-D4NMHUTW.js:46842:19)
[2026-01-27T22:19:01.458Z] at fetchModule (file:///home/ubuntu/senec-design/node_modules/.pnpm/vite@6.4.1_jiti@1.21.7_yaml@2.8.2/node_modules/vite/dist/node/chunks/dep-D4NMHUTW.js:47887:21)
[2026-01-27T22:19:01.458Z] at EventEmitter.listenerForInvokeHandler (file:///home/ubuntu/senec-design/node_modules/.pnpm/vite@6.4.1_jiti@1.21.7_yaml@2.8.2/node_modules/vite/dist/node/chunks/dep-D4NMHUTW.js:39075:25)
[2026-01-27T22:19:01.458Z] at Object.send (file:///home/ubuntu/senec-design/node_modules/.pnpm/vite@6.4.1_jiti@1.21.7_yaml@2.8.2/node_modules/vite/dist/node/chunks/dep-D4NMHUTW.js:25190:40)
[2026-01-27T22:19:01.458Z] at Object.invoke (file:///home/ubuntu/senec-design/node_modules/.pnpm/vite@6.4.1_jiti@1.21.7_yaml@2.8.2/node_modules/vite/dist/node/module-runner.js:682:34)
[2026-01-27T22:19:01.458Z] at SSRCompatModuleRunner.cachedModule (file:///home/ubuntu/senec-design/node_modules/.pnpm/vite@6.4.1_jiti@1.21.7_yaml@2.8.2/node_modules/vite/dist/node/module-runner.js:1191:21)
[2026-01-27T22:19:01.459Z] at /home/ubuntu/senec-design/src/components/SolarCalculator.tsx:10:1
[2026-01-27T22:19:01.459Z] at async SSRCompatModuleRunner.directRequest (file:///home/ubuntu/senec-design/node_modules/.pnpm/vite@6.4.1_jiti@1.21.7_yaml@2.8.2/node_modules/vite/dist/node/module-runner.js:1284:61)
[2026-01-27T22:19:01.459Z] at async SSRCompatModuleRunner.cachedRequest (file:///home/ubuntu/senec-design/node_modules/.pnpm/vite@6.4.1_jiti@1.21.7_yaml@2.8.2/node_modules/vite/dist/node/module-runner.js:1180:76)
[2026-01-27T22:19:01.459Z] at async ESModulesEvaluator.runInlinedModule (file:///home/ubuntu/senec-design/node_modules/.pnpm/vite@6.4.1_jiti@1.21.7_yaml@2.8.2/node_modules/vite/dist/node/module-runner.js:1062:5)
[2026-01-27T22:19:01.459Z] at async SSRCompatModuleRunner.directRequest (file:///home/ubuntu/senec-design/node_modules/.pnpm/vite@6.4.1_jiti@1.21.7_yaml@2.8.2/node_modules/vite/dist/node/chunks/dep-D4NMHUTW.js:25274:23)
[2026-01-27T22:19:01.459Z] at async SSRCompatModuleRunner.import (file:///home/ubuntu/senec-design/node_modules/.pnpm/vite@6.4.1_jiti@1.21.7_yaml@2.8.2/node_modules/vite/dist/node/module-runner.js:1117:12)
[2026-01-27T22:19:01.460Z] at async DevPipeline.preload (file:///home/ubuntu/senec-design/node_modules/.pnpm/astro@5.16.15_jiti@1.21.7_rollup@4.57.0_typescript@5.9.3_yaml@2.8.2/node_modules/astro/dist/vite-plugin-astro-server/pipeline.js:121:33)
[2026-01-27T22:19:01.460Z] at async getSortedPreloadedMatches (file:///home/ubuntu/senec-design/node_modules/.pnpm/astro@5.16.15_jiti@1.21.7_rollup@4.57.0_typescript@5.9.3_yaml@2.8.2/node_modules/astro/dist/prerender/routing.js:9:11)
[2026-01-27T22:19:01.460Z] at async run (file:///home/ubuntu/senec-design/node_modules/.pnpm/astro@5.16.15_jiti@1.21.7_rollup@4.57.0_typescript@5.9.3_yaml@2.8.2/node_modules/astro/dist/vite-plugin-astro-server/request.js:54:28)
[2026-01-27T22:19:01.460Z] at async handleRequest (file:///home/ubuntu/senec-design/node_modules/.pnpm/astro@5.16.15_jiti@1.21.7_rollup@4.57.0_typescript@5.9.3_yaml@2.8.2/node_modules/astro/dist/vite-plugin-astro-server/request.js:50:3)
[2026-01-27T22:19:01.574Z] 17:19:01 [ERROR] Cannot find module '@/components/ui/tooltip' imported from '/home/ubuntu/senec-design/src/components/SolarCalculator.tsx'
[2026-01-27T22:19:01.575Z] Stack trace:
[2026-01-27T22:19:01.575Z] at fetchModule (file:///home/ubuntu/senec-design/node_modules/.pnpm/vite@6.4.1_jiti@1.21.7_yaml@2.8.2/node_modules/vite/dist/node/chunks/dep-D4NMHUTW.js:46842:19)
[2026-01-27T22:19:01.575Z] [...] See full stack trace in the browser, or rerun with --verbose.
[2026-01-27T22:19:02.800Z] 17:19:02 [ERROR] Cannot find module '@/components/ui/tooltip' imported from '/home/ubuntu/senec-design/src/components/SolarCalculator.tsx'
[2026-01-27T22:19:02.800Z] Stack trace:
[2026-01-27T22:19:02.801Z] at fetchModule (file:///home/ubuntu/senec-design/node_modules/.pnpm/vite@6.4.1_jiti@1.21.7_yaml@2.8.2/node_modules/vite/dist/node/chunks/dep-D4NMHUTW.js:46842:19)
[2026-01-27T22:19:02.801Z] at fetchModule (file:///home/ubuntu/senec-design/node_modules/.pnpm/vite@6.4.1_jiti@1.21.7_yaml@2.8.2/node_modules/vite/dist/node/chunks/dep-D4NMHUTW.js:47887:21)
[2026-01-27T22:19:02.801Z] at EventEmitter.listenerForInvokeHandler (file:///home/ubuntu/senec-design/node_modules/.pnpm/vite@6.4.1_jiti@1.21.7_yaml@2.8.2/node_modules/vite/dist/node/chunks/dep-D4NMHUTW.js:39075:25)
[2026-01-27T22:19:02.801Z] at Object.send (file:///home/ubuntu/senec-design/node_modules/.pnpm/vite@6.4.1_jiti@1.21.7_yaml@2.8.2/node_modules/vite/dist/node/chunks/dep-D4NMHUTW.js:25190:40)
[2026-01-27T22:19:02.801Z] at Object.invoke (file:///home/ubuntu/senec-design/node_modules/.pnpm/vite@6.4.1_jiti@1.21.7_yaml@2.8.2/node_modules/vite/dist/node/module-runner.js:682:34)
[2026-01-27T22:19:02.801Z] at SSRCompatModuleRunner.cachedModule (file:///home/ubuntu/senec-design/node_modules/.pnpm/vite@6.4.1_jiti@1.21.7_yaml@2.8.2/node_modules/vite/dist/node/module-runner.js:1191:21)
[2026-01-27T22:19:02.802Z] at /home/ubuntu/senec-design/src/components/SolarCalculator.tsx:10:1
[2026-01-27T22:19:02.802Z] at async SSRCompatModuleRunner.directRequest (file:///home/ubuntu/senec-design/node_modules/.pnpm/vite@6.4.1_jiti@1.21.7_yaml@2.8.2/node_modules/vite/dist/node/module-runner.js:1284:61)
[2026-01-27T22:19:02.802Z] at async SSRCompatModuleRunner.cachedRequest (file:///home/ubuntu/senec-design/node_modules/.pnpm/vite@6.4.1_jiti@1.21.7_yaml@2.8.2/node_modules/vite/dist/node/module-runner.js:1180:76)
[2026-01-27T22:19:02.802Z] at async ESModulesEvaluator.runInlinedModule (file:///home/ubuntu/senec-design/node_modules/.pnpm/vite@6.4.1_jiti@1.21.7_yaml@2.8.2/node_modules/vite/dist/node/module-runner.js:1062:5)
[2026-01-27T22:19:02.802Z] at async SSRCompatModuleRunner.directRequest (file:///home/ubuntu/senec-design/node_modules/.pnpm/vite@6.4.1_jiti@1.21.7_yaml@2.8.2/node_modules/vite/dist/node/chunks/dep-D4NMHUTW.js:25274:23)
[2026-01-27T22:19:02.802Z] at async SSRCompatModuleRunner.import (file:///home/ubuntu/senec-design/node_modules/.pnpm/vite@6.4.1_jiti@1.21.7_yaml@2.8.2/node_modules/vite/dist/node/module-runner.js:1117:12)
[2026-01-27T22:19:02.803Z] at async DevPipeline.preload (file:///home/ubuntu/senec-design/node_modules/.pnpm/astro@5.16.15_jiti@1.21.7_rollup@4.57.0_typescript@5.9.3_yaml@2.8.2/node_modules/astro/dist/vite-plugin-astro-server/pipeline.js:121:33)
[2026-01-27T22:19:02.803Z] at async getSortedPreloadedMatches (file:///home/ubuntu/senec-design/node_modules/.pnpm/astro@5.16.15_jiti@1.21.7_rollup@4.57.0_typescript@5.9.3_yaml@2.8.2/node_modules/astro/dist/prerender/routing.js:9:11)
[2026-01-27T22:19:02.803Z] at async run (file:///home/ubuntu/senec-design/node_modules/.pnpm/astro@5.16.15_jiti@1.21.7_rollup@4.57.0_typescript@5.9.3_yaml@2.8.2/node_modules/astro/dist/vite-plugin-astro-server/request.js:54:28)
[2026-01-27T22:19:02.803Z] at async handleRequest (file:///home/ubuntu/senec-design/node_modules/.pnpm/astro@5.16.15_jiti@1.21.7_rollup@4.57.0_typescript@5.9.3_yaml@2.8.2/node_modules/astro/dist/vite-plugin-astro-server/request.js:50:3)
[2026-01-27T22:19:03.793Z] 17:19:03 [ERROR] Cannot find module '@/components/ui/tooltip' imported from '/home/ubuntu/senec-design/src/components/SolarCalculator.tsx'
[2026-01-27T22:19:03.794Z] Stack trace:
[2026-01-27T22:19:03.794Z] at fetchModule (file:///home/ubuntu/senec-design/node_modules/.pnpm/vite@6.4.1_jiti@1.21.7_yaml@2.8.2/node_modules/vite/dist/node/chunks/dep-D4NMHUTW.js:46842:19)
[2026-01-27T22:19:03.794Z] [...] See full stack trace in the browser, or rerun with --verbose.
[2026-01-27T22:19:03.934Z] 17:19:03 [ERROR] Cannot find module '@/components/ui/tooltip' imported from '/home/ubuntu/senec-design/src/components/SolarCalculator.tsx'
[2026-01-27T22:19:03.934Z] Stack trace:
[2026-01-27T22:19:03.935Z] at fetchModule (file:///home/ubuntu/senec-design/node_modules/.pnpm/vite@6.4.1_jiti@1.21.7_yaml@2.8.2/node_modules/vite/dist/node/chunks/dep-D4NMHUTW.js:46842:19)
[2026-01-27T22:19:03.935Z] at fetchModule (file:///home/ubuntu/senec-design/node_modules/.pnpm/vite@6.4.1_jiti@1.21.7_yaml@2.8.2/node_modules/vite/dist/node/chunks/dep-D4NMHUTW.js:47887:21)
[2026-01-27T22:19:03.935Z] at EventEmitter.listenerForInvokeHandler (file:///home/ubuntu/senec-design/node_modules/.pnpm/vite@6.4.1_jiti@1.21.7_yaml@2.8.2/node_modules/vite/dist/node/chunks/dep-D4NMHUTW.js:39075:25)
[2026-01-27T22:19:03.935Z] at Object.send (file:///home/ubuntu/senec-design/node_modules/.pnpm/vite@6.4.1_jiti@1.21.7_yaml@2.8.2/node_modules/vite/dist/node/chunks/dep-D4NMHUTW.js:25190:40)
[2026-01-27T22:19:03.936Z] at Object.invoke (file:///home/ubuntu/senec-design/node_modules/.pnpm/vite@6.4.1_jiti@1.21.7_yaml@2.8.2/node_modules/vite/dist/node/module-runner.js:682:34)
[2026-01-27T22:19:03.936Z] at SSRCompatModuleRunner.cachedModule (file:///home/ubuntu/senec-design/node_modules/.pnpm/vite@6.4.1_jiti@1.21.7_yaml@2.8.2/node_modules/vite/dist/node/module-runner.js:1191:21)
[2026-01-27T22:19:03.936Z] at /home/ubuntu/senec-design/src/components/SolarCalculator.tsx:10:1
[2026-01-27T22:19:03.936Z] at async SSRCompatModuleRunner.directRequest (file:///home/ubuntu/senec-design/node_modules/.pnpm/vite@6.4.1_jiti@1.21.7_yaml@2.8.2/node_modules/vite/dist/node/module-runner.js:1284:61)
[2026-01-27T22:19:03.936Z] at async SSRCompatModuleRunner.cachedRequest (file:///home/ubuntu/senec-design/node_modules/.pnpm/vite@6.4.1_jiti@1.21.7_yaml@2.8.2/node_modules/vite/dist/node/module-runner.js:1180:76)
[2026-01-27T22:19:03.937Z] at async ESModulesEvaluator.runInlinedModule (file:///home/ubuntu/senec-design/node_modules/.pnpm/vite@6.4.1_jiti@1.21.7_yaml@2.8.2/node_modules/vite/dist/node/module-runner.js:1062:5)
[2026-01-27T22:19:03.937Z] at async SSRCompatModuleRunner.directRequest (file:///home/ubuntu/senec-design/node_modules/.pnpm/vite@6.4.1_jiti@1.21.7_yaml@2.8.2/node_modules/vite/dist/node/chunks/dep-D4NMHUTW.js:25274:23)
[2026-01-27T22:19:03.937Z] at async SSRCompatModuleRunner.import (file:///home/ubuntu/senec-design/node_modules/.pnpm/vite@6.4.1_jiti@1.21.7_yaml@2.8.2/node_modules/vite/dist/node/module-runner.js:1117:12)
[2026-01-27T22:19:03.938Z] at async DevPipeline.preload (file:///home/ubuntu/senec-design/node_modules/.pnpm/astro@5.16.15_jiti@1.21.7_rollup@4.57.0_typescript@5.9.3_yaml@2.8.2/node_modules/astro/dist/vite-plugin-astro-server/pipeline.js:121:33)
[2026-01-27T22:19:03.938Z] at async getSortedPreloadedMatches (file:///home/ubuntu/senec-design/node_modules/.pnpm/astro@5.16.15_jiti@1.21.7_rollup@4.57.0_typescript@5.9.3_yaml@2.8.2/node_modules/astro/dist/prerender/routing.js:9:11)
[2026-01-27T22:19:03.938Z] at async run (file:///home/ubuntu/senec-design/node_modules/.pnpm/astro@5.16.15_jiti@1.21.7_rollup@4.57.0_typescript@5.9.3_yaml@2.8.2/node_modules/astro/dist/vite-plugin-astro-server/request.js:54:28)
[2026-01-27T22:19:03.938Z] at async handleRequest (file:///home/ubuntu/senec-design/node_modules/.pnpm/astro@5.16.15_jiti@1.21.7_rollup@4.57.0_typescript@5.9.3_yaml@2.8.2/node_modules/astro/dist/vite-plugin-astro-server/request.js:50:3)
[2026-01-27T22:19:05.154Z] 17:19:05 [ERROR] Cannot find module '@/components/ui/tooltip' imported from '/home/ubuntu/senec-design/src/components/SolarCalculator.tsx'
[2026-01-27T22:19:05.155Z] Stack trace:
[2026-01-27T22:19:05.155Z] at fetchModule (file:///home/ubuntu/senec-design/node_modules/.pnpm/vite@6.4.1_jiti@1.21.7_yaml@2.8.2/node_modules/vite/dist/node/chunks/dep-D4NMHUTW.js:46842:19)
[2026-01-27T22:19:05.155Z] [...] See full stack trace in the browser, or rerun with --verbose.
[2026-01-27T22:19:06.142Z] 17:19:06 [ERROR] Cannot find module '@/components/ui/tooltip' imported from '/home/ubuntu/senec-design/src/components/SolarCalculator.tsx'
[2026-01-27T22:19:06.143Z] Stack trace:
[2026-01-27T22:19:06.143Z] at fetchModule (file:///home/ubuntu/senec-design/node_modules/.pnpm/vite@6.4.1_jiti@1.21.7_yaml@2.8.2/node_modules/vite/dist/node/chunks/dep-D4NMHUTW.js:46842:19)
[2026-01-27T22:19:06.143Z] at fetchModule (file:///home/ubuntu/senec-design/node_modules/.pnpm/vite@6.4.1_jiti@1.21.7_yaml@2.8.2/node_modules/vite/dist/node/chunks/dep-D4NMHUTW.js:47887:21)
[2026-01-27T22:19:06.144Z] at EventEmitter.listenerForInvokeHandler (file:///home/ubuntu/senec-design/node_modules/.pnpm/vite@6.4.1_jiti@1.21.7_yaml@2.8.2/node_modules/vite/dist/node/chunks/dep-D4NMHUTW.js:39075:25)
[2026-01-27T22:19:06.144Z] at Object.send (file:///home/ubuntu/senec-design/node_modules/.pnpm/vite@6.4.1_jiti@1.21.7_yaml@2.8.2/node_modules/vite/dist/node/chunks/dep-D4NMHUTW.js:25190:40)
[2026-01-27T22:19:06.144Z] at Object.invoke (file:///home/ubuntu/senec-design/node_modules/.pnpm/vite@6.4.1_jiti@1.21.7_yaml@2.8.2/node_modules/vite/dist/node/module-runner.js:682:34)
[2026-01-27T22:19:06.144Z] at SSRCompatModuleRunner.cachedModule (file:///home/ubuntu/senec-design/node_modules/.pnpm/vite@6.4.1_jiti@1.21.7_yaml@2.8.2/node_modules/vite/dist/node/module-runner.js:1191:21)
[2026-01-27T22:19:06.144Z] at /home/ubuntu/senec-design/src/components/SolarCalculator.tsx:10:1
[2026-01-27T22:19:06.144Z] at async SSRCompatModuleRunner.directRequest (file:///home/ubuntu/senec-design/node_modules/.pnpm/vite@6.4.1_jiti@1.21.7_yaml@2.8.2/node_modules/vite/dist/node/module-runner.js:1284:61)
[2026-01-27T22:19:06.145Z] at async SSRCompatModuleRunner.cachedRequest (file:///home/ubuntu/senec-design/node_modules/.pnpm/vite@6.4.1_jiti@1.21.7_yaml@2.8.2/node_modules/vite/dist/node/module-runner.js:1180:76)
[2026-01-27T22:19:06.145Z] at async ESModulesEvaluator.runInlinedModule (file:///home/ubuntu/senec-design/node_modules/.pnpm/vite@6.4.1_jiti@1.21.7_yaml@2.8.2/node_modules/vite/dist/node/module-runner.js:1062:5)
[2026-01-27T22:19:06.145Z] at async SSRCompatModuleRunner.directRequest (file:///home/ubuntu/senec-design/node_modules/.pnpm/vite@6.4.1_jiti@1.21.7_yaml@2.8.2/node_modules/vite/dist/node/chunks/dep-D4NMHUTW.js:25274:23)
[2026-01-27T22:19:06.145Z] at async SSRCompatModuleRunner.import (file:///home/ubuntu/senec-design/node_modules/.pnpm/vite@6.4.1_jiti@1.21.7_yaml@2.8.2/node_modules/vite/dist/node/module-runner.js:1117:12)
[2026-01-27T22:19:06.145Z] at async DevPipeline.preload (file:///home/ubuntu/senec-design/node_modules/.pnpm/astro@5.16.15_jiti@1.21.7_rollup@4.57.0_typescript@5.9.3_yaml@2.8.2/node_modules/astro/dist/vite-plugin-astro-server/pipeline.js:121:33)
[2026-01-27T22:19:06.146Z] at async getSortedPreloadedMatches (file:///home/ubuntu/senec-design/node_modules/.pnpm/astro@5.16.15_jiti@1.21.7_rollup@4.57.0_typescript@5.9.3_yaml@2.8.2/node_modules/astro/dist/prerender/routing.js:9:11)
[2026-01-27T22:19:06.146Z] at async run (file:///home/ubuntu/senec-design/node_modules/.pnpm/astro@5.16.15_jiti@1.21.7_rollup@4.57.0_typescript@5.9.3_yaml@2.8.2/node_modules/astro/dist/vite-plugin-astro-server/request.js:54:28)
[2026-01-27T22:19:06.146Z] at async handleRequest (file:///home/ubuntu/senec-design/node_modules/.pnpm/astro@5.16.15_jiti@1.21.7_rollup@4.57.0_typescript@5.9.3_yaml@2.8.2/node_modules/astro/dist/vite-plugin-astro-server/request.js:50:3)
[2026-01-27T22:19:07.180Z] 17:19:07 [ERROR] Cannot find module '@/components/ui/tooltip' imported from '/home/ubuntu/senec-design/src/components/SolarCalculator.tsx'
[2026-01-27T22:19:07.181Z] Stack trace:
[2026-01-27T22:19:07.181Z] at fetchModule (file:///home/ubuntu/senec-design/node_modules/.pnpm/vite@6.4.1_jiti@1.21.7_yaml@2.8.2/node_modules/vite/dist/node/chunks/dep-D4NMHUTW.js:46842:19)
[2026-01-27T22:19:07.181Z] [...] See full stack trace in the browser, or rerun with --verbose.
[2026-01-27T22:19:08.149Z] 17:19:08 [ERROR] Cannot find module '@/components/ui/tooltip' imported from '/home/ubuntu/senec-design/src/components/SolarCalculator.tsx'
[2026-01-27T22:19:08.150Z] Stack trace:
[2026-01-27T22:19:08.150Z] at fetchModule (file:///home/ubuntu/senec-design/node_modules/.pnpm/vite@6.4.1_jiti@1.21.7_yaml@2.8.2/node_modules/vite/dist/node/chunks/dep-D4NMHUTW.js:46842:19)
[2026-01-27T22:19:08.151Z] at fetchModule (file:///home/ubuntu/senec-design/node_modules/.pnpm/vite@6.4.1_jiti@1.21.7_yaml@2.8.2/node_modules/vite/dist/node/chunks/dep-D4NMHUTW.js:47887:21)
[2026-01-27T22:19:08.151Z] at EventEmitter.listenerForInvokeHandler (file:///home/ubuntu/senec-design/node_modules/.pnpm/vite@6.4.1_jiti@1.21.7_yaml@2.8.2/node_modules/vite/dist/node/chunks/dep-D4NMHUTW.js:39075:25)
[2026-01-27T22:19:08.151Z] at Object.send (file:///home/ubuntu/senec-design/node_modules/.pnpm/vite@6.4.1_jiti@1.21.7_yaml@2.8.2/node_modules/vite/dist/node/chunks/dep-D4NMHUTW.js:25190:40)
[2026-01-27T22:19:08.151Z] at Object.invoke (file:///home/ubuntu/senec-design/node_modules/.pnpm/vite@6.4.1_jiti@1.21.7_yaml@2.8.2/node_modules/vite/dist/node/module-runner.js:682:34)
[2026-01-27T22:19:08.151Z] at SSRCompatModuleRunner.cachedModule (file:///home/ubuntu/senec-design/node_modules/.pnpm/vite@6.4.1_jiti@1.21.7_yaml@2.8.2/node_modules/vite/dist/node/module-runner.js:1191:21)
[2026-01-27T22:19:08.151Z] at /home/ubuntu/senec-design/src/components/SolarCalculator.tsx:10:1
[2026-01-27T22:19:08.152Z] at async SSRCompatModuleRunner.directRequest (file:///home/ubuntu/senec-design/node_modules/.pnpm/vite@6.4.1_jiti@1.21.7_yaml@2.8.2/node_modules/vite/dist/node/module-runner.js:1284:61)
[2026-01-27T22:19:08.152Z] at async SSRCompatModuleRunner.cachedRequest (file:///home/ubuntu/senec-design/node_modules/.pnpm/vite@6.4.1_jiti@1.21.7_yaml@2.8.2/node_modules/vite/dist/node/module-runner.js:1180:76)
[2026-01-27T22:19:08.152Z] at async ESModulesEvaluator.runInlinedModule (file:///home/ubuntu/senec-design/node_modules/.pnpm/vite@6.4.1_jiti@1.21.7_yaml@2.8.2/node_modules/vite/dist/node/module-runner.js:1062:5)
[2026-01-27T22:19:08.152Z] at async SSRCompatModuleRunner.directRequest (file:///home/ubuntu/senec-design/node_modules/.pnpm/vite@6.4.1_jiti@1.21.7_yaml@2.8.2/node_modules/vite/dist/node/chunks/dep-D4NMHUTW.js:25274:23)
[2026-01-27T22:19:08.152Z] at async SSRCompatModuleRunner.import (file:///home/ubuntu/senec-design/node_modules/.pnpm/vite@6.4.1_jiti@1.21.7_yaml@2.8.2/node_modules/vite/dist/node/module-runner.js:1117:12)
[2026-01-27T22:19:08.152Z] at async DevPipeline.preload (file:///home/ubuntu/senec-design/node_modules/.pnpm/astro@5.16.15_jiti@1.21.7_rollup@4.57.0_typescript@5.9.3_yaml@2.8.2/node_modules/astro/dist/vite-plugin-astro-server/pipeline.js:121:33)
[2026-01-27T22:19:08.153Z] at async getSortedPreloadedMatches (file:///home/ubuntu/senec-design/node_modules/.pnpm/astro@5.16.15_jiti@1.21.7_rollup@4.57.0_typescript@5.9.3_yaml@2.8.2/node_modules/astro/dist/prerender/routing.js:9:11)
[2026-01-27T22:19:08.153Z] at async run (file:///home/ubuntu/senec-design/node_modules/.pnpm/astro@5.16.15_jiti@1.21.7_rollup@4.57.0_typescript@5.9.3_yaml@2.8.2/node_modules/astro/dist/vite-plugin-astro-server/request.js:54:28)
[2026-01-27T22:19:08.153Z] at async handleRequest (file:///home/ubuntu/senec-design/node_modules/.pnpm/astro@5.16.15_jiti@1.21.7_rollup@4.57.0_typescript@5.9.3_yaml@2.8.2/node_modules/astro/dist/vite-plugin-astro-server/request.js:50:3)
[2026-01-27T22:19:08.715Z] 17:19:08 [ERROR] Cannot find module '@/components/ui/tooltip' imported from '/home/ubuntu/senec-design/src/components/SolarCalculator.tsx'
[2026-01-27T22:19:08.717Z] Stack trace:
[2026-01-27T22:19:08.720Z] at fetchModule (file:///home/ubuntu/senec-design/node_modules/.pnpm/vite@6.4.1_jiti@1.21.7_yaml@2.8.2/node_modules/vite/dist/node/chunks/dep-D4NMHUTW.js:46842:19)
[2026-01-27T22:19:08.722Z] [...] See full stack trace in the browser, or rerun with --verbose.
[2026-01-27T22:19:09.962Z] 17:19:09 [ERROR] Cannot find module '@/components/ui/tooltip' imported from '/home/ubuntu/senec-design/src/components/SolarCalculator.tsx'
[2026-01-27T22:19:09.963Z] Stack trace:
[2026-01-27T22:19:09.963Z] at fetchModule (file:///home/ubuntu/senec-design/node_modules/.pnpm/vite@6.4.1_jiti@1.21.7_yaml@2.8.2/node_modules/vite/dist/node/chunks/dep-D4NMHUTW.js:46842:19)
[2026-01-27T22:19:09.964Z] at fetchModule (file:///home/ubuntu/senec-design/node_modules/.pnpm/vite@6.4.1_jiti@1.21.7_yaml@2.8.2/node_modules/vite/dist/node/chunks/dep-D4NMHUTW.js:47887:21)
[2026-01-27T22:19:09.964Z] at EventEmitter.listenerForInvokeHandler (file:///home/ubuntu/senec-design/node_modules/.pnpm/vite@6.4.1_jiti@1.21.7_yaml@2.8.2/node_modules/vite/dist/node/chunks/dep-D4NMHUTW.js:39075:25)
[2026-01-27T22:19:09.964Z] at Object.send (file:///home/ubuntu/senec-design/node_modules/.pnpm/vite@6.4.1_jiti@1.21.7_yaml@2.8.2/node_modules/vite/dist/node/chunks/dep-D4NMHUTW.js:25190:40)
[2026-01-27T22:19:09.965Z] at Object.invoke (file:///home/ubuntu/senec-design/node_modules/.pnpm/vite@6.4.1_jiti@1.21.7_yaml@2.8.2/node_modules/vite/dist/node/module-runner.js:682:34)
[2026-01-27T22:19:09.965Z] at SSRCompatModuleRunner.cachedModule (file:///home/ubuntu/senec-design/node_modules/.pnpm/vite@6.4.1_jiti@1.21.7_yaml@2.8.2/node_modules/vite/dist/node/module-runner.js:1191:21)
[2026-01-27T22:19:09.965Z] at /home/ubuntu/senec-design/src/components/SolarCalculator.tsx:10:1
[2026-01-27T22:19:09.966Z] at async SSRCompatModuleRunner.directRequest (file:///home/ubuntu/senec-design/node_modules/.pnpm/vite@6.4.1_jiti@1.21.7_yaml@2.8.2/node_modules/vite/dist/node/module-runner.js:1284:61)
[2026-01-27T22:19:09.966Z] at async SSRCompatModuleRunner.cachedRequest (file:///home/ubuntu/senec-design/node_modules/.pnpm/vite@6.4.1_jiti@1.21.7_yaml@2.8.2/node_modules/vite/dist/node/module-runner.js:1180:76)
[2026-01-27T22:19:09.966Z] at async ESModulesEvaluator.runInlinedModule (file:///home/ubuntu/senec-design/node_modules/.pnpm/vite@6.4.1_jiti@1.21.7_yaml@2.8.2/node_modules/vite/dist/node/module-runner.js:1062:5)
[2026-01-27T22:19:09.967Z] at async SSRCompatModuleRunner.directRequest (file:///home/ubuntu/senec-design/node_modules/.pnpm/vite@6.4.1_jiti@1.21.7_yaml@2.8.2/node_modules/vite/dist/node/chunks/dep-D4NMHUTW.js:25274:23)
[2026-01-27T22:19:09.967Z] at async SSRCompatModuleRunner.import (file:///home/ubuntu/senec-design/node_modules/.pnpm/vite@6.4.1_jiti@1.21.7_yaml@2.8.2/node_modules/vite/dist/node/module-runner.js:1117:12)
[2026-01-27T22:19:09.968Z] at async DevPipeline.preload (file:///home/ubuntu/senec-design/node_modules/.pnpm/astro@5.16.15_jiti@1.21.7_rollup@4.57.0_typescript@5.9.3_yaml@2.8.2/node_modules/astro/dist/vite-plugin-astro-server/pipeline.js:121:33)
[2026-01-27T22:19:09.968Z] at async getSortedPreloadedMatches (file:///home/ubuntu/senec-design/node_modules/.pnpm/astro@5.16.15_jiti@1.21.7_rollup@4.57.0_typescript@5.9.3_yaml@2.8.2/node_modules/astro/dist/prerender/routing.js:9:11)
[2026-01-27T22:19:09.969Z] at async run (file:///home/ubuntu/senec-design/node_modules/.pnpm/astro@5.16.15_jiti@1.21.7_rollup@4.57.0_typescript@5.9.3_yaml@2.8.2/node_modules/astro/dist/vite-plugin-astro-server/request.js:54:28)
[2026-01-27T22:19:09.969Z] at async handleRequest (file:///home/ubuntu/senec-design/node_modules/.pnpm/astro@5.16.15_jiti@1.21.7_rollup@4.57.0_typescript@5.9.3_yaml@2.8.2/node_modules/astro/dist/vite-plugin-astro-server/request.js:50:3)
[2026-01-27T22:19:10.741Z] 17:19:10 [ERROR] Cannot find module '@radix-ui/react-tooltip' imported from '/home/ubuntu/senec-design/src/components/ui/tooltip.tsx'
[2026-01-27T22:19:10.742Z] Stack trace:
[2026-01-27T22:19:10.742Z] at fetchModule (file:///home/ubuntu/senec-design/node_modules/.pnpm/vite@6.4.1_jiti@1.21.7_yaml@2.8.2/node_modules/vite/dist/node/chunks/dep-D4NMHUTW.js:46842:19)
[2026-01-27T22:19:10.743Z] [...] See full stack trace in the browser, or rerun with --verbose.
[2026-01-27T22:19:11.048Z] 17:19:11 [ERROR] Cannot find module '@radix-ui/react-tooltip' imported from '/home/ubuntu/senec-design/src/components/ui/tooltip.tsx'
[2026-01-27T22:19:11.049Z] Stack trace:
[2026-01-27T22:19:11.050Z] at fetchModule (file:///home/ubuntu/senec-design/node_modules/.pnpm/vite@6.4.1_jiti@1.21.7_yaml@2.8.2/node_modules/vite/dist/node/chunks/dep-D4NMHUTW.js:46842:19)
[2026-01-27T22:19:11.050Z] at fetchModule (file:///home/ubuntu/senec-design/node_modules/.pnpm/vite@6.4.1_jiti@1.21.7_yaml@2.8.2/node_modules/vite/dist/node/chunks/dep-D4NMHUTW.js:47887:21)
[2026-01-27T22:19:11.051Z] at EventEmitter.listenerForInvokeHandler (file:///home/ubuntu/senec-design/node_modules/.pnpm/vite@6.4.1_jiti@1.21.7_yaml@2.8.2/node_modules/vite/dist/node/chunks/dep-D4NMHUTW.js:39075:25)
[2026-01-27T22:19:11.051Z] at Object.send (file:///home/ubuntu/senec-design/node_modules/.pnpm/vite@6.4.1_jiti@1.21.7_yaml@2.8.2/node_modules/vite/dist/node/chunks/dep-D4NMHUTW.js:25190:40)
[2026-01-27T22:19:11.051Z] at Object.invoke (file:///home/ubuntu/senec-design/node_modules/.pnpm/vite@6.4.1_jiti@1.21.7_yaml@2.8.2/node_modules/vite/dist/node/module-runner.js:682:34)
[2026-01-27T22:19:11.052Z] at SSRCompatModuleRunner.cachedModule (file:///home/ubuntu/senec-design/node_modules/.pnpm/vite@6.4.1_jiti@1.21.7_yaml@2.8.2/node_modules/vite/dist/node/module-runner.js:1191:21)
[2026-01-27T22:19:11.052Z] at /home/ubuntu/senec-design/src/components/ui/tooltip.tsx:2:1
[2026-01-27T22:19:11.052Z] at async SSRCompatModuleRunner.directRequest (file:///home/ubuntu/senec-design/node_modules/.pnpm/vite@6.4.1_jiti@1.21.7_yaml@2.8.2/node_modules/vite/dist/node/module-runner.js:1284:61)
[2026-01-27T22:19:11.052Z] at async SSRCompatModuleRunner.cachedRequest (file:///home/ubuntu/senec-design/node_modules/.pnpm/vite@6.4.1_jiti@1.21.7_yaml@2.8.2/node_modules/vite/dist/node/module-runner.js:1180:76)
[2026-01-27T22:19:11.052Z] at async ESModulesEvaluator.runInlinedModule (file:///home/ubuntu/senec-design/node_modules/.pnpm/vite@6.4.1_jiti@1.21.7_yaml@2.8.2/node_modules/vite/dist/node/module-runner.js:1062:5)
[2026-01-27T22:19:11.053Z] at async SSRCompatModuleRunner.directRequest (file:///home/ubuntu/senec-design/node_modules/.pnpm/vite@6.4.1_jiti@1.21.7_yaml@2.8.2/node_modules/vite/dist/node/chunks/dep-D4NMHUTW.js:25274:23)
[2026-01-27T22:19:11.053Z] at async eval (/home/ubuntu/senec-design/src/pages/index.astro:5:1)
[2026-01-27T22:19:11.053Z] at async SSRCompatModuleRunner.directRequest (file:///home/ubuntu/senec-design/node_modules/.pnpm/vite@6.4.1_jiti@1.21.7_yaml@2.8.2/node_modules/vite/dist/node/module-runner.js:1284:61)
[2026-01-27T22:19:11.053Z] at async SSRCompatModuleRunner.cachedRequest (file:///home/ubuntu/senec-design/node_modules/.pnpm/vite@6.4.1_jiti@1.21.7_yaml@2.8.2/node_modules/vite/dist/node/module-runner.js:1180:76)
[2026-01-27T22:19:11.054Z] at async instantiateModule (file:///home/ubuntu/senec-design/node_modules/.pnpm/vite@6.4.1_jiti@1.21.7_yaml@2.8.2/node_modules/vite/dist/node/chunks/dep-D4NMHUTW.js:25231:12)
[2026-01-27T22:19:11.054Z] at async preloadAndSetPrerenderStatus (file:///home/ubuntu/senec-design/node_modules/.pnpm/astro@5.16.15_jiti@1.21.7_rollup@4.57.0_typescript@5.9.3_yaml@2.8.2/node_modules/astro/dist/prerender/routing.js:31:32)
[2026-01-27T22:19:11.054Z] at async matchRoute (file:///home/ubuntu/senec-design/node_modules/.pnpm/astro@5.16.15_jiti@1.21.7_rollup@4.57.0_typescript@5.9.3_yaml@2.8.2/node_modules/astro/dist/vite-plugin-astro-server/route.js:34:28)
[2026-01-27T22:19:11.054Z] at async runWithErrorHandling (file:///home/ubuntu/senec-design/node_modules/.pnpm/astro@5.16.15_jiti@1.21.7_rollup@4.57.0_typescript@5.9.3_yaml@2.8.2/node_modules/astro/dist/vite-plugin-astro-server/controller.js:64:5)
[2026-01-27T22:19:13.159Z] 17:19:13 [ERROR] Cannot find module '@radix-ui/react-tooltip' imported from '/home/ubuntu/senec-design/src/components/ui/tooltip.tsx'
[2026-01-27T22:19:13.160Z] Stack trace:
[2026-01-27T22:19:13.160Z] at fetchModule (file:///home/ubuntu/senec-design/node_modules/.pnpm/vite@6.4.1_jiti@1.21.7_yaml@2.8.2/node_modules/vite/dist/node/chunks/dep-D4NMHUTW.js:46842:19)
[2026-01-27T22:19:13.161Z] [...] See full stack trace in the browser, or rerun with --verbose.
[2026-01-27T22:19:13.403Z] 17:19:13 [ERROR] Cannot find module '@radix-ui/react-tooltip' imported from '/home/ubuntu/senec-design/src/components/ui/tooltip.tsx'
[2026-01-27T22:19:13.404Z] Stack trace:
[2026-01-27T22:19:13.404Z] at fetchModule (file:///home/ubuntu/senec-design/node_modules/.pnpm/vite@6.4.1_jiti@1.21.7_yaml@2.8.2/node_modules/vite/dist/node/chunks/dep-D4NMHUTW.js:46842:19)
[2026-01-27T22:19:13.404Z] at fetchModule (file:///home/ubuntu/senec-design/node_modules/.pnpm/vite@6.4.1_jiti@1.21.7_yaml@2.8.2/node_modules/vite/dist/node/chunks/dep-D4NMHUTW.js:47887:21)
[2026-01-27T22:19:13.405Z] at EventEmitter.listenerForInvokeHandler (file:///home/ubuntu/senec-design/node_modules/.pnpm/vite@6.4.1_jiti@1.21.7_yaml@2.8.2/node_modules/vite/dist/node/chunks/dep-D4NMHUTW.js:39075:25)
[2026-01-27T22:19:13.405Z] at Object.send (file:///home/ubuntu/senec-design/node_modules/.pnpm/vite@6.4.1_jiti@1.21.7_yaml@2.8.2/node_modules/vite/dist/node/chunks/dep-D4NMHUTW.js:25190:40)
[2026-01-27T22:19:13.405Z] at Object.invoke (file:///home/ubuntu/senec-design/node_modules/.pnpm/vite@6.4.1_jiti@1.21.7_yaml@2.8.2/node_modules/vite/dist/node/module-runner.js:682:34)
[2026-01-27T22:19:13.406Z] at SSRCompatModuleRunner.cachedModule (file:///home/ubuntu/senec-design/node_modules/.pnpm/vite@6.4.1_jiti@1.21.7_yaml@2.8.2/node_modules/vite/dist/node/module-runner.js:1191:21)
[2026-01-27T22:19:13.406Z] at /home/ubuntu/senec-design/src/components/ui/tooltip.tsx:2:1
[2026-01-27T22:19:13.406Z] at async SSRCompatModuleRunner.directRequest (file:///home/ubuntu/senec-design/node_modules/.pnpm/vite@6.4.1_jiti@1.21.7_yaml@2.8.2/node_modules/vite/dist/node/module-runner.js:1284:61)
[2026-01-27T22:19:13.406Z] at async SSRCompatModuleRunner.cachedRequest (file:///home/ubuntu/senec-design/node_modules/.pnpm/vite@6.4.1_jiti@1.21.7_yaml@2.8.2/node_modules/vite/dist/node/module-runner.js:1180:76)
[2026-01-27T22:19:13.407Z] at async ESModulesEvaluator.runInlinedModule (file:///home/ubuntu/senec-design/node_modules/.pnpm/vite@6.4.1_jiti@1.21.7_yaml@2.8.2/node_modules/vite/dist/node/module-runner.js:1062:5)
[2026-01-27T22:19:13.407Z] at async SSRCompatModuleRunner.directRequest (file:///home/ubuntu/senec-design/node_modules/.pnpm/vite@6.4.1_jiti@1.21.7_yaml@2.8.2/node_modules/vite/dist/node/chunks/dep-D4NMHUTW.js:25274:23)
[2026-01-27T22:19:13.408Z] at async eval (/home/ubuntu/senec-design/src/pages/index.astro:5:1)
[2026-01-27T22:19:13.408Z] at async SSRCompatModuleRunner.directRequest (file:///home/ubuntu/senec-design/node_modules/.pnpm/vite@6.4.1_jiti@1.21.7_yaml@2.8.2/node_modules/vite/dist/node/module-runner.js:1284:61)
[2026-01-27T22:19:13.408Z] at async SSRCompatModuleRunner.cachedRequest (file:///home/ubuntu/senec-design/node_modules/.pnpm/vite@6.4.1_jiti@1.21.7_yaml@2.8.2/node_modules/vite/dist/node/module-runner.js:1180:76)
[2026-01-27T22:19:13.409Z] at async instantiateModule (file:///home/ubuntu/senec-design/node_modules/.pnpm/vite@6.4.1_jiti@1.21.7_yaml@2.8.2/node_modules/vite/dist/node/chunks/dep-D4NMHUTW.js:25231:12)
[2026-01-27T22:19:13.409Z] at async preloadAndSetPrerenderStatus (file:///home/ubuntu/senec-design/node_modules/.pnpm/astro@5.16.15_jiti@1.21.7_rollup@4.57.0_typescript@5.9.3_yaml@2.8.2/node_modules/astro/dist/prerender/routing.js:31:32)
[2026-01-27T22:19:13.409Z] at async matchRoute (file:///home/ubuntu/senec-design/node_modules/.pnpm/astro@5.16.15_jiti@1.21.7_rollup@4.57.0_typescript@5.9.3_yaml@2.8.2/node_modules/astro/dist/vite-plugin-astro-server/route.js:34:28)
[2026-01-27T22:19:13.409Z] at async runWithErrorHandling (file:///home/ubuntu/senec-design/node_modules/.pnpm/astro@5.16.15_jiti@1.21.7_rollup@4.57.0_typescript@5.9.3_yaml@2.8.2/node_modules/astro/dist/vite-plugin-astro-server/controller.js:64:5)
[2026-01-27T22:19:15.151Z] 17:19:15 [ERROR] Cannot find module '@radix-ui/react-tooltip' imported from '/home/ubuntu/senec-design/src/components/ui/tooltip.tsx'
[2026-01-27T22:19:15.152Z] Stack trace:
[2026-01-27T22:19:15.152Z] at fetchModule (file:///home/ubuntu/senec-design/node_modules/.pnpm/vite@6.4.1_jiti@1.21.7_yaml@2.8.2/node_modules/vite/dist/node/chunks/dep-D4NMHUTW.js:46842:19)
[2026-01-27T22:19:15.153Z] [...] See full stack trace in the browser, or rerun with --verbose.
[2026-01-27T22:19:15.734Z] 17:19:15 [ERROR] Cannot find module '@radix-ui/react-tooltip' imported from '/home/ubuntu/senec-design/src/components/ui/tooltip.tsx'
[2026-01-27T22:19:15.735Z] Stack trace:
[2026-01-27T22:19:15.735Z] at fetchModule (file:///home/ubuntu/senec-design/node_modules/.pnpm/vite@6.4.1_jiti@1.21.7_yaml@2.8.2/node_modules/vite/dist/node/chunks/dep-D4NMHUTW.js:46842:19)
[2026-01-27T22:19:15.736Z] at fetchModule (file:///home/ubuntu/senec-design/node_modules/.pnpm/vite@6.4.1_jiti@1.21.7_yaml@2.8.2/node_modules/vite/dist/node/chunks/dep-D4NMHUTW.js:47887:21)
[2026-01-27T22:19:15.736Z] at EventEmitter.listenerForInvokeHandler (file:///home/ubuntu/senec-design/node_modules/.pnpm/vite@6.4.1_jiti@1.21.7_yaml@2.8.2/node_modules/vite/dist/node/chunks/dep-D4NMHUTW.js:39075:25)
[2026-01-27T22:19:15.736Z] at Object.send (file:///home/ubuntu/senec-design/node_modules/.pnpm/vite@6.4.1_jiti@1.21.7_yaml@2.8.2/node_modules/vite/dist/node/chunks/dep-D4NMHUTW.js:25190:40)
[2026-01-27T22:19:15.736Z] at Object.invoke (file:///home/ubuntu/senec-design/node_modules/.pnpm/vite@6.4.1_jiti@1.21.7_yaml@2.8.2/node_modules/vite/dist/node/module-runner.js:682:34)
[2026-01-27T22:19:15.736Z] at SSRCompatModuleRunner.cachedModule (file:///home/ubuntu/senec-design/node_modules/.pnpm/vite@6.4.1_jiti@1.21.7_yaml@2.8.2/node_modules/vite/dist/node/module-runner.js:1191:21)
[2026-01-27T22:19:15.737Z] at /home/ubuntu/senec-design/src/components/ui/tooltip.tsx:2:1
[2026-01-27T22:19:15.737Z] at async SSRCompatModuleRunner.directRequest (file:///home/ubuntu/senec-design/node_modules/.pnpm/vite@6.4.1_jiti@1.21.7_yaml@2.8.2/node_modules/vite/dist/node/module-runner.js:1284:61)
[2026-01-27T22:19:15.737Z] at async SSRCompatModuleRunner.cachedRequest (file:///home/ubuntu/senec-design/node_modules/.pnpm/vite@6.4.1_jiti@1.21.7_yaml@2.8.2/node_modules/vite/dist/node/module-runner.js:1180:76)
[2026-01-27T22:19:15.737Z] at async ESModulesEvaluator.runInlinedModule (file:///home/ubuntu/senec-design/node_modules/.pnpm/vite@6.4.1_jiti@1.21.7_yaml@2.8.2/node_modules/vite/dist/node/module-runner.js:1062:5)
[2026-01-27T22:19:15.737Z] at async SSRCompatModuleRunner.directRequest (file:///home/ubuntu/senec-design/node_modules/.pnpm/vite@6.4.1_jiti@1.21.7_yaml@2.8.2/node_modules/vite/dist/node/chunks/dep-D4NMHUTW.js:25274:23)
[2026-01-27T22:19:15.738Z] at async eval (/home/ubuntu/senec-design/src/pages/index.astro:5:1)
[2026-01-27T22:19:15.738Z] at async SSRCompatModuleRunner.directRequest (file:///home/ubuntu/senec-design/node_modules/.pnpm/vite@6.4.1_jiti@1.21.7_yaml@2.8.2/node_modules/vite/dist/node/module-runner.js:1284:61)
[2026-01-27T22:19:15.738Z] at async SSRCompatModuleRunner.cachedRequest (file:///home/ubuntu/senec-design/node_modules/.pnpm/vite@6.4.1_jiti@1.21.7_yaml@2.8.2/node_modules/vite/dist/node/module-runner.js:1180:76)
[2026-01-27T22:19:15.738Z] at async instantiateModule (file:///home/ubuntu/senec-design/node_modules/.pnpm/vite@6.4.1_jiti@1.21.7_yaml@2.8.2/node_modules/vite/dist/node/chunks/dep-D4NMHUTW.js:25231:12)
[2026-01-27T22:19:15.738Z] at async preloadAndSetPrerenderStatus (file:///home/ubuntu/senec-design/node_modules/.pnpm/astro@5.16.15_jiti@1.21.7_rollup@4.57.0_typescript@5.9.3_yaml@2.8.2/node_modules/astro/dist/prerender/routing.js:31:32)
[2026-01-27T22:19:15.738Z] at async matchRoute (file:///home/ubuntu/senec-design/node_modules/.pnpm/astro@5.16.15_jiti@1.21.7_rollup@4.57.0_typescript@5.9.3_yaml@2.8.2/node_modules/astro/dist/vite-plugin-astro-server/route.js:34:28)
[2026-01-27T22:19:15.738Z] at async runWithErrorHandling (file:///home/ubuntu/senec-design/node_modules/.pnpm/astro@5.16.15_jiti@1.21.7_rollup@4.57.0_typescript@5.9.3_yaml@2.8.2/node_modules/astro/dist/vite-plugin-astro-server/controller.js:64:5)
[2026-01-27T22:19:17.147Z] 17:19:17 [ERROR] Cannot find module '@radix-ui/react-tooltip' imported from '/home/ubuntu/senec-design/src/components/ui/tooltip.tsx'
[2026-01-27T22:19:17.148Z] Stack trace:
[2026-01-27T22:19:17.148Z] at fetchModule (file:///home/ubuntu/senec-design/node_modules/.pnpm/vite@6.4.1_jiti@1.21.7_yaml@2.8.2/node_modules/vite/dist/node/chunks/dep-D4NMHUTW.js:46842:19)
[2026-01-27T22:19:17.148Z] [...] See full stack trace in the browser, or rerun with --verbose.
[2026-01-27T22:19:18.051Z] 17:19:18 [ERROR] Cannot find module '@radix-ui/react-tooltip' imported from '/home/ubuntu/senec-design/src/components/ui/tooltip.tsx'
[2026-01-27T22:19:18.052Z] Stack trace:
[2026-01-27T22:19:18.053Z] at fetchModule (file:///home/ubuntu/senec-design/node_modules/.pnpm/vite@6.4.1_jiti@1.21.7_yaml@2.8.2/node_modules/vite/dist/node/chunks/dep-D4NMHUTW.js:46842:19)
[2026-01-27T22:19:18.053Z] at fetchModule (file:///home/ubuntu/senec-design/node_modules/.pnpm/vite@6.4.1_jiti@1.21.7_yaml@2.8.2/node_modules/vite/dist/node/chunks/dep-D4NMHUTW.js:47887:21)
[2026-01-27T22:19:18.054Z] at EventEmitter.listenerForInvokeHandler (file:///home/ubuntu/senec-design/node_modules/.pnpm/vite@6.4.1_jiti@1.21.7_yaml@2.8.2/node_modules/vite/dist/node/chunks/dep-D4NMHUTW.js:39075:25)
[2026-01-27T22:19:18.054Z] at Object.send (file:///home/ubuntu/senec-design/node_modules/.pnpm/vite@6.4.1_jiti@1.21.7_yaml@2.8.2/node_modules/vite/dist/node/chunks/dep-D4NMHUTW.js:25190:40)
[2026-01-27T22:19:18.054Z] at Object.invoke (file:///home/ubuntu/senec-design/node_modules/.pnpm/vite@6.4.1_jiti@1.21.7_yaml@2.8.2/node_modules/vite/dist/node/module-runner.js:682:34)
[2026-01-27T22:19:18.054Z] at SSRCompatModuleRunner.cachedModule (file:///home/ubuntu/senec-design/node_modules/.pnpm/vite@6.4.1_jiti@1.21.7_yaml@2.8.2/node_modules/vite/dist/node/module-runner.js:1191:21)
[2026-01-27T22:19:18.054Z] at /home/ubuntu/senec-design/src/components/ui/tooltip.tsx:2:1
[2026-01-27T22:19:18.055Z] at async SSRCompatModuleRunner.directRequest (file:///home/ubuntu/senec-design/node_modules/.pnpm/vite@6.4.1_jiti@1.21.7_yaml@2.8.2/node_modules/vite/dist/node/module-runner.js:1284:61)
[2026-01-27T22:19:18.055Z] at async SSRCompatModuleRunner.cachedRequest (file:///home/ubuntu/senec-design/node_modules/.pnpm/vite@6.4.1_jiti@1.21.7_yaml@2.8.2/node_modules/vite/dist/node/module-runner.js:1180:76)
[2026-01-27T22:19:18.055Z] at async ESModulesEvaluator.runInlinedModule (file:///home/ubuntu/senec-design/node_modules/.pnpm/vite@6.4.1_jiti@1.21.7_yaml@2.8.2/node_modules/vite/dist/node/module-runner.js:1062:5)
[2026-01-27T22:19:18.055Z] at async SSRCompatModuleRunner.directRequest (file:///home/ubuntu/senec-design/node_modules/.pnpm/vite@6.4.1_jiti@1.21.7_yaml@2.8.2/node_modules/vite/dist/node/chunks/dep-D4NMHUTW.js:25274:23)
[2026-01-27T22:19:18.055Z] at async eval (/home/ubuntu/senec-design/src/pages/index.astro:5:1)
[2026-01-27T22:19:18.056Z] at async SSRCompatModuleRunner.directRequest (file:///home/ubuntu/senec-design/node_modules/.pnpm/vite@6.4.1_jiti@1.21.7_yaml@2.8.2/node_modules/vite/dist/node/module-runner.js:1284:61)
[2026-01-27T22:19:18.056Z] at async SSRCompatModuleRunner.cachedRequest (file:///home/ubuntu/senec-design/node_modules/.pnpm/vite@6.4.1_jiti@1.21.7_yaml@2.8.2/node_modules/vite/dist/node/module-runner.js:1180:76)
[2026-01-27T22:19:18.056Z] at async instantiateModule (file:///home/ubuntu/senec-design/node_modules/.pnpm/vite@6.4.1_jiti@1.21.7_yaml@2.8.2/node_modules/vite/dist/node/chunks/dep-D4NMHUTW.js:25231:12)
[2026-01-27T22:19:18.056Z] at async preloadAndSetPrerenderStatus (file:///home/ubuntu/senec-design/node_modules/.pnpm/astro@5.16.15_jiti@1.21.7_rollup@4.57.0_typescript@5.9.3_yaml@2.8.2/node_modules/astro/dist/prerender/routing.js:31:32)
[2026-01-27T22:19:18.056Z] at async matchRoute (file:///home/ubuntu/senec-design/node_modules/.pnpm/astro@5.16.15_jiti@1.21.7_rollup@4.57.0_typescript@5.9.3_yaml@2.8.2/node_modules/astro/dist/vite-plugin-astro-server/route.js:34:28)
[2026-01-27T22:19:18.056Z] at async runWithErrorHandling (file:///home/ubuntu/senec-design/node_modules/.pnpm/astro@5.16.15_jiti@1.21.7_rollup@4.57.0_typescript@5.9.3_yaml@2.8.2/node_modules/astro/dist/vite-plugin-astro-server/controller.js:64:5)
[2026-01-27T22:19:20.140Z] 17:19:20 [ERROR] Cannot find module '@radix-ui/react-tooltip' imported from '/home/ubuntu/senec-design/src/components/ui/tooltip.tsx'
[2026-01-27T22:19:20.141Z] Stack trace:
[2026-01-27T22:19:20.141Z] at fetchModule (file:///home/ubuntu/senec-design/node_modules/.pnpm/vite@6.4.1_jiti@1.21.7_yaml@2.8.2/node_modules/vite/dist/node/chunks/dep-D4NMHUTW.js:46842:19)
[2026-01-27T22:19:20.141Z] [...] See full stack trace in the browser, or rerun with --verbose.
[2026-01-27T22:19:20.383Z] 17:19:20 [ERROR] Cannot find module '@radix-ui/react-tooltip' imported from '/home/ubuntu/senec-design/src/components/ui/tooltip.tsx'
[2026-01-27T22:19:20.384Z] Stack trace:
[2026-01-27T22:19:20.384Z] at fetchModule (file:///home/ubuntu/senec-design/node_modules/.pnpm/vite@6.4.1_jiti@1.21.7_yaml@2.8.2/node_modules/vite/dist/node/chunks/dep-D4NMHUTW.js:46842:19)
[2026-01-27T22:19:20.385Z] at fetchModule (file:///home/ubuntu/senec-design/node_modules/.pnpm/vite@6.4.1_jiti@1.21.7_yaml@2.8.2/node_modules/vite/dist/node/chunks/dep-D4NMHUTW.js:47887:21)
[2026-01-27T22:19:20.385Z] at EventEmitter.listenerForInvokeHandler (file:///home/ubuntu/senec-design/node_modules/.pnpm/vite@6.4.1_jiti@1.21.7_yaml@2.8.2/node_modules/vite/dist/node/chunks/dep-D4NMHUTW.js:39075:25)
[2026-01-27T22:19:20.385Z] at Object.send (file:///home/ubuntu/senec-design/node_modules/.pnpm/vite@6.4.1_jiti@1.21.7_yaml@2.8.2/node_modules/vite/dist/node/chunks/dep-D4NMHUTW.js:25190:40)
[2026-01-27T22:19:20.385Z] at Object.invoke (file:///home/ubuntu/senec-design/node_modules/.pnpm/vite@6.4.1_jiti@1.21.7_yaml@2.8.2/node_modules/vite/dist/node/module-runner.js:682:34)
[2026-01-27T22:19:20.385Z] at SSRCompatModuleRunner.cachedModule (file:///home/ubuntu/senec-design/node_modules/.pnpm/vite@6.4.1_jiti@1.21.7_yaml@2.8.2/node_modules/vite/dist/node/module-runner.js:1191:21)
[2026-01-27T22:19:20.385Z] at /home/ubuntu/senec-design/src/components/ui/tooltip.tsx:2:1
[2026-01-27T22:19:20.386Z] at async SSRCompatModuleRunner.directRequest (file:///home/ubuntu/senec-design/node_modules/.pnpm/vite@6.4.1_jiti@1.21.7_yaml@2.8.2/node_modules/vite/dist/node/module-runner.js:1284:61)
[2026-01-27T22:19:20.386Z] at async SSRCompatModuleRunner.cachedRequest (file:///home/ubuntu/senec-design/node_modules/.pnpm/vite@6.4.1_jiti@1.21.7_yaml@2.8.2/node_modules/vite/dist/node/module-runner.js:1180:76)
[2026-01-27T22:19:20.386Z] at async ESModulesEvaluator.runInlinedModule (file:///home/ubuntu/senec-design/node_modules/.pnpm/vite@6.4.1_jiti@1.21.7_yaml@2.8.2/node_modules/vite/dist/node/module-runner.js:1062:5)
[2026-01-27T22:19:20.386Z] at async SSRCompatModuleRunner.directRequest (file:///home/ubuntu/senec-design/node_modules/.pnpm/vite@6.4.1_jiti@1.21.7_yaml@2.8.2/node_modules/vite/dist/node/chunks/dep-D4NMHUTW.js:25274:23)
[2026-01-27T22:19:20.386Z] at async eval (/home/ubuntu/senec-design/src/pages/index.astro:5:1)
[2026-01-27T22:19:20.386Z] at async SSRCompatModuleRunner.directRequest (file:///home/ubuntu/senec-design/node_modules/.pnpm/vite@6.4.1_jiti@1.21.7_yaml@2.8.2/node_modules/vite/dist/node/module-runner.js:1284:61)
[2026-01-27T22:19:20.387Z] at async SSRCompatModuleRunner.cachedRequest (file:///home/ubuntu/senec-design/node_modules/.pnpm/vite@6.4.1_jiti@1.21.7_yaml@2.8.2/node_modules/vite/dist/node/module-runner.js:1180:76)
[2026-01-27T22:19:20.387Z] at async instantiateModule (file:///home/ubuntu/senec-design/node_modules/.pnpm/vite@6.4.1_jiti@1.21.7_yaml@2.8.2/node_modules/vite/dist/node/chunks/dep-D4NMHUTW.js:25231:12)
[2026-01-27T22:19:20.387Z] at async preloadAndSetPrerenderStatus (file:///home/ubuntu/senec-design/node_modules/.pnpm/astro@5.16.15_jiti@1.21.7_rollup@4.57.0_typescript@5.9.3_yaml@2.8.2/node_modules/astro/dist/prerender/routing.js:31:32)
[2026-01-27T22:19:20.387Z] at async matchRoute (file:///home/ubuntu/senec-design/node_modules/.pnpm/astro@5.16.15_jiti@1.21.7_rollup@4.57.0_typescript@5.9.3_yaml@2.8.2/node_modules/astro/dist/vite-plugin-astro-server/route.js:34:28)
[2026-01-27T22:19:20.387Z] at async runWithErrorHandling (file:///home/ubuntu/senec-design/node_modules/.pnpm/astro@5.16.15_jiti@1.21.7_rollup@4.57.0_typescript@5.9.3_yaml@2.8.2/node_modules/astro/dist/vite-plugin-astro-server/controller.js:64:5)
[2026-01-27T22:19:22.139Z] 17:19:22 [ERROR] Cannot find module '@radix-ui/react-tooltip' imported from '/home/ubuntu/senec-design/src/components/ui/tooltip.tsx'
[2026-01-27T22:19:22.140Z] Stack trace:
[2026-01-27T22:19:22.141Z] at fetchModule (file:///home/ubuntu/senec-design/node_modules/.pnpm/vite@6.4.1_jiti@1.21.7_yaml@2.8.2/node_modules/vite/dist/node/chunks/dep-D4NMHUTW.js:46842:19)
[2026-01-27T22:19:22.141Z] [...] See full stack trace in the browser, or rerun with --verbose.
[2026-01-27T22:19:22.792Z] 17:19:22 [ERROR] Cannot find module '@radix-ui/react-tooltip' imported from '/home/ubuntu/senec-design/src/components/ui/tooltip.tsx'
[2026-01-27T22:19:22.793Z] Stack trace:
[2026-01-27T22:19:22.794Z] at fetchModule (file:///home/ubuntu/senec-design/node_modules/.pnpm/vite@6.4.1_jiti@1.21.7_yaml@2.8.2/node_modules/vite/dist/node/chunks/dep-D4NMHUTW.js:46842:19)
[2026-01-27T22:19:22.794Z] at fetchModule (file:///home/ubuntu/senec-design/node_modules/.pnpm/vite@6.4.1_jiti@1.21.7_yaml@2.8.2/node_modules/vite/dist/node/chunks/dep-D4NMHUTW.js:47887:21)
[2026-01-27T22:19:22.794Z] at EventEmitter.listenerForInvokeHandler (file:///home/ubuntu/senec-design/node_modules/.pnpm/vite@6.4.1_jiti@1.21.7_yaml@2.8.2/node_modules/vite/dist/node/chunks/dep-D4NMHUTW.js:39075:25)
[2026-01-27T22:19:22.794Z] at Object.send (file:///home/ubuntu/senec-design/node_modules/.pnpm/vite@6.4.1_jiti@1.21.7_yaml@2.8.2/node_modules/vite/dist/node/chunks/dep-D4NMHUTW.js:25190:40)
[2026-01-27T22:19:22.794Z] at Object.invoke (file:///home/ubuntu/senec-design/node_modules/.pnpm/vite@6.4.1_jiti@1.21.7_yaml@2.8.2/node_modules/vite/dist/node/module-runner.js:682:34)
[2026-01-27T22:19:22.795Z] at SSRCompatModuleRunner.cachedModule (file:///home/ubuntu/senec-design/node_modules/.pnpm/vite@6.4.1_jiti@1.21.7_yaml@2.8.2/node_modules/vite/dist/node/module-runner.js:1191:21)
[2026-01-27T22:19:22.795Z] at /home/ubuntu/senec-design/src/components/ui/tooltip.tsx:2:1
[2026-01-27T22:19:22.795Z] at async SSRCompatModuleRunner.directRequest (file:///home/ubuntu/senec-design/node_modules/.pnpm/vite@6.4.1_jiti@1.21.7_yaml@2.8.2/node_modules/vite/dist/node/module-runner.js:1284:61)
[2026-01-27T22:19:22.795Z] at async SSRCompatModuleRunner.cachedRequest (file:///home/ubuntu/senec-design/node_modules/.pnpm/vite@6.4.1_jiti@1.21.7_yaml@2.8.2/node_modules/vite/dist/node/module-runner.js:1180:76)
[2026-01-27T22:19:22.795Z] at async ESModulesEvaluator.runInlinedModule (file:///home/ubuntu/senec-design/node_modules/.pnpm/vite@6.4.1_jiti@1.21.7_yaml@2.8.2/node_modules/vite/dist/node/module-runner.js:1062:5)
[2026-01-27T22:19:22.795Z] at async SSRCompatModuleRunner.directRequest (file:///home/ubuntu/senec-design/node_modules/.pnpm/vite@6.4.1_jiti@1.21.7_yaml@2.8.2/node_modules/vite/dist/node/chunks/dep-D4NMHUTW.js:25274:23)
[2026-01-27T22:19:22.795Z] at async eval (/home/ubuntu/senec-design/src/pages/index.astro:5:1)
[2026-01-27T22:19:22.796Z] at async SSRCompatModuleRunner.directRequest (file:///home/ubuntu/senec-design/node_modules/.pnpm/vite@6.4.1_jiti@1.21.7_yaml@2.8.2/node_modules/vite/dist/node/module-runner.js:1284:61)
[2026-01-27T22:19:22.796Z] at async SSRCompatModuleRunner.cachedRequest (file:///home/ubuntu/senec-design/node_modules/.pnpm/vite@6.4.1_jiti@1.21.7_yaml@2.8.2/node_modules/vite/dist/node/module-runner.js:1180:76)
[2026-01-27T22:19:22.796Z] at async instantiateModule (file:///home/ubuntu/senec-design/node_modules/.pnpm/vite@6.4.1_jiti@1.21.7_yaml@2.8.2/node_modules/vite/dist/node/chunks/dep-D4NMHUTW.js:25231:12)
[2026-01-27T22:19:22.796Z] at async preloadAndSetPrerenderStatus (file:///home/ubuntu/senec-design/node_modules/.pnpm/astro@5.16.15_jiti@1.21.7_rollup@4.57.0_typescript@5.9.3_yaml@2.8.2/node_modules/astro/dist/prerender/routing.js:31:32)
[2026-01-27T22:19:22.796Z] at async matchRoute (file:///home/ubuntu/senec-design/node_modules/.pnpm/astro@5.16.15_jiti@1.21.7_rollup@4.57.0_typescript@5.9.3_yaml@2.8.2/node_modules/astro/dist/vite-plugin-astro-server/route.js:34:28)
[2026-01-27T22:19:22.796Z] at async runWithErrorHandling (file:///home/ubuntu/senec-design/node_modules/.pnpm/astro@5.16.15_jiti@1.21.7_rollup@4.57.0_typescript@5.9.3_yaml@2.8.2/node_modules/astro/dist/vite-plugin-astro-server/controller.js:64:5)
[2026-01-27T22:19:24.151Z] 17:19:24 [ERROR] Cannot find module '@radix-ui/react-tooltip' imported from '/home/ubuntu/senec-design/src/components/ui/tooltip.tsx'
[2026-01-27T22:19:24.152Z] Stack trace:
[2026-01-27T22:19:24.153Z] at fetchModule (file:///home/ubuntu/senec-design/node_modules/.pnpm/vite@6.4.1_jiti@1.21.7_yaml@2.8.2/node_modules/vite/dist/node/chunks/dep-D4NMHUTW.js:46842:19)
[2026-01-27T22:19:24.153Z] [...] See full stack trace in the browser, or rerun with --verbose.
[2026-01-27T22:19:24.949Z] 17:19:24 Configuration file updated. Restarting...
[2026-01-27T22:19:25.023Z] 17:19:25 [vite] Re-optimizing dependencies because lockfile has changed
[2026-01-27T22:19:25.152Z] 17:19:25 [content] Syncing content
[2026-01-27T22:19:25.156Z] 17:19:25 [content] Synced content
[2026-01-27T22:19:25.157Z] 17:19:25 [types] Generated 159ms
[2026-01-27T22:19:25.160Z] 17:19:25 [vite] Re-optimizing dependencies because vite config has changed
[2026-01-27T22:19:27.601Z] 17:19:27 [200] HEAD / 141ms
[2026-01-27T22:19:27.602Z] 17:19:27 [200] / 143ms
[2026-01-27T22:19:30.448Z] 17:19:30 [200] / 28ms
[2026-01-27T22:19:32.996Z] Dev server process group stopped
[2026-01-27T22:19:33.012Z] ELIFECYCLE  Command failed.
[2026-01-27T22:19:33.020Z] Dev server exited with code -15
[2026-01-27T22:19:36.013Z] Starting dev server with command: pnpm run dev
[2026-01-27T22:19:36.285Z] 
[2026-01-27T22:19:36.286Z] > senec-design@0.0.1 dev /home/ubuntu/senec-design
[2026-01-27T22:19:36.286Z] > astro dev --host
[2026-01-27T22:19:36.287Z] 
[2026-01-27T22:19:37.531Z] 17:19:37 [types] Generated 1ms
[2026-01-27T22:19:37.543Z] 17:19:37 [content] Syncing content
[2026-01-27T22:19:37.556Z] 17:19:37 [content] Synced content
[2026-01-27T22:19:37.565Z] 
[2026-01-27T22:19:37.565Z] astro  v5.16.15 ready in 363 ms
[2026-01-27T22:19:37.565Z] 
[2026-01-27T22:19:37.566Z] ┃ Local    http://localhost:3000/
[2026-01-27T22:19:37.566Z] ┃ Network  http://169.254.0.21:3000/
[2026-01-27T22:19:37.566Z] 
[2026-01-27T22:19:37.567Z] 17:19:37 watching for file changes...
[2026-01-27T22:19:39.436Z] 17:19:39 [200] / 262ms
[2026-01-27T22:19:39.438Z] 17:19:39 [200] / 264ms
[2026-01-27T22:19:42.106Z] 17:19:42 [200] / 22ms
[2026-01-27T22:19:44.707Z] 17:19:44 [200] / 22ms
[2026-01-27T22:19:47.258Z] 17:19:47 [200] / 23ms
[2026-01-27T22:19:49.871Z] 17:19:49 [200] / 23ms
[2026-01-27T22:19:52.458Z] 17:19:52 [200] / 23ms
